{"target": 78.3019793724368, "params": {"x": -2.8613843379732, "y": -2.9015909976630025}, "datetime": {"datetime": "2020-11-28 11:51:25", "elapsed": 139.625718, "delta": 1.409734}}
{"target": 78.30518813794286, "params": {"x": -2.8818973102431924, "y": -2.870104981458778}, "datetime": {"datetime": "2020-11-28 11:51:26", "elapsed": 140.491369, "delta": 0.865651}}
{"target": 78.31202303345336, "params": {"x": -2.931273455323715, "y": -2.9234128009021285}, "datetime": {"datetime": "2020-11-28 11:51:27", "elapsed": 141.510799, "delta": 1.01943}}
{"target": 78.27960739087189, "params": {"x": -2.9333308473179134, "y": -2.8567733036819254}, "datetime": {"datetime": "2020-11-28 11:51:28", "elapsed": 142.564221, "delta": 1.053422}}
{"target": 78.22829911207671, "params": {"x": -2.8281708431930106, "y": -2.881553619802574}, "datetime": {"datetime": "2020-11-28 11:51:29", "elapsed": 143.582517, "delta": 1.018296}}
{"target": 78.2636157062181, "params": {"x": -2.840634092593788, "y": -2.89348353874694}, "datetime": {"datetime": "2020-11-28 11:51:30", "elapsed": 144.26166, "delta": 0.679143}}
{"target": 78.29124289934184, "params": {"x": -2.9338352143689472, "y": -2.8652259409820213}, "datetime": {"datetime": "2020-11-28 11:51:31", "elapsed": 145.609829, "delta": 1.348169}}
{"target": 78.20443311980705, "params": {"x": -2.934334634605964, "y": -2.822185437721547}, "datetime": {"datetime": "2020-11-28 11:51:32", "elapsed": 146.500479, "delta": 0.89065}}
{"target": 78.31037269802496, "params": {"x": -2.93233808274872, "y": -2.9242511857549234}, "datetime": {"datetime": "2020-11-28 11:51:33", "elapsed": 147.705113, "delta": 1.204634}}
{"target": 78.2824195541935, "params": {"x": -2.9567814813886493, "y": -2.9040500626226127}, "datetime": {"datetime": "2020-11-28 11:51:34", "elapsed": 148.52882, "delta": 0.823707}}
{"target": 78.31859223504028, "params": {"x": -2.927732715784812, "y": -2.889209168965019}, "datetime": {"datetime": "2020-11-28 11:51:35", "elapsed": 149.637122, "delta": 1.108302}}
{"target": 78.30279014386218, "params": {"x": -2.9400851972273703, "y": -2.8846063078923745}, "datetime": {"datetime": "2020-11-28 11:51:36", "elapsed": 150.366773, "delta": 0.729651}}
{"target": 78.3299037469461, "params": {"x": -2.901522232760596, "y": -2.89183408405881}, "datetime": {"datetime": "2020-11-28 11:51:37", "elapsed": 151.482126, "delta": 1.115353}}
{"target": 78.26999055088963, "params": {"x": -2.953060937095817, "y": -2.8700077027848403}, "datetime": {"datetime": "2020-11-28 11:51:39", "elapsed": 152.809851, "delta": 1.327725}}
{"target": 78.23957895525237, "params": {"x": -2.8884292911180975, "y": -2.830977001821119}, "datetime": {"datetime": "2020-11-28 11:51:40", "elapsed": 154.221606, "delta": 1.411755}}
{"target": 78.32455051529834, "params": {"x": -2.8883522459108524, "y": -2.918352121267813}, "datetime": {"datetime": "2020-11-28 11:51:41", "elapsed": 155.712322, "delta": 1.490716}}
{"target": 78.31777538955988, "params": {"x": -2.8808334929565946, "y": -2.921655983912385}, "datetime": {"datetime": "2020-11-28 11:51:43", "elapsed": 157.137183, "delta": 1.424861}}
{"target": 78.2648353676995, "params": {"x": -2.85244593686813, "y": -2.866727802249256}, "datetime": {"datetime": "2020-11-28 11:51:44", "elapsed": 158.464501, "delta": 1.327318}}
{"target": 78.31096656178403, "params": {"x": -2.910965905850814, "y": -2.9376920795933312}, "datetime": {"datetime": "2020-11-28 11:51:45", "elapsed": 159.431275, "delta": 0.966774}}
{"target": 78.30289628858682, "params": {"x": -2.942736853800434, "y": -2.9155564102114795}, "datetime": {"datetime": "2020-11-28 11:51:46", "elapsed": 160.602303, "delta": 1.171028}}
{"target": 78.31895557395347, "params": {"x": -2.876185191361297, "y": -2.897832691872415}, "datetime": {"datetime": "2020-11-28 11:51:47", "elapsed": 161.569432, "delta": 0.967129}}
{"target": 78.2700057268535, "params": {"x": -2.962734918821941, "y": -2.908971910746704}, "datetime": {"datetime": "2020-11-28 11:51:49", "elapsed": 163.035665, "delta": 1.466233}}
{"target": 78.32990893248976, "params": {"x": -2.9023182863922967, "y": -2.915284483733911}, "datetime": {"datetime": "2020-11-28 11:51:50", "elapsed": 164.169246, "delta": 1.133581}}
{"target": 78.26838061156637, "params": {"x": -2.945737818096268, "y": -2.8597157691123565}, "datetime": {"datetime": "2020-11-28 11:51:51", "elapsed": 165.343749, "delta": 1.174503}}
{"target": 78.28178784297054, "params": {"x": -2.8675041335663543, "y": -2.943765676206116}, "datetime": {"datetime": "2020-11-28 11:51:52", "elapsed": 166.696942, "delta": 1.353193}}
{"target": 78.29088803414524, "params": {"x": -2.856208559249751, "y": -2.917376137931366}, "datetime": {"datetime": "2020-11-28 11:51:54", "elapsed": 167.901459, "delta": 1.204517}}
{"target": 78.30165637699417, "params": {"x": -2.8733691068764724, "y": -2.9329398479441524}, "datetime": {"datetime": "2020-11-28 11:51:55", "elapsed": 169.603258, "delta": 1.701799}}
{"target": 78.30919332608147, "params": {"x": -2.9121094447732156, "y": -2.9388821380796704}, "datetime": {"datetime": "2020-11-28 11:51:57", "elapsed": 171.024247, "delta": 1.420989}}
{"target": 78.28642959745007, "params": {"x": -2.8515779632837046, "y": -2.904962476773323}, "datetime": {"datetime": "2020-11-28 11:51:58", "elapsed": 172.559023, "delta": 1.534776}}
{"target": 78.2910809384775, "params": {"x": -2.93034084470426, "y": -2.862502130798592}, "datetime": {"datetime": "2020-11-28 11:51:59", "elapsed": 173.608524, "delta": 1.049501}}
{"target": 78.31686137849834, "params": {"x": -2.874463472012634, "y": -2.9111264579272813}, "datetime": {"datetime": "2020-11-28 11:52:01", "elapsed": 175.197018, "delta": 1.588494}}
{"target": 78.31167685939639, "params": {"x": -2.881776534311604, "y": -2.9303309728319538}, "datetime": {"datetime": "2020-11-28 11:52:02", "elapsed": 176.636534, "delta": 1.439516}}
{"target": 78.25026447655662, "params": {"x": -2.9556597060531553, "y": -2.947717021721885}, "datetime": {"datetime": "2020-11-28 11:52:04", "elapsed": 177.966807, "delta": 1.330273}}
{"target": 78.27163189448041, "params": {"x": -2.9621614303355335, "y": -2.901258821469903}, "datetime": {"datetime": "2020-11-28 11:52:05", "elapsed": 179.181878, "delta": 1.215071}}
{"target": 78.31251525589366, "params": {"x": -2.888386659885709, "y": -2.873084350956333}, "datetime": {"datetime": "2020-11-28 11:52:07", "elapsed": 180.867426, "delta": 1.685548}}
{"target": 78.23816075470036, "params": {"x": -2.9009968118136875, "y": -2.976396249982484}, "datetime": {"datetime": "2020-11-28 11:52:09", "elapsed": 182.977535, "delta": 2.110109}}
{"target": 78.29076220975291, "params": {"x": -2.8642239342200693, "y": -2.873735847535781}, "datetime": {"datetime": "2020-11-28 11:52:10", "elapsed": 184.601253, "delta": 1.623718}}
{"target": 78.26372966204633, "params": {"x": -2.9656892344657337, "y": -2.9083279814992355}, "datetime": {"datetime": "2020-11-28 11:52:12", "elapsed": 186.109667, "delta": 1.508414}}
{"target": 78.31472321503873, "params": {"x": -2.9321414464278774, "y": -2.917360028172551}, "datetime": {"datetime": "2020-11-28 11:52:14", "elapsed": 187.96305, "delta": 1.853383}}
{"target": 78.33212690668515, "params": {"x": -2.9069116399452213, "y": -2.902897217114214}, "datetime": {"datetime": "2020-11-28 11:52:15", "elapsed": 189.212391, "delta": 1.249341}}
{"target": 78.28020260674323, "params": {"x": -2.8626452340588946, "y": -2.9402626725375383}, "datetime": {"datetime": "2020-11-28 11:52:16", "elapsed": 190.398867, "delta": 1.186476}}
{"target": 78.30618592478693, "params": {"x": -2.8805773948403512, "y": -2.934819431810088}, "datetime": {"datetime": "2020-11-28 11:52:17", "elapsed": 191.734373, "delta": 1.335506}}
{"target": 78.32570934629982, "params": {"x": -2.910694318578847, "y": -2.8852688783894864}, "datetime": {"datetime": "2020-11-28 11:52:19", "elapsed": 193.708716, "delta": 1.974343}}
{"target": 78.33126114899267, "params": {"x": -2.901370146568821, "y": -2.8959602713068486}, "datetime": {"datetime": "2020-11-28 11:52:22", "elapsed": 195.974493, "delta": 2.265777}}
{"target": 78.33213278834464, "params": {"x": -2.905830231180897, "y": -2.9010410199227965}, "datetime": {"datetime": "2020-11-28 11:52:23", "elapsed": 197.533079, "delta": 1.558586}}
{"target": 78.30827286249928, "params": {"x": -2.9141271796558965, "y": -2.8675573139075783}, "datetime": {"datetime": "2020-11-28 11:52:25", "elapsed": 199.414396, "delta": 1.881317}}
{"target": 78.16242393307044, "params": {"x": -2.80828096744329, "y": -2.8710964151513387}, "datetime": {"datetime": "2020-11-28 11:52:27", "elapsed": 201.015612, "delta": 1.601216}}
{"target": 78.30737470974664, "params": {"x": -2.929013585498991, "y": -2.931483360612379}, "datetime": {"datetime": "2020-11-28 11:52:28", "elapsed": 202.734604, "delta": 1.718992}}
{"target": 78.32287832421306, "params": {"x": -2.924566024726616, "y": -2.9135775925815244}, "datetime": {"datetime": "2020-11-28 11:52:30", "elapsed": 204.316486, "delta": 1.581882}}
{"target": 78.32932600928251, "params": {"x": -2.915273378300699, "y": -2.9094821880319777}, "datetime": {"datetime": "2020-11-28 11:52:32", "elapsed": 206.084223, "delta": 1.767737}}
{"target": 78.31645246973854, "params": {"x": -2.932300244101478, "y": -2.912619515944069}, "datetime": {"datetime": "2020-11-28 11:52:34", "elapsed": 207.994618, "delta": 1.910395}}
{"target": 78.2850878087117, "params": {"x": -2.913247194978066, "y": -2.8517265184678164}, "datetime": {"datetime": "2020-11-28 11:52:36", "elapsed": 209.808793, "delta": 1.814175}}
{"target": 78.31156447816272, "params": {"x": -2.8755863722508543, "y": -2.882792236605537}, "datetime": {"datetime": "2020-11-28 11:52:36", "elapsed": 210.717449, "delta": 0.908656}}
{"target": 78.30774590295385, "params": {"x": -2.871030047754448, "y": -2.884058608724316}, "datetime": {"datetime": "2020-11-28 11:52:37", "elapsed": 211.720243, "delta": 1.002794}}
{"target": 78.30703933894108, "params": {"x": -2.8737086552690014, "y": -2.8793104159571827}, "datetime": {"datetime": "2020-11-28 11:52:39", "elapsed": 213.53115, "delta": 1.810907}}
{"target": 78.25157883097953, "params": {"x": -2.847644382473562, "y": -2.863201434716469}, "datetime": {"datetime": "2020-11-28 11:52:41", "elapsed": 215.371964, "delta": 1.840814}}
{"target": 78.25118252256742, "params": {"x": -2.88662367149934, "y": -2.8363792362964704}, "datetime": {"datetime": "2020-11-28 11:52:42", "elapsed": 216.347782, "delta": 0.975818}}
{"target": 78.32602069722667, "params": {"x": -2.9085149734885105, "y": -2.9219192920041515}, "datetime": {"datetime": "2020-11-28 11:52:43", "elapsed": 217.65515, "delta": 1.307368}}
{"target": 78.33177228589567, "params": {"x": -2.9013152005916023, "y": -2.9087654112814523}, "datetime": {"datetime": "2020-11-28 11:52:45", "elapsed": 219.289885, "delta": 1.634735}}
{"target": 78.24852860141331, "params": {"x": -2.9170426556659743, "y": -2.8344453513874934}, "datetime": {"datetime": "2020-11-28 11:52:47", "elapsed": 220.953505, "delta": 1.66362}}
{"target": 78.22238921060473, "params": {"x": -2.8886485075329538, "y": -2.8241322025648263}, "datetime": {"datetime": "2020-11-28 11:52:48", "elapsed": 222.505604, "delta": 1.552099}}
