{"target": 78.25809367795995, "params": {"x": -2.855183974680542, "y": -2.9478514164987257}, "datetime": {"datetime": "2020-11-28 11:49:45", "elapsed": 39.473046, "delta": 0.733073}}
{"target": 78.32707349445644, "params": {"x": -2.91482064550861, "y": -2.890230144469834}, "datetime": {"datetime": "2020-11-28 11:49:46", "elapsed": 40.012122, "delta": 0.539076}}
{"target": 78.33098364372836, "params": {"x": -2.8980053657524065, "y": -2.89663879481193}, "datetime": {"datetime": "2020-11-28 11:49:46", "elapsed": 40.687361, "delta": 0.675239}}
{"target": 78.29018057830713, "params": {"x": -2.8718411629025975, "y": -2.8652900112509783}, "datetime": {"datetime": "2020-11-28 11:49:47", "elapsed": 41.228845, "delta": 0.541484}}
{"target": 78.32408066039218, "params": {"x": -2.9181887162455356, "y": -2.919656308770282}, "datetime": {"datetime": "2020-11-28 11:49:48", "elapsed": 41.93391, "delta": 0.705065}}
{"target": 78.29925965529429, "params": {"x": -2.868222262641351, "y": -2.9295056149910303}, "datetime": {"datetime": "2020-11-28 11:49:48", "elapsed": 42.510275, "delta": 0.576365}}
{"target": 78.32004219704429, "params": {"x": -2.9291406693699917, "y": -2.9105511213107027}, "datetime": {"datetime": "2020-11-28 11:49:49", "elapsed": 43.027727, "delta": 0.517452}}
{"target": 78.23428753660848, "params": {"x": -2.9763230807659022, "y": -2.9190332675632504}, "datetime": {"datetime": "2020-11-28 11:49:49", "elapsed": 43.512784, "delta": 0.485057}}
{"target": 78.30077746451444, "params": {"x": -2.8710599154350747, "y": -2.8754422385969756}, "datetime": {"datetime": "2020-11-28 11:49:50", "elapsed": 44.098752, "delta": 0.585968}}
{"target": 78.1753310525502, "params": {"x": -2.9833048171155307, "y": -2.9535577040527796}, "datetime": {"datetime": "2020-11-28 11:49:51", "elapsed": 45.174098, "delta": 1.075346}}
{"target": 78.21421308355974, "params": {"x": -2.8740642243894388, "y": -2.9798293092617323}, "datetime": {"datetime": "2020-11-28 11:49:52", "elapsed": 46.487709, "delta": 1.313611}}
{"target": 78.20768120628324, "params": {"x": -2.92915666946394, "y": -2.983374295471851}, "datetime": {"datetime": "2020-11-28 11:49:53", "elapsed": 47.15289, "delta": 0.665181}}
{"target": 78.29403804868329, "params": {"x": -2.857878046829674, "y": -2.8907811648369752}, "datetime": {"datetime": "2020-11-28 11:49:54", "elapsed": 47.834804, "delta": 0.681914}}
{"target": 78.31771541205995, "params": {"x": -2.910289849061627, "y": -2.9316768881834854}, "datetime": {"datetime": "2020-11-28 11:49:54", "elapsed": 48.356011, "delta": 0.521207}}
{"target": 78.21351281147034, "params": {"x": -2.8277991023183846, "y": -2.867530255905242}, "datetime": {"datetime": "2020-11-28 11:49:55", "elapsed": 49.319388, "delta": 0.963377}}
{"target": 78.20477559244722, "params": {"x": -2.95956380125997, "y": -2.838178774319693}, "datetime": {"datetime": "2020-11-28 11:49:56", "elapsed": 50.608884, "delta": 1.289496}}
{"target": 78.29792148975136, "params": {"x": -2.932000273094839, "y": -2.9375724034807216}, "datetime": {"datetime": "2020-11-28 11:49:57", "elapsed": 51.167832, "delta": 0.558948}}
{"target": 78.32796503747682, "params": {"x": -2.9169153111926094, "y": -2.9120453969208815}, "datetime": {"datetime": "2020-11-28 11:49:58", "elapsed": 51.800162, "delta": 0.63233}}
{"target": 78.20359257159609, "params": {"x": -2.9743404642416915, "y": -2.8550593552500434}, "datetime": {"datetime": "2020-11-28 11:49:58", "elapsed": 52.575349, "delta": 0.775187}}
{"target": 78.14324389184623, "params": {"x": -2.9402708767061823, "y": -2.8040514470802593}, "datetime": {"datetime": "2020-11-28 11:49:59", "elapsed": 53.186634, "delta": 0.611285}}
{"target": 78.27569902500156, "params": {"x": -2.864301392752766, "y": -2.86132833788308}, "datetime": {"datetime": "2020-11-28 11:50:00", "elapsed": 54.016642, "delta": 0.830008}}
{"target": 78.30328589145161, "params": {"x": -2.87642697867505, "y": -2.9342244452411395}, "datetime": {"datetime": "2020-11-28 11:50:01", "elapsed": 54.875705, "delta": 0.859063}}
{"target": 78.32461426948291, "params": {"x": -2.9244798232583022, "y": -2.9056493617236923}, "datetime": {"datetime": "2020-11-28 11:50:01", "elapsed": 55.490626, "delta": 0.614921}}
{"target": 78.27103117585554, "params": {"x": -2.856551465309054, "y": -2.866254384259488}, "datetime": {"datetime": "2020-11-28 11:50:02", "elapsed": 55.992483, "delta": 0.501857}}
{"target": 78.3144102456798, "params": {"x": -2.9189836779408984, "y": -2.9316235247616707}, "datetime": {"datetime": "2020-11-28 11:50:02", "elapsed": 56.668927, "delta": 0.676444}}
{"target": 78.30546422906824, "params": {"x": -2.9384290686159673, "y": -2.8855408698577865}, "datetime": {"datetime": "2020-11-28 11:50:03", "elapsed": 57.487003, "delta": 0.818076}}
{"target": 78.32769148805554, "params": {"x": -2.914225875570713, "y": -2.8911142430441004}, "datetime": {"datetime": "2020-11-28 11:50:04", "elapsed": 58.067579, "delta": 0.580576}}
{"target": 78.3208743738569, "params": {"x": -2.918095006870416, "y": -2.88225610895584}, "datetime": {"datetime": "2020-11-28 11:50:04", "elapsed": 58.659995, "delta": 0.592416}}
{"target": 78.30561254764257, "params": {"x": -2.9419268760383535, "y": -2.910744744079914}, "datetime": {"datetime": "2020-11-28 11:50:05", "elapsed": 59.430095, "delta": 0.7701}}
{"target": 78.32253640463088, "params": {"x": -2.9125906527848944, "y": -2.8814477955750064}, "datetime": {"datetime": "2020-11-28 11:50:06", "elapsed": 60.290794, "delta": 0.860699}}
{"target": 78.28304159122803, "params": {"x": -2.8635909338473176, "y": -2.939048893454974}, "datetime": {"datetime": "2020-11-28 11:50:07", "elapsed": 61.082135, "delta": 0.791341}}
{"target": 78.32947529179367, "params": {"x": -2.891146384696338, "y": -2.90704738986572}, "datetime": {"datetime": "2020-11-28 11:50:08", "elapsed": 61.908923, "delta": 0.826788}}
{"target": 78.24430053801794, "params": {"x": -2.852882493289962, "y": -2.9537936986632363}, "datetime": {"datetime": "2020-11-28 11:50:08", "elapsed": 62.442626, "delta": 0.533703}}
{"target": 78.28655886561005, "params": {"x": -2.871232859071723, "y": -2.943453838048545}, "datetime": {"datetime": "2020-11-28 11:50:09", "elapsed": 63.084124, "delta": 0.641498}}
{"target": 78.33186441674769, "params": {"x": -2.90249909023217, "y": -2.898436906922428}, "datetime": {"datetime": "2020-11-28 11:50:09", "elapsed": 63.737358, "delta": 0.653234}}
{"target": 78.1919012614706, "params": {"x": -2.969379502919126, "y": -2.9636662404352854}, "datetime": {"datetime": "2020-11-28 11:50:10", "elapsed": 64.300326, "delta": 0.562968}}
{"target": 78.31430177557144, "params": {"x": -2.9317283483950316, "y": -2.9189929633086797}, "datetime": {"datetime": "2020-11-28 11:50:11", "elapsed": 65.196521, "delta": 0.896195}}
{"target": 78.29642366957353, "params": {"x": -2.85784493931164, "y": -2.9081152643355357}, "datetime": {"datetime": "2020-11-28 11:50:12", "elapsed": 65.876332, "delta": 0.679811}}
{"target": 78.2509437831744, "params": {"x": -2.913146730901243, "y": -2.970703411506906}, "datetime": {"datetime": "2020-11-28 11:50:12", "elapsed": 66.381925, "delta": 0.505593}}
{"target": 78.15701087768232, "params": {"x": -2.877408964788154, "y": -2.8046156816489476}, "datetime": {"datetime": "2020-11-28 11:50:13", "elapsed": 67.191716, "delta": 0.809791}}
{"target": 78.32252675512638, "params": {"x": -2.8904575530250796, "y": -2.883547708274131}, "datetime": {"datetime": "2020-11-28 11:50:13", "elapsed": 67.746904, "delta": 0.555188}}
{"target": 78.30563182816769, "params": {"x": -2.865565966250819, "y": -2.9145061697739685}, "datetime": {"datetime": "2020-11-28 11:50:15", "elapsed": 68.877091, "delta": 1.130187}}
{"target": 78.30623174474869, "params": {"x": -2.8748728768738396, "y": -2.8770378274907706}, "datetime": {"datetime": "2020-11-28 11:50:15", "elapsed": 69.616548, "delta": 0.739457}}
{"target": 78.22240588674245, "params": {"x": -2.9017624756891647, "y": -2.822725409313888}, "datetime": {"datetime": "2020-11-28 11:50:16", "elapsed": 70.289616, "delta": 0.673068}}
{"target": 78.32854377658941, "params": {"x": -2.9154853012373794, "y": -2.8948242415439096}, "datetime": {"datetime": "2020-11-28 11:50:17", "elapsed": 70.899197, "delta": 0.609581}}
{"target": 78.29879748602349, "params": {"x": -2.9204651165403983, "y": -2.943893386646146}, "datetime": {"datetime": "2020-11-28 11:50:17", "elapsed": 71.51679, "delta": 0.617593}}
{"target": 78.32279929607029, "params": {"x": -2.8927911667648285, "y": -2.924348257759405}, "datetime": {"datetime": "2020-11-28 11:50:18", "elapsed": 72.340546, "delta": 0.823756}}
{"target": 78.30842877120398, "params": {"x": -2.9402717654337174, "y": -2.8995355610258033}, "datetime": {"datetime": "2020-11-28 11:50:19", "elapsed": 73.167878, "delta": 0.827332}}
{"target": 78.32655204554526, "params": {"x": -2.895429877558018, "y": -2.9198822014161907}, "datetime": {"datetime": "2020-11-28 11:50:20", "elapsed": 73.831417, "delta": 0.663539}}
{"target": 78.31649467245734, "params": {"x": -2.8782908577384902, "y": -2.8866325980087257}, "datetime": {"datetime": "2020-11-28 11:50:21", "elapsed": 74.807044, "delta": 0.975627}}
{"target": 78.21451326272697, "params": {"x": -2.8854544245899394, "y": -2.9830255359074043}, "datetime": {"datetime": "2020-11-28 11:50:22", "elapsed": 75.952182, "delta": 1.145138}}
{"target": 78.31772602959211, "params": {"x": -2.9209959823452736, "y": -2.8802493642326255}, "datetime": {"datetime": "2020-11-28 11:50:23", "elapsed": 77.072088, "delta": 1.119906}}
{"target": 78.31451859386797, "params": {"x": -2.896556565813567, "y": -2.934701016523581}, "datetime": {"datetime": "2020-11-28 11:50:24", "elapsed": 78.049054, "delta": 0.976966}}
{"target": 78.32833706302756, "params": {"x": -2.9093376961104402, "y": -2.8894561130766796}, "datetime": {"datetime": "2020-11-28 11:50:24", "elapsed": 78.726533, "delta": 0.677479}}
{"target": 78.30945569356564, "params": {"x": -2.932495802260846, "y": -2.881636542074666}, "datetime": {"datetime": "2020-11-28 11:50:25", "elapsed": 79.323735, "delta": 0.597202}}
{"target": 78.27616640485695, "params": {"x": -2.9591553927179524, "y": -2.913332175309674}, "datetime": {"datetime": "2020-11-28 11:50:26", "elapsed": 80.295183, "delta": 0.971448}}
{"target": 78.21546979986505, "params": {"x": -2.9410357314473834, "y": -2.829580428900924}, "datetime": {"datetime": "2020-11-28 11:50:27", "elapsed": 80.998075, "delta": 0.702892}}
{"target": 78.3206686519907, "params": {"x": -2.920767602221855, "y": -2.884085979079515}, "datetime": {"datetime": "2020-11-28 11:50:28", "elapsed": 81.868362, "delta": 0.870287}}
{"target": 78.31221861122071, "params": {"x": -2.8911586456217417, "y": -2.93515673805841}, "datetime": {"datetime": "2020-11-28 11:50:28", "elapsed": 82.628872, "delta": 0.76051}}
{"target": 78.25525725213916, "params": {"x": -2.8440814760977995, "y": -2.8718545511889984}, "datetime": {"datetime": "2020-11-28 11:50:29", "elapsed": 83.598737, "delta": 0.969865}}
{"target": 78.09095175468158, "params": {"x": -3.0178757499083098, "y": -2.8840174464441635}, "datetime": {"datetime": "2020-11-28 11:50:30", "elapsed": 84.556117, "delta": 0.95738}}
{"target": 78.29854957062713, "params": {"x": -2.859058513103653, "y": -2.901291640946008}, "datetime": {"datetime": "2020-11-28 11:50:31", "elapsed": 85.122664, "delta": 0.566547}}
{"target": 78.25346430227171, "params": {"x": -2.9596063998275612, "y": -2.866460039717369}, "datetime": {"datetime": "2020-11-28 11:50:32", "elapsed": 85.915018, "delta": 0.792354}}
{"target": 78.28531290381383, "params": {"x": -2.872235301682553, "y": -2.9450751178891457}, "datetime": {"datetime": "2020-11-28 11:50:32", "elapsed": 86.668526, "delta": 0.753508}}
{"target": 78.28363323320048, "params": {"x": -2.9308490371313733, "y": -2.948616630963773}, "datetime": {"datetime": "2020-11-28 11:50:33", "elapsed": 87.339083, "delta": 0.670557}}
{"target": 78.21818149618367, "params": {"x": -2.8779495343953854, "y": -2.8253552128118864}, "datetime": {"datetime": "2020-11-28 11:50:34", "elapsed": 87.97649, "delta": 0.637407}}
{"target": 78.24899355646708, "params": {"x": -2.8460219869341117, "y": -2.863573209182765}, "datetime": {"datetime": "2020-11-28 11:50:34", "elapsed": 88.73115, "delta": 0.75466}}
{"target": 78.31804095620254, "params": {"x": -2.882299110595933, "y": -2.922931839337565}, "datetime": {"datetime": "2020-11-28 11:50:35", "elapsed": 89.389035, "delta": 0.657885}}
{"target": 78.31649977705979, "params": {"x": -2.8928825111019476, "y": -2.8750691610149737}, "datetime": {"datetime": "2020-11-28 11:50:36", "elapsed": 90.109558, "delta": 0.720523}}
{"target": 78.25677427341368, "params": {"x": -2.9189780958503286, "y": -2.838561400794525}, "datetime": {"datetime": "2020-11-28 11:50:36", "elapsed": 90.685261, "delta": 0.575703}}
{"target": 78.30494610541827, "params": {"x": -2.9299072135793813, "y": -2.933086218772545}, "datetime": {"datetime": "2020-11-28 11:50:37", "elapsed": 91.642557, "delta": 0.957296}}
{"target": 78.31754462102782, "params": {"x": -2.927107597359766, "y": -2.8863079201464514}, "datetime": {"datetime": "2020-11-28 11:50:39", "elapsed": 92.933999, "delta": 1.291442}}
{"target": 78.12647457100773, "params": {"x": -2.798738243232636, "y": -2.939454985425866}, "datetime": {"datetime": "2020-11-28 11:50:40", "elapsed": 93.868697, "delta": 0.934698}}
{"target": 78.31564835937724, "params": {"x": -2.9017416649443604, "y": -2.8723611938008267}, "datetime": {"datetime": "2020-11-28 11:50:40", "elapsed": 94.70579, "delta": 0.837093}}
{"target": 78.32410098960261, "params": {"x": -2.902052105977867, "y": -2.925221641294873}, "datetime": {"datetime": "2020-11-28 11:50:41", "elapsed": 95.645964, "delta": 0.940174}}
{"target": 78.32506498532192, "params": {"x": -2.888783067211642, "y": -2.917772889236164}, "datetime": {"datetime": "2020-11-28 11:50:42", "elapsed": 96.595625, "delta": 0.949661}}
{"target": 78.30929244079064, "params": {"x": -2.924035407128638, "y": -2.9335354747650353}, "datetime": {"datetime": "2020-11-28 11:50:43", "elapsed": 97.433626, "delta": 0.838001}}
{"target": 78.29397915957637, "params": {"x": -2.8804327550886066, "y": -2.862155897172336}, "datetime": {"datetime": "2020-11-28 11:50:44", "elapsed": 98.324116, "delta": 0.89049}}
{"target": 78.32400369743252, "params": {"x": -2.8815947222794094, "y": -2.905486063692222}, "datetime": {"datetime": "2020-11-28 11:50:45", "elapsed": 99.14, "delta": 0.815884}}
{"target": 78.3115057896995, "params": {"x": -2.9357421123533523, "y": -2.9159887708477084}, "datetime": {"datetime": "2020-11-28 11:50:46", "elapsed": 99.873618, "delta": 0.733618}}
{"target": 78.30279422778892, "params": {"x": -2.8688251768671003, "y": -2.880698193253507}, "datetime": {"datetime": "2020-11-28 11:50:46", "elapsed": 100.674216, "delta": 0.800598}}
{"target": 78.2916535628057, "params": {"x": -2.930011244396511, "y": -2.9438222885765395}, "datetime": {"datetime": "2020-11-28 11:50:47", "elapsed": 101.539085, "delta": 0.864869}}
{"target": 78.21629673563241, "params": {"x": -2.9775960057578055, "y": -2.936338397600138}, "datetime": {"datetime": "2020-11-28 11:50:48", "elapsed": 102.384442, "delta": 0.845357}}
{"target": 78.30936327715511, "params": {"x": -2.8930599706237423, "y": -2.938245410367224}, "datetime": {"datetime": "2020-11-28 11:50:49", "elapsed": 103.166131, "delta": 0.781689}}
{"target": 78.27709189486342, "params": {"x": -2.93145193847538, "y": -2.854052950786822}, "datetime": {"datetime": "2020-11-28 11:50:50", "elapsed": 103.8938, "delta": 0.727669}}
{"target": 78.25969725375646, "params": {"x": -2.8557353400070817, "y": -2.8590156105049305}, "datetime": {"datetime": "2020-11-28 11:50:51", "elapsed": 105.1615, "delta": 1.2677}}
{"target": 78.32587621242897, "params": {"x": -2.8931630100734287, "y": -2.887175550754227}, "datetime": {"datetime": "2020-11-28 11:50:51", "elapsed": 105.796801, "delta": 0.635301}}
{"target": 78.3209761202162, "params": {"x": -2.8801095926957707, "y": -2.9141124135946006}, "datetime": {"datetime": "2020-11-28 11:50:53", "elapsed": 106.93445, "delta": 1.137649}}
{"target": 78.30058132859725, "params": {"x": -2.8857532842870617, "y": -2.942293208194846}, "datetime": {"datetime": "2020-11-28 11:50:54", "elapsed": 108.174814, "delta": 1.240364}}
{"target": 78.29045736104905, "params": {"x": -2.9099446859610256, "y": -2.8543376484537353}, "datetime": {"datetime": "2020-11-28 11:50:55", "elapsed": 109.019336, "delta": 0.844522}}
{"target": 78.29281555879496, "params": {"x": -2.8553416464562265, "y": -2.903087617582736}, "datetime": {"datetime": "2020-11-28 11:50:56", "elapsed": 110.003896, "delta": 0.98456}}
{"target": 78.28089875025749, "params": {"x": -2.8494459973533948, "y": -2.8934262595001825}, "datetime": {"datetime": "2020-11-28 11:50:57", "elapsed": 111.166377, "delta": 1.162481}}
{"target": 78.29504260483236, "params": {"x": -2.881796884069888, "y": -2.9443326877568854}, "datetime": {"datetime": "2020-11-28 11:50:58", "elapsed": 112.25787, "delta": 1.091493}}
{"target": 78.20626328166529, "params": {"x": -2.9713051124742007, "y": -2.852172741373673}, "datetime": {"datetime": "2020-11-28 11:50:59", "elapsed": 113.245013, "delta": 0.987143}}
{"target": 78.277606886845, "params": {"x": -2.9558158251604914, "y": -2.9230461418154796}, "datetime": {"datetime": "2020-11-28 11:51:00", "elapsed": 114.035334, "delta": 0.790321}}
{"target": 78.28477760967388, "params": {"x": -2.9264591340281845, "y": -2.8560329403860427}, "datetime": {"datetime": "2020-11-28 11:51:01", "elapsed": 115.082224, "delta": 1.04689}}
{"target": 78.31027068891146, "params": {"x": -2.881874968527115, "y": -2.8749344041524028}, "datetime": {"datetime": "2020-11-28 11:51:02", "elapsed": 116.042735, "delta": 0.960511}}
{"target": 78.3031529315257, "params": {"x": -2.8847259803405336, "y": -2.8667565288519734}, "datetime": {"datetime": "2020-11-28 11:51:03", "elapsed": 117.032894, "delta": 0.990159}}
{"target": 78.31148257372948, "params": {"x": -2.876298410265715, "y": -2.9251515271533046}, "datetime": {"datetime": "2020-11-28 11:51:04", "elapsed": 118.086431, "delta": 1.053537}}
{"target": 78.16573191416349, "params": {"x": -2.806887215542697, "y": -2.8790450833557726}, "datetime": {"datetime": "2020-11-28 11:51:05", "elapsed": 119.216357, "delta": 1.129926}}
{"target": 78.32024935489193, "params": {"x": -2.906754638790275, "y": -2.929655738150856}, "datetime": {"datetime": "2020-11-28 11:51:06", "elapsed": 120.138872, "delta": 0.922515}}
{"target": 78.28736955287451, "params": {"x": -2.924615803335624, "y": -2.856770407903629}, "datetime": {"datetime": "2020-11-28 11:51:07", "elapsed": 121.09579, "delta": 0.956918}}
{"target": 78.30073459845079, "params": {"x": -2.8802850630941137, "y": -2.8673841592931035}, "datetime": {"datetime": "2020-11-28 11:51:08", "elapsed": 122.200648, "delta": 1.104858}}
{"target": 78.32471527713652, "params": {"x": -2.882511298383669, "y": -2.902263375243673}, "datetime": {"datetime": "2020-11-28 11:51:09", "elapsed": 122.956588, "delta": 0.75594}}
{"target": 78.25909122271739, "params": {"x": -2.963872048912519, "y": -2.9262677925203584}, "datetime": {"datetime": "2020-11-28 11:51:10", "elapsed": 123.996325, "delta": 1.039737}}
{"target": 78.05834368111486, "params": {"x": -3.003887426809886, "y": -2.8288962717479915}, "datetime": {"datetime": "2020-11-28 11:51:11", "elapsed": 124.912316, "delta": 0.915991}}
{"target": 78.29050073544008, "params": {"x": -2.9321895749766513, "y": -2.8633876035011374}, "datetime": {"datetime": "2020-11-28 11:51:12", "elapsed": 125.896619, "delta": 0.984303}}
{"target": 78.24233140185521, "params": {"x": -2.859787956796799, "y": -2.8453536317689556}, "datetime": {"datetime": "2020-11-28 11:51:12", "elapsed": 126.585671, "delta": 0.689052}}
{"target": 78.31037570537639, "params": {"x": -2.919933458364902, "y": -2.8717525234456955}, "datetime": {"datetime": "2020-11-28 11:51:13", "elapsed": 127.722364, "delta": 1.136693}}
{"target": 78.31788390562434, "params": {"x": -2.8838272584270808, "y": -2.9246659703645985}, "datetime": {"datetime": "2020-11-28 11:51:15", "elapsed": 129.011485, "delta": 1.289121}}
{"target": 78.29656741750455, "params": {"x": -2.93905052069079, "y": -2.93154093513756}, "datetime": {"datetime": "2020-11-28 11:51:16", "elapsed": 129.886814, "delta": 0.875329}}
{"target": 78.20550925670352, "params": {"x": -2.8278051021658532, "y": -2.945010915805711}, "datetime": {"datetime": "2020-11-28 11:51:16", "elapsed": 130.535527, "delta": 0.648713}}
{"target": 78.12520240316053, "params": {"x": -2.9658074544674005, "y": -2.812596125334763}, "datetime": {"datetime": "2020-11-28 11:51:17", "elapsed": 131.452054, "delta": 0.916527}}
{"target": 78.3082438971884, "params": {"x": -2.9015584272604302, "y": -2.8660268799634747}, "datetime": {"datetime": "2020-11-28 11:51:18", "elapsed": 132.442683, "delta": 0.990629}}
{"target": 78.32082289266862, "params": {"x": -2.923956253671993, "y": -2.8878201328364996}, "datetime": {"datetime": "2020-11-28 11:51:19", "elapsed": 133.718329, "delta": 1.275646}}
{"target": 78.30016338262136, "params": {"x": -2.8935893653013025, "y": -2.8612605608780983}, "datetime": {"datetime": "2020-11-28 11:51:20", "elapsed": 134.690109, "delta": 0.97178}}
{"target": 78.32825369958483, "params": {"x": -2.8904655736485294, "y": -2.911633826809723}, "datetime": {"datetime": "2020-11-28 11:51:21", "elapsed": 135.434412, "delta": 0.744303}}
{"target": 78.3231223494445, "params": {"x": -2.8843796719051196, "y": -2.916469075623348}, "datetime": {"datetime": "2020-11-28 11:51:22", "elapsed": 136.37065, "delta": 0.936238}}
{"target": 78.2770811688736, "params": {"x": -2.9345363579974215, "y": -2.9503260841215107}, "datetime": {"datetime": "2020-11-28 11:51:23", "elapsed": 137.246178, "delta": 0.875528}}
{"target": 78.09248670998554, "params": {"x": -2.85082249390514, "y": -2.796042891231009}, "datetime": {"datetime": "2020-11-28 11:51:24", "elapsed": 138.215984, "delta": 0.969806}}
