{"target": 28.889824409065017, "params": {"x": -0.8297799529742598, "y": 2.2032449344215808}, "datetime": {"datetime": "2020-11-28 11:49:06", "elapsed": 0.0, "delta": 0.0}}
{"target": -71.24216149050662, "params": {"x": -4.998856251826551, "y": -1.9766742736816023}, "datetime": {"datetime": "2020-11-28 11:49:06", "elapsed": 0.002965, "delta": 0.002965}}
{"target": 25.695698611080772, "params": {"x": -0.6598371453154179, "y": 2.128314840965011}, "datetime": {"datetime": "2020-11-28 11:49:06", "elapsed": 0.025932, "delta": 0.022967}}
{"target": -86.10405640803802, "params": {"x": -2.7757847085614524, "y": 5.0}, "datetime": {"datetime": "2020-11-28 11:49:06", "elapsed": 0.100736, "delta": 0.074804}}
{"target": 29.09155790883933, "params": {"x": -1.8996667674561836, "y": 0.6917146532285697}, "datetime": {"datetime": "2020-11-28 11:49:06", "elapsed": 0.272278, "delta": 0.171542}}
{"target": 20.675578676054545, "params": {"x": 0.47538675568437133, "y": -1.5435831465189254}, "datetime": {"datetime": "2020-11-28 11:49:06", "elapsed": 0.419885, "delta": 0.147607}}
{"target": 55.36297137614979, "params": {"x": 3.3810031166573173, "y": -2.5967494364229253}, "datetime": {"datetime": "2020-11-28 11:49:06", "elapsed": 0.602922, "delta": 0.183037}}
{"target": -45.536151933458186, "params": {"x": 2.570300292751426, "y": -4.807297110569465}, "datetime": {"datetime": "2020-11-28 11:49:07", "elapsed": 0.804394, "delta": 0.201472}}
{"target": 30.017423577704612, "params": {"x": 3.233385327137976, "y": -0.9453707632355974}, "datetime": {"datetime": "2020-11-28 11:49:07", "elapsed": 0.956024, "delta": 0.15163}}
{"target": -92.21343976234769, "params": {"x": 5.0, "y": -2.2171482415269628}, "datetime": {"datetime": "2020-11-28 11:49:07", "elapsed": 1.072709, "delta": 0.116685}}
{"target": 54.737027251914746, "params": {"x": 2.430807385648955, "y": -2.1111078718835574}, "datetime": {"datetime": "2020-11-28 11:49:07", "elapsed": 1.252334, "delta": 0.179625}}
{"target": 14.47914462213724, "params": {"x": 1.6621644101052453, "y": -0.10454431806168338}, "datetime": {"datetime": "2020-11-28 11:49:07", "elapsed": 1.421493, "delta": 0.169159}}
{"target": 32.055612599916564, "params": {"x": -1.4887782449272713, "y": -1.1765997011016616}, "datetime": {"datetime": "2020-11-28 11:49:07", "elapsed": 1.569798, "delta": 0.148305}}
{"target": 49.65509924972452, "params": {"x": -1.0814048488732562, "y": -3.1219181271821608}, "datetime": {"datetime": "2020-11-28 11:49:07", "elapsed": 1.731144, "delta": 0.161346}}
{"target": -32.60825893545033, "params": {"x": -1.6181705327695317, "y": -4.689634028443664}, "datetime": {"datetime": "2020-11-28 11:49:08", "elapsed": 1.862793, "delta": 0.131649}}
{"target": 37.752086932785964, "params": {"x": 0.2929232108218556, "y": -3.172310954979585}, "datetime": {"datetime": "2020-11-28 11:49:08", "elapsed": 1.96053, "delta": 0.097737}}
{"target": 32.60186077541091, "params": {"x": 3.4491495373229584, "y": 1.844349975021487}, "datetime": {"datetime": "2020-11-28 11:49:08", "elapsed": 2.112159, "delta": 0.151629}}
{"target": 40.53840941088964, "params": {"x": 2.429106665346889, "y": 3.4128711829165677}, "datetime": {"datetime": "2020-11-28 11:49:08", "elapsed": 2.293655, "delta": 0.181496}}
{"target": -11.211348848089095, "params": {"x": 4.1282140882888925, "y": 3.667206371598336}, "datetime": {"datetime": "2020-11-28 11:49:08", "elapsed": 2.415369, "delta": 0.121714}}
{"target": 36.18162089254453, "params": {"x": 1.7927737674109174, "y": 2.085012181239981}, "datetime": {"datetime": "2020-11-28 11:49:08", "elapsed": 2.514072, "delta": 0.098703}}
{"target": 2.9398353358582114, "params": {"x": 0.8787089934524728, "y": 3.847161523214915}, "datetime": {"datetime": "2020-11-28 11:49:08", "elapsed": 2.612864, "delta": 0.098792}}
{"target": 68.60817161088254, "params": {"x": -2.199087155044511, "y": -2.448858010465317}, "datetime": {"datetime": "2020-11-28 11:49:08", "elapsed": 2.700446, "delta": 0.087582}}
{"target": 39.50557951009205, "params": {"x": -3.6430977498824024, "y": 1.5389969622275825}, "datetime": {"datetime": "2020-11-28 11:49:08", "elapsed": 2.795059, "delta": 0.094613}}
{"target": -77.34688830952022, "params": {"x": -5.0, "y": 2.307587474974958}, "datetime": {"datetime": "2020-11-28 11:49:09", "elapsed": 2.898817, "delta": 0.103758}}
{"target": 35.77144461006753, "params": {"x": -3.310145447011281, "y": 0.246633883474364}, "datetime": {"datetime": "2020-11-28 11:49:09", "elapsed": 2.978514, "delta": 0.079697}}
{"target": 55.29691707070696, "params": {"x": -2.4941548436336936, "y": 1.9738485665886065}, "datetime": {"datetime": "2020-11-28 11:49:09", "elapsed": 3.063809, "delta": 0.085295}}
{"target": -200.0, "params": {"x": -5.0, "y": -5.0}, "datetime": {"datetime": "2020-11-28 11:49:09", "elapsed": 3.137638, "delta": 0.073829}}
{"target": -99.05774080917477, "params": {"x": 2.4233587465470583, "y": 4.986811253015457}, "datetime": {"datetime": "2020-11-28 11:49:09", "elapsed": 3.272671, "delta": 0.135033}}
{"target": -115.82675229566995, "params": {"x": 4.989447336259186, "y": 1.1907008719374756}, "datetime": {"datetime": "2020-11-28 11:49:09", "elapsed": 3.374369, "delta": 0.101698}}
{"target": 57.316154775860014, "params": {"x": -2.862296908612257, "y": -1.44715483328405}, "datetime": {"datetime": "2020-11-28 11:49:09", "elapsed": 3.464129, "delta": 0.08976}}
{"target": -225.0, "params": {"x": 5.0, "y": -5.0}, "datetime": {"datetime": "2020-11-28 11:49:09", "elapsed": 3.551896, "delta": 0.087767}}
{"target": 58.51958794865152, "params": {"x": 2.1695890597590317, "y": -3.210443872984662}, "datetime": {"datetime": "2020-11-28 11:49:09", "elapsed": 3.698538, "delta": 0.146642}}
{"target": -93.36216797431555, "params": {"x": 0.3634947018784427, "y": -4.960586637703926}, "datetime": {"datetime": "2020-11-28 11:49:10", "elapsed": 3.832397, "delta": 0.133859}}
{"target": 49.60194696038701, "params": {"x": 2.843833100227123, "y": 2.5960336357545324}, "datetime": {"datetime": "2020-11-28 11:49:10", "elapsed": 3.986021, "delta": 0.153624}}
{"target": 47.49478611101856, "params": {"x": -1.228648471962985, "y": -2.261217415002994}, "datetime": {"datetime": "2020-11-28 11:49:10", "elapsed": 4.142602, "delta": 0.156581}}
{"target": 77.89618053490415, "params": {"x": -2.9543032884083797, "y": -2.7491969179169793}, "datetime": {"datetime": "2020-11-28 11:49:10", "elapsed": 4.249886, "delta": 0.107284}}
{"target": 70.95715697856735, "params": {"x": -2.4667984404247765, "y": -3.378211335908089}, "datetime": {"datetime": "2020-11-28 11:49:10", "elapsed": 4.424025, "delta": 0.174139}}
{"target": 28.62204384625114, "params": {"x": 2.7071119173981852, "y": 0.8721313309835028}, "datetime": {"datetime": "2020-11-28 11:49:10", "elapsed": 4.536798, "delta": 0.112773}}
{"target": 75.8798686213151, "params": {"x": -2.5000500292508243, "y": -2.9214918060129422}, "datetime": {"datetime": "2020-11-28 11:49:10", "elapsed": 4.659464, "delta": 0.122666}}
{"target": 72.06403427578539, "params": {"x": -3.0217499758513533, "y": -2.2397833963133493}, "datetime": {"datetime": "2020-11-28 11:49:10", "elapsed": 4.791657, "delta": 0.132193}}
{"target": 64.11181989646317, "params": {"x": 2.8069605202934085, "y": -2.8618490323268153}, "datetime": {"datetime": "2020-11-28 11:49:11", "elapsed": 4.927379, "delta": 0.135722}}
{"target": 47.486961471395105, "params": {"x": 1.349595930532523, "y": -2.6251562115699247}, "datetime": {"datetime": "2020-11-28 11:49:11", "elapsed": 5.088124, "delta": 0.160745}}
{"target": 76.66881079392414, "params": {"x": -2.9377535129326224, "y": -3.1972885013856334}, "datetime": {"datetime": "2020-11-28 11:49:11", "elapsed": 5.242407, "delta": 0.154283}}
{"target": 47.317725754316086, "params": {"x": -2.8319747951009036, "y": 1.2561475981263848}, "datetime": {"datetime": "2020-11-28 11:49:11", "elapsed": 5.42791, "delta": 0.185503}}
{"target": 75.073275310145, "params": {"x": -2.7049427539734783, "y": -2.4847199565090494}, "datetime": {"datetime": "2020-11-28 11:49:11", "elapsed": 5.626132, "delta": 0.198222}}
{"target": 78.02381590037677, "params": {"x": -2.8559065050831522, "y": -3.02595580483037}, "datetime": {"datetime": "2020-11-28 11:49:12", "elapsed": 5.816627, "delta": 0.190495}}
{"target": 75.80675997231947, "params": {"x": -3.2594428751177116, "y": -2.9644154941002574}, "datetime": {"datetime": "2020-11-28 11:49:12", "elapsed": 6.071937, "delta": 0.25531}}
{"target": 77.97354201002446, "params": {"x": -3.0426194227936354, "y": -2.925594567745562}, "datetime": {"datetime": "2020-11-28 11:49:12", "elapsed": 6.339141, "delta": 0.267204}}
{"target": 76.36807542376593, "params": {"x": -3.16751228444854, "y": -2.7028856033282436}, "datetime": {"datetime": "2020-11-28 11:49:12", "elapsed": 6.60842, "delta": 0.269279}}
{"target": 78.28190762480023, "params": {"x": -2.850131519726695, "y": -2.892782428051952}, "datetime": {"datetime": "2020-11-28 11:49:12", "elapsed": 6.79125, "delta": 0.18283}}
{"target": 78.29690785724256, "params": {"x": -2.9425605050106185, "y": -2.8809649021906534}, "datetime": {"datetime": "2020-11-28 11:49:13", "elapsed": 7.090198, "delta": 0.298948}}
{"target": 78.2562786413493, "params": {"x": -2.8377617764352268, "y": -2.9164401812550054}, "datetime": {"datetime": "2020-11-28 11:49:13", "elapsed": 7.458758, "delta": 0.36856}}
{"target": 78.03316799639005, "params": {"x": -2.7861700816183843, "y": -2.8390849361895674}, "datetime": {"datetime": "2020-11-28 11:49:13", "elapsed": 7.674762, "delta": 0.216004}}
{"target": 78.29807150436102, "params": {"x": -2.8956691749803163, "y": -2.94702977354528}, "datetime": {"datetime": "2020-11-28 11:49:14", "elapsed": 8.022291, "delta": 0.347529}}
{"target": 78.26961447662126, "params": {"x": -2.947962487217656, "y": -2.9435586770276267}, "datetime": {"datetime": "2020-11-28 11:49:14", "elapsed": 8.3571, "delta": 0.334809}}
{"target": 78.23657094379811, "params": {"x": -2.828200825845678, "y": -2.9058893975979205}, "datetime": {"datetime": "2020-11-28 11:49:14", "elapsed": 8.623435, "delta": 0.266335}}
{"target": 78.24006385868701, "params": {"x": -2.925951655993381, "y": -2.8332079528446785}, "datetime": {"datetime": "2020-11-28 11:49:15", "elapsed": 9.090086, "delta": 0.466651}}
{"target": 78.30251434882805, "params": {"x": -2.937430815845692, "y": -2.879726763042043}, "datetime": {"datetime": "2020-11-28 11:49:15", "elapsed": 9.370338, "delta": 0.280252}}
{"target": 78.29211410812407, "params": {"x": -2.948421572468262, "y": -2.9202339919309805}, "datetime": {"datetime": "2020-11-28 11:49:15", "elapsed": 9.698258, "delta": 0.32792}}
{"target": 78.31471227077644, "params": {"x": -2.874593870169454, "y": -2.8897349515165063}, "datetime": {"datetime": "2020-11-28 11:49:16", "elapsed": 9.936741, "delta": 0.238483}}
{"target": 78.26241918512453, "params": {"x": -2.8414433527318774, "y": -2.919855629995076}, "datetime": {"datetime": "2020-11-28 11:49:16", "elapsed": 10.348766, "delta": 0.412025}}
{"target": 78.33156501784919, "params": {"x": -2.910121606536502, "y": -2.902623159013431}, "datetime": {"datetime": "2020-11-28 11:49:17", "elapsed": 10.80722, "delta": 0.458454}}
{"target": 78.28573890273192, "params": {"x": -2.869176307677257, "y": -2.8641888801145576}, "datetime": {"datetime": "2020-11-28 11:49:17", "elapsed": 11.251972, "delta": 0.444752}}
{"target": 78.18057820273856, "params": {"x": -2.9483428695055736, "y": -2.9845178705186415}, "datetime": {"datetime": "2020-11-28 11:49:17", "elapsed": 11.665182, "delta": 0.41321}}
{"target": 78.20462310797038, "params": {"x": -2.820057052121636, "y": -2.9281535671602157}, "datetime": {"datetime": "2020-11-28 11:49:18", "elapsed": 12.025284, "delta": 0.360102}}
{"target": 78.31190994868433, "params": {"x": -2.86934296626711, "y": -2.8984934382260628}, "datetime": {"datetime": "2020-11-28 11:49:18", "elapsed": 12.285363, "delta": 0.260079}}
{"target": 78.21727608304901, "params": {"x": -2.863178806951907, "y": -2.973750407561951}, "datetime": {"datetime": "2020-11-28 11:49:18", "elapsed": 12.573665, "delta": 0.288302}}
{"target": 78.2934997924663, "params": {"x": -2.950477842117183, "y": -2.906196881722687}, "datetime": {"datetime": "2020-11-28 11:49:19", "elapsed": 12.900827, "delta": 0.327162}}
{"target": 78.30879183990649, "params": {"x": -2.8796735145921537, "y": -2.8751755348588315}, "datetime": {"datetime": "2020-11-28 11:49:19", "elapsed": 13.188215, "delta": 0.287388}}
{"target": 78.23246093259085, "params": {"x": -2.9282624270332724, "y": -2.830819413632446}, "datetime": {"datetime": "2020-11-28 11:49:19", "elapsed": 13.671525, "delta": 0.48331}}
{"target": 78.31623284265014, "params": {"x": -2.9279016594037155, "y": -2.921709241287176}, "datetime": {"datetime": "2020-11-28 11:49:20", "elapsed": 13.994225, "delta": 0.3227}}
{"target": 78.29914685568335, "params": {"x": -2.906612812897973, "y": -2.9469173103833324}, "datetime": {"datetime": "2020-11-28 11:49:20", "elapsed": 14.422117, "delta": 0.427892}}
{"target": 78.31239540590106, "params": {"x": -2.936977339702241, "y": -2.898852584541123}, "datetime": {"datetime": "2020-11-28 11:49:21", "elapsed": 14.968317, "delta": 0.5462}}
{"target": 78.3126418586878, "params": {"x": -2.889451490354187, "y": -2.8726937051806067}, "datetime": {"datetime": "2020-11-28 11:49:21", "elapsed": 15.358809, "delta": 0.390492}}
{"target": 78.23351709453412, "params": {"x": -2.8395199079896063, "y": -2.8619593188184322}, "datetime": {"datetime": "2020-11-28 11:49:21", "elapsed": 15.742822, "delta": 0.384013}}
{"target": 78.28314644101903, "params": {"x": -2.9193675423436094, "y": -2.9540217663239}, "datetime": {"datetime": "2020-11-28 11:49:22", "elapsed": 16.323827, "delta": 0.581005}}
{"target": 78.32778951017691, "params": {"x": -2.9010395582075277, "y": -2.9195052150837943}, "datetime": {"datetime": "2020-11-28 11:49:22", "elapsed": 16.694659, "delta": 0.370832}}
{"target": 78.29712171501566, "params": {"x": -2.938114277665468, "y": -2.874644680094358}, "datetime": {"datetime": "2020-11-28 11:49:23", "elapsed": 17.230723, "delta": 0.536064}}
{"target": 78.19231777647441, "params": {"x": -2.986765859816838, "y": -2.872148868308988}, "datetime": {"datetime": "2020-11-28 11:49:23", "elapsed": 17.57381, "delta": 0.343087}}
{"target": 78.02333859755203, "params": {"x": -2.9973546660295805, "y": -2.9958456396875377}, "datetime": {"datetime": "2020-11-28 11:49:24", "elapsed": 17.86303, "delta": 0.28922}}
{"target": 78.31272287763693, "params": {"x": -2.9047558661757797, "y": -2.936998646230413}, "datetime": {"datetime": "2020-11-28 11:49:24", "elapsed": 18.073459, "delta": 0.210429}}
{"target": 78.2310127886029, "params": {"x": -2.8335225494067084, "y": -2.936103143674731}, "datetime": {"datetime": "2020-11-28 11:49:24", "elapsed": 18.333766, "delta": 0.260307}}
{"target": 78.21889035717068, "params": {"x": -2.8260325040590017, "y": -2.93004871750154}, "datetime": {"datetime": "2020-11-28 11:49:24", "elapsed": 18.689692, "delta": 0.355926}}
{"target": 78.30090137749411, "params": {"x": -2.877027193454894, "y": -2.869858052230364}, "datetime": {"datetime": "2020-11-28 11:49:25", "elapsed": 19.127031, "delta": 0.437339}}
{"target": 78.30565307796155, "params": {"x": -2.908353841369223, "y": -2.8642936073971126}, "datetime": {"datetime": "2020-11-28 11:49:25", "elapsed": 19.601637, "delta": 0.474606}}
{"target": 78.3110334874838, "params": {"x": -2.9114866616383885, "y": -2.8691554244346875}, "datetime": {"datetime": "2020-11-28 11:49:26", "elapsed": 19.982695, "delta": 0.381058}}
{"target": 78.27659599792324, "params": {"x": -2.9458687755920843, "y": -2.9407905782372854}, "datetime": {"datetime": "2020-11-28 11:49:26", "elapsed": 20.436208, "delta": 0.453513}}
{"target": 78.32250520750944, "params": {"x": -2.891678541190046, "y": -2.9241573673758428}, "datetime": {"datetime": "2020-11-28 11:49:27", "elapsed": 20.888012, "delta": 0.451804}}
{"target": 78.33085266246599, "params": {"x": -2.912639017642531, "y": -2.9050711406374843}, "datetime": {"datetime": "2020-11-28 11:49:27", "elapsed": 21.226497, "delta": 0.338485}}
{"target": 78.3151473748523, "params": {"x": -2.907224689949266, "y": -2.872060429282739}, "datetime": {"datetime": "2020-11-28 11:49:27", "elapsed": 21.722212, "delta": 0.495715}}
{"target": 78.08904490020495, "params": {"x": -2.798463804033664, "y": -2.961417618312333}, "datetime": {"datetime": "2020-11-28 11:49:28", "elapsed": 22.065816, "delta": 0.343604}}
{"target": 78.32180745999068, "params": {"x": -2.8897674315759714, "y": -2.9239572683212223}, "datetime": {"datetime": "2020-11-28 11:49:28", "elapsed": 22.519589, "delta": 0.453773}}
{"target": 78.3048880952482, "params": {"x": -2.9337404893247054, "y": -2.877626262559909}, "datetime": {"datetime": "2020-11-28 11:49:29", "elapsed": 22.873642, "delta": 0.354053}}
{"target": 78.32891516946498, "params": {"x": -2.904433851570384, "y": -2.889473816115169}, "datetime": {"datetime": "2020-11-28 11:49:29", "elapsed": 23.05918, "delta": 0.185538}}
{"target": 78.27878917244878, "params": {"x": -2.8482617105365415, "y": -2.9134096841321333}, "datetime": {"datetime": "2020-11-28 11:49:29", "elapsed": 23.522033, "delta": 0.462853}}
{"target": 78.3151064605113, "params": {"x": -2.915214262517798, "y": -2.8740764556947673}, "datetime": {"datetime": "2020-11-28 11:49:30", "elapsed": 24.007771, "delta": 0.485738}}
{"target": 78.26465428458447, "params": {"x": -2.948722928038622, "y": -2.860316565722453}, "datetime": {"datetime": "2020-11-28 11:49:30", "elapsed": 24.616376, "delta": 0.608605}}
{"target": 78.30629702017356, "params": {"x": -2.9206906686898026, "y": -2.9381120641503546}, "datetime": {"datetime": "2020-11-28 11:49:31", "elapsed": 25.132829, "delta": 0.516453}}
{"target": 78.14697489600516, "params": {"x": -2.996428264259939, "y": -2.9458802388555116}, "datetime": {"datetime": "2020-11-28 11:49:31", "elapsed": 25.632178, "delta": 0.499349}}
{"target": 78.25306134325797, "params": {"x": -2.8689963349290037, "y": -2.96132780273484}, "datetime": {"datetime": "2020-11-28 11:49:32", "elapsed": 26.169678, "delta": 0.5375}}
{"target": 78.3294454676955, "params": {"x": -2.9102427383126193, "y": -2.914549538655403}, "datetime": {"datetime": "2020-11-28 11:49:32", "elapsed": 26.611839, "delta": 0.442161}}
{"target": 78.32939975207302, "params": {"x": -2.9159485922694097, "y": -2.899687300542383}, "datetime": {"datetime": "2020-11-28 11:49:33", "elapsed": 27.112725, "delta": 0.500886}}
{"target": 78.31208651220726, "params": {"x": -2.8738337353899834, "y": -2.8862365573798385}, "datetime": {"datetime": "2020-11-28 11:49:33", "elapsed": 27.779679, "delta": 0.666954}}
{"target": 78.25167917025993, "params": {"x": -2.9680113853804757, "y": -2.9238707545270612}, "datetime": {"datetime": "2020-11-28 11:49:34", "elapsed": 28.457181, "delta": 0.677502}}
{"target": 78.07636046807627, "params": {"x": -2.844708737731093, "y": -2.7947248486595297}, "datetime": {"datetime": "2020-11-28 11:49:35", "elapsed": 29.372431, "delta": 0.91525}}
{"target": 78.24790870826195, "params": {"x": -2.9473091153786504, "y": -2.9572507402402426}, "datetime": {"datetime": "2020-11-28 11:49:36", "elapsed": 30.107155, "delta": 0.734724}}
{"target": 78.32947937420867, "params": {"x": -2.8984029928000443, "y": -2.891735424864974}, "datetime": {"datetime": "2020-11-28 11:49:36", "elapsed": 30.508616, "delta": 0.401461}}
{"target": 78.32175750926136, "params": {"x": -2.8807028488949618, "y": -2.9132256535777845}, "datetime": {"datetime": "2020-11-28 11:49:37", "elapsed": 31.062225, "delta": 0.553609}}
{"target": 78.20751396757282, "params": {"x": -2.987009287069645, "y": -2.8962072440994113}, "datetime": {"datetime": "2020-11-28 11:49:37", "elapsed": 31.539209, "delta": 0.476984}}
{"target": 78.30314660745577, "params": {"x": -2.8800681627953937, "y": -2.8695541736681496}, "datetime": {"datetime": "2020-11-28 11:49:38", "elapsed": 32.169104, "delta": 0.629895}}
{"target": 78.28022498378043, "params": {"x": -2.887464264233671, "y": -2.8505598945087796}, "datetime": {"datetime": "2020-11-28 11:49:38", "elapsed": 32.62839, "delta": 0.459286}}
{"target": 78.26579115105937, "params": {"x": -2.8457735060598144, "y": -2.9274434224270616}, "datetime": {"datetime": "2020-11-28 11:49:39", "elapsed": 33.168724, "delta": 0.540334}}
{"target": 78.31508577972048, "params": {"x": -2.9100919889342403, "y": -2.9342662619514}, "datetime": {"datetime": "2020-11-28 11:49:39", "elapsed": 33.747913, "delta": 0.579189}}
{"target": 78.30082776217465, "params": {"x": -2.865613344555441, "y": -2.923521534801401}, "datetime": {"datetime": "2020-11-28 11:49:40", "elapsed": 34.462159, "delta": 0.714246}}
{"target": 78.30617517514557, "params": {"x": -2.868747635742274, "y": -2.9212761951967368}, "datetime": {"datetime": "2020-11-28 11:49:41", "elapsed": 35.140229, "delta": 0.67807}}
{"target": 78.31593272682377, "params": {"x": -2.929971393198448, "y": -2.887897750268543}, "datetime": {"datetime": "2020-11-28 11:49:41", "elapsed": 35.560276, "delta": 0.420047}}
{"target": 78.30936307050837, "params": {"x": -2.935549167940177, "y": -2.8863884652158553}, "datetime": {"datetime": "2020-11-28 11:49:42", "elapsed": 36.018849, "delta": 0.458573}}
{"target": 78.25347684480761, "params": {"x": -2.9112171856783267, "y": -2.9698850405888875}, "datetime": {"datetime": "2020-11-28 11:49:43", "elapsed": 36.909589, "delta": 0.89074}}
{"target": 78.26801967328362, "params": {"x": -2.9247045321160767, "y": -2.8458092018392787}, "datetime": {"datetime": "2020-11-28 11:49:43", "elapsed": 37.396472, "delta": 0.486883}}
{"target": 78.24079369004221, "params": {"x": -2.8694329143482786, "y": -2.8384474673269224}, "datetime": {"datetime": "2020-11-28 11:49:44", "elapsed": 37.802143, "delta": 0.405671}}
{"target": 78.32331994612652, "params": {"x": -2.881814113817638, "y": -2.910793527272931}, "datetime": {"datetime": "2020-11-28 11:49:44", "elapsed": 38.739973, "delta": 0.93783}}
