{"target": 28.889824409065017, "params": {"x": -0.8297799529742598, "y": 2.2032449344215808}, "datetime": {"datetime": "2020-11-28 11:45:38", "elapsed": 0.0, "delta": 0.0}}
{"target": -71.24216149050662, "params": {"x": -4.998856251826551, "y": -1.9766742736816023}, "datetime": {"datetime": "2020-11-28 11:45:38", "elapsed": 0.003974, "delta": 0.003974}}
{"target": 25.695698611080772, "params": {"x": -0.6598371453154179, "y": 2.128314840965011}, "datetime": {"datetime": "2020-11-28 11:45:38", "elapsed": 0.030903, "delta": 0.026929}}
{"target": -86.10405640803802, "params": {"x": -2.7757847085614524, "y": 5.0}, "datetime": {"datetime": "2020-11-28 11:45:38", "elapsed": 0.106704, "delta": 0.075801}}
{"target": 29.09155790883933, "params": {"x": -1.8996667674561836, "y": 0.6917146532285697}, "datetime": {"datetime": "2020-11-28 11:45:39", "elapsed": 0.276247, "delta": 0.169543}}
{"target": 20.675578676054545, "params": {"x": 0.47538675568437133, "y": -1.5435831465189254}, "datetime": {"datetime": "2020-11-28 11:45:39", "elapsed": 0.424876, "delta": 0.148629}}
{"target": 55.36297137614979, "params": {"x": 3.3810031166573173, "y": -2.5967494364229253}, "datetime": {"datetime": "2020-11-28 11:45:39", "elapsed": 0.620495, "delta": 0.195619}}
{"target": -45.536151933458186, "params": {"x": 2.570300292751426, "y": -4.807297110569465}, "datetime": {"datetime": "2020-11-28 11:45:39", "elapsed": 0.819745, "delta": 0.19925}}
{"target": 30.017423577704612, "params": {"x": 3.233385327137976, "y": -0.9453707632355974}, "datetime": {"datetime": "2020-11-28 11:45:39", "elapsed": 0.97239, "delta": 0.152645}}
{"target": -92.21343976234769, "params": {"x": 5.0, "y": -2.2171482415269628}, "datetime": {"datetime": "2020-11-28 11:45:39", "elapsed": 1.092608, "delta": 0.120218}}
{"target": 54.737027251914746, "params": {"x": 2.430807385648955, "y": -2.1111078718835574}, "datetime": {"datetime": "2020-11-28 11:45:40", "elapsed": 1.279143, "delta": 0.186535}}
{"target": 14.47914462213724, "params": {"x": 1.6621644101052453, "y": -0.10454431806168338}, "datetime": {"datetime": "2020-11-28 11:45:40", "elapsed": 1.45065, "delta": 0.171507}}
{"target": 32.055612599916564, "params": {"x": -1.4887782449272713, "y": -1.1765997011016616}, "datetime": {"datetime": "2020-11-28 11:45:40", "elapsed": 1.595265, "delta": 0.144615}}
{"target": 49.65509924972452, "params": {"x": -1.0814048488732562, "y": -3.1219181271821608}, "datetime": {"datetime": "2020-11-28 11:45:40", "elapsed": 1.756833, "delta": 0.161568}}
{"target": -32.60825893545033, "params": {"x": -1.6181705327695317, "y": -4.689634028443664}, "datetime": {"datetime": "2020-11-28 11:45:40", "elapsed": 1.882497, "delta": 0.125664}}
{"target": 37.752086932785964, "params": {"x": 0.2929232108218556, "y": -3.172310954979585}, "datetime": {"datetime": "2020-11-28 11:45:40", "elapsed": 1.988736, "delta": 0.106239}}
{"target": 32.60186077541091, "params": {"x": 3.4491495373229584, "y": 1.844349975021487}, "datetime": {"datetime": "2020-11-28 11:45:40", "elapsed": 2.137926, "delta": 0.14919}}
{"target": 40.53840941088964, "params": {"x": 2.429106665346889, "y": 3.4128711829165677}, "datetime": {"datetime": "2020-11-28 11:45:41", "elapsed": 2.328421, "delta": 0.190495}}
{"target": -11.211348848089095, "params": {"x": 4.1282140882888925, "y": 3.667206371598336}, "datetime": {"datetime": "2020-11-28 11:45:41", "elapsed": 2.465786, "delta": 0.137365}}
{"target": 36.18162089254453, "params": {"x": 1.7927737674109174, "y": 2.085012181239981}, "datetime": {"datetime": "2020-11-28 11:45:41", "elapsed": 2.56851, "delta": 0.102724}}
{"target": 2.9398353358582114, "params": {"x": 0.8787089934524728, "y": 3.847161523214915}, "datetime": {"datetime": "2020-11-28 11:45:41", "elapsed": 2.663661, "delta": 0.095151}}
{"target": 68.60817161088254, "params": {"x": -2.199087155044511, "y": -2.448858010465317}, "datetime": {"datetime": "2020-11-28 11:45:41", "elapsed": 2.755429, "delta": 0.091768}}
{"target": 39.50557951009205, "params": {"x": -3.6430977498824024, "y": 1.5389969622275825}, "datetime": {"datetime": "2020-11-28 11:45:41", "elapsed": 2.852679, "delta": 0.09725}}
{"target": -77.34688830952022, "params": {"x": -5.0, "y": 2.307587474974958}, "datetime": {"datetime": "2020-11-28 11:45:41", "elapsed": 2.966373, "delta": 0.113694}}
{"target": 35.77144461006753, "params": {"x": -3.310145447011281, "y": 0.246633883474364}, "datetime": {"datetime": "2020-11-28 11:45:41", "elapsed": 3.045841, "delta": 0.079468}}
{"target": 55.29691707070696, "params": {"x": -2.4941548436336936, "y": 1.9738485665886065}, "datetime": {"datetime": "2020-11-28 11:45:41", "elapsed": 3.129657, "delta": 0.083816}}
{"target": -200.0, "params": {"x": -5.0, "y": -5.0}, "datetime": {"datetime": "2020-11-28 11:45:41", "elapsed": 3.205453, "delta": 0.075796}}
{"target": -99.05774080917477, "params": {"x": 2.4233587465470583, "y": 4.986811253015457}, "datetime": {"datetime": "2020-11-28 11:45:42", "elapsed": 3.338068, "delta": 0.132615}}
{"target": -115.82675229566995, "params": {"x": 4.989447336259186, "y": 1.1907008719374756}, "datetime": {"datetime": "2020-11-28 11:45:42", "elapsed": 3.447808, "delta": 0.10974}}
{"target": 57.316154775860014, "params": {"x": -2.862296908612257, "y": -1.44715483328405}, "datetime": {"datetime": "2020-11-28 11:45:42", "elapsed": 3.538135, "delta": 0.090327}}
{"target": -225.0, "params": {"x": 5.0, "y": -5.0}, "datetime": {"datetime": "2020-11-28 11:45:42", "elapsed": 3.632881, "delta": 0.094746}}
{"target": 58.51958794865152, "params": {"x": 2.1695890597590317, "y": -3.210443872984662}, "datetime": {"datetime": "2020-11-28 11:45:42", "elapsed": 3.823372, "delta": 0.190491}}
