{"target": 207.9066381395443, "params": {"x0": 2.367752440815095, "x1": -0.07115856267706988, "x10": -2.256186489718469, "x11": -1.6874794108928204, "x12": -1.3371667669612295, "x13": 1.673034183613055, "x14": -0.03452127955327544, "x15": -0.32894384286487544, "x16": -0.3372459169265838, "x17": -0.8947682443708995, "x18": 0.9007986089500299, "x19": 0.7980038142059032, "x2": -0.5270952958559523, "x3": -4.32703803543623, "x4": -2.5379132737320376, "x5": -1.3599170257891369, "x6": 3.244921366038561, "x7": -0.38507817915700926, "x8": -0.8801156555422684, "x9": 1.064603924928658}, "datetime": {"datetime": "2020-12-04 14:47:41", "elapsed": 5.194044, "delta": 0.080971}}
{"target": 267.83072707400663, "params": {"x0": -1.3602881354859564, "x1": -3.443334179435258, "x10": -0.22708475813893259, "x11": -3.175694531930061, "x12": 1.580931888886532, "x13": 4.629611078230013, "x14": -4.325954847242394, "x15": -2.6729605485182595, "x16": -2.327454835454008, "x17": -1.2692783638412575, "x18": 0.8114663362810104, "x19": -1.2608580218869303, "x2": 3.1268631814288455, "x3": -1.7931050244033764, "x4": -0.21778736343972316, "x5": -3.1216961216911967, "x6": -1.2015717101864878, "x7": -3.6650365564776743, "x8": 1.9767478684727493, "x9": 0.3939025320029108}, "datetime": {"datetime": "2020-12-04 14:47:41", "elapsed": 5.273982, "delta": 0.079938}}
{"target": 212.41053881437597, "params": {"x0": 0.7232771351836478, "x1": 0.5456893459010335, "x10": -2.369966699440258, "x11": -3.505041994167455, "x12": -0.9566915336864152, "x13": 0.13892981849314623, "x14": -2.8130883880509105, "x15": 0.8819639739949778, "x16": 1.0674642235120455, "x17": -4.326704989666018, "x18": -0.681252960866571, "x19": -0.5589512759711548, "x2": 0.6454801737863294, "x3": -1.1246020748293328, "x4": -1.1212083234257584, "x5": -0.4954227315833082, "x6": 2.1353316886172102, "x7": -3.586368231727366, "x8": 1.3755801443129743, "x9": 0.6374959483521403}, "datetime": {"datetime": "2020-12-04 14:47:41", "elapsed": 5.358803, "delta": 0.084821}}
{"target": 198.44561373590614, "params": {"x0": 0.8182972741323633, "x1": -2.681647126469542, "x10": 0.4146595897890215, "x11": -2.2812465753271693, "x12": -0.38023615860857785, "x13": -1.5892762826828788, "x14": -4.495916707506552, "x15": -1.4398808554274778, "x16": -2.427041216288636, "x17": 2.553726567300549, "x18": -0.0674029444209534, "x19": 0.3266225318938112, "x2": 4.5725782767176195, "x3": -2.8690772786848973, "x4": -4.330362198885353, "x5": 2.132932042478645, "x6": 0.09076771320191224, "x7": -3.695766297588653, "x8": 1.329660798187775, "x9": -3.303333356967265}, "datetime": {"datetime": "2020-12-04 14:47:41", "elapsed": 5.445728, "delta": 0.086925}}
{"target": 306.56400648699844, "params": {"x0": -0.5289011323675243, "x1": 0.5293950302455928, "x10": -1.670113163747955, "x11": -0.7268496314560045, "x12": -3.2513457420412406, "x13": 0.6064354308134607, "x14": -1.6505771364808588, "x15": -1.7788939416255678, "x16": -0.82687746027473, "x17": -0.9609157199448228, "x18": 2.3575341493723387, "x19": 1.6511416289429253, "x2": 2.820596587309703, "x3": -1.216023335649398, "x4": -3.9358036511936856, "x5": -2.7589689014478322, "x6": -3.3780739341203994, "x7": -0.03351501244599042, "x8": -0.8777396602786833, "x9": -0.16779936952493468}, "datetime": {"datetime": "2020-12-04 14:47:42", "elapsed": 5.539579, "delta": 0.093851}}
{"target": 185.54232294288929, "params": {"x0": 3.0808507039050834, "x1": -0.2697623109359615, "x10": -4.970418906656259, "x11": -1.1705751486029814, "x12": -0.633256030189334, "x13": 1.2364144190907878, "x14": -1.9818971884318213, "x15": 2.4448398336513826, "x16": -2.0299208729904983, "x17": -0.8898334376767831, "x18": -3.3622838498181826, "x19": 1.3433925946444951, "x2": -1.9374116088710158, "x3": -0.9463129831674735, "x4": -0.08663429144810753, "x5": -1.5681952473550078, "x6": -0.214038256803871, "x7": -0.06460793152065936, "x8": 2.4042508365939677, "x9": -1.1984315785989463}, "datetime": {"datetime": "2020-12-04 14:47:42", "elapsed": 5.635124, "delta": 0.095545}}
{"target": 293.71891124010375, "params": {"x0": -3.0160407827683864, "x1": 2.579672710339138, "x10": 2.1882864404982136, "x11": 1.5202210389886783, "x12": -2.030806288029355, "x13": -2.0512063846295483, "x14": -0.1227793530180552, "x15": 0.36015585296159713, "x16": 0.5924296264410707, "x17": 0.6743869993559102, "x18": 2.8671628246385055, "x19": -2.8375556759164553, "x2": -2.2142880077105556, "x3": -0.8580306777486832, "x4": -2.996306239923433, "x5": -4.433266025905413, "x6": -4.544592341539523, "x7": -3.669679178342963, "x8": 0.9045808049583801, "x9": 2.19816220245524}, "datetime": {"datetime": "2020-12-04 14:47:42", "elapsed": 5.722073, "delta": 0.086949}}
{"target": 105.64881033008753, "params": {"x0": 2.76726442476998, "x1": -2.4695425335245758, "x10": -4.65213365931929, "x11": -3.387231469387779, "x12": -4.494235049982168, "x13": -0.3763855630946722, "x14": 0.523663073557044, "x15": 3.453410097956924, "x16": -0.5686758197574857, "x17": -4.576058737215785, "x18": 3.7108465641654718, "x19": -2.152526411621717, "x2": 1.2929251820544057, "x3": -1.505542753200173, "x4": -0.09105348535254443, "x5": -4.264437987399923, "x6": 2.1347535111546856, "x7": -1.5721258245368053, "x8": -0.9138940671887816, "x9": 0.5859936229170142}, "datetime": {"datetime": "2020-12-04 14:47:42", "elapsed": 5.810024, "delta": 0.087951}}
{"target": 312.7007611761769, "params": {"x0": -2.122026892295845, "x1": 1.0738797753428493, "x10": 1.5165794966985215, "x11": -0.5285909855977389, "x12": -1.8466370394312182, "x13": -3.921578565718531, "x14": -1.368090262916156, "x15": 1.5107497719867506, "x16": -2.220751813135146, "x17": -0.4378407188646243, "x18": -0.6441378598086676, "x19": -3.4929646842641606, "x2": 1.6496243675171307, "x3": -3.968434327253525, "x4": -0.7607806112334501, "x5": -0.3698601342895369, "x6": -1.7176926643826418, "x7": -2.789004442915768, "x8": -1.6109285573897458, "x9": -0.16478342178979943}, "datetime": {"datetime": "2020-12-04 14:47:42", "elapsed": 5.904834, "delta": 0.09481}}
{"target": 397.1060635491419, "params": {"x0": -2.3407284654311167, "x1": -1.3112378499403499, "x10": 0.30727058909448957, "x11": -2.739874039468322, "x12": -3.6176008940463813, "x13": -3.3234831095562845, "x14": -2.1367607075537665, "x15": 1.7234009687943441, "x16": -1.5600591141713038, "x17": -0.6841331179898393, "x18": -2.2708325682941632, "x19": 0.9508618683192607, "x2": -0.1441363722892488, "x3": -3.622273702849693, "x4": -3.310117510690591, "x5": 0.7824351695040708, "x6": 0.039333254659781325, "x7": -2.3345482594939937, "x8": -3.535020160806366, "x9": -0.3327160845100119}, "datetime": {"datetime": "2020-12-04 14:47:42", "elapsed": 5.99878, "delta": 0.093946}}
{"target": 325.29505689683515, "params": {"x0": -0.617812200548693, "x1": 0.8286880908540608, "x10": -2.468997247708894, "x11": 0.05594438973241633, "x12": -0.9241719297719566, "x13": 3.151108100639469, "x14": -3.5171905079620434, "x15": -2.7782261440495235, "x16": 0.2184775635457834, "x17": 2.0664952647203645, "x18": 3.8361354997692096, "x19": 0.4696436051616413, "x2": 3.1158166131163885, "x3": -2.5271652165173886, "x4": -4.335442114678374, "x5": -2.7563134598365324, "x6": -3.5575913894418463, "x7": -0.8446572899299101, "x8": -2.7891591387216197, "x9": -0.09509081199492186}, "datetime": {"datetime": "2020-12-04 14:47:42", "elapsed": 6.084661, "delta": 0.085881}}
{"target": 204.84641274663673, "params": {"x0": -3.718618065146745, "x1": -1.3708340877851022, "x10": 3.0938230852194675, "x11": -0.9000940926516936, "x12": -2.63082264556732, "x13": -2.210927193902701, "x14": -0.3203473900776874, "x15": -1.1226116789083216, "x16": 0.0689322803484469, "x17": 1.6338453250935956, "x18": 2.3399407248282253, "x19": -0.9272536584718427, "x2": -1.6409521944799552, "x3": -0.31825709690582205, "x4": -4.721132441469572, "x5": -3.7623977205127277, "x6": -2.2659312388046384, "x7": -4.645661677315383, "x8": -1.9838298289362033, "x9": 0.5855578757296067}, "datetime": {"datetime": "2020-12-04 14:47:42", "elapsed": 6.181605, "delta": 0.096944}}
{"target": 322.37695033387473, "params": {"x0": 0.9957533899820339, "x1": 0.6239392761586, "x10": -2.4253508997883486, "x11": -0.04039047209092672, "x12": -1.4711195526484744, "x13": -1.0354845205242027, "x14": 2.137936664225392, "x15": 3.2855604199564716, "x16": 2.292380562058111, "x17": 0.5967415428702285, "x18": 3.4747818155017534, "x19": -2.926537272018994, "x2": 0.8559664563153513, "x3": -2.566362908243903, "x4": 0.10113336924403171, "x5": -2.0131246621550525, "x6": 1.305668986380497, "x7": -1.431344084843703, "x8": -0.39706864820909704, "x9": -3.443151235986929}, "datetime": {"datetime": "2020-12-04 14:47:42", "elapsed": 6.284442, "delta": 0.102837}}
{"target": 314.10052929981777, "params": {"x0": 2.1025592964647775, "x1": 1.4284574751632642, "x10": -2.572184426947257, "x11": -2.360926891953161, "x12": -3.639164229182642, "x13": 3.1351945658772955, "x14": -0.9570293612959535, "x15": 0.65637234733064, "x16": 3.207950429500464, "x17": -3.4415706229200485, "x18": 0.20198544149970488, "x19": 1.084876840474358, "x2": -1.51481823798723, "x3": -1.746212177809615, "x4": 0.479258003756204, "x5": -4.4303686179242705, "x6": -3.5592786258713884, "x7": 1.1523902680728026, "x8": 0.0864373206504565, "x9": -2.2301099068829267}, "datetime": {"datetime": "2020-12-04 14:47:42", "elapsed": 6.391354, "delta": 0.106912}}
{"target": 158.2285809715746, "params": {"x0": -2.8966931707095664, "x1": 0.1935451787438982, "x10": 4.939720320432109, "x11": 0.3125488601624866, "x12": -0.09254594664159921, "x13": -0.5446446219814227, "x14": -1.211169946770525, "x15": -0.9303372578223925, "x16": -2.5182174734089022, "x17": 1.4179040450097524, "x18": 3.0607711980698955, "x19": -1.5366344727897885, "x2": 0.4812730190902359, "x3": -0.5645579483782504, "x4": -2.029872759991159, "x5": -1.3575773584937743, "x6": -3.6863119748406072, "x7": -3.552226507705721, "x8": 1.0687953661913738, "x9": 0.9645120874072122}, "datetime": {"datetime": "2020-12-04 14:47:43", "elapsed": 6.496294, "delta": 0.10494}}
{"target": 196.16458401339875, "params": {"x0": 2.3028385548073205, "x1": -0.6124034473973436, "x10": -4.445051632385981, "x11": 0.30863256500706626, "x12": -1.612369505800845, "x13": -2.4642921380680907, "x14": 3.5543869828008816, "x15": 2.916494933794583, "x16": 1.6375933510180705, "x17": -1.288377198867349, "x18": 4.509967440842486, "x19": -3.4528485818319385, "x2": -0.6555203074484517, "x3": -3.369846853169709, "x4": -0.4568727812786024, "x5": -2.613989553274795, "x6": 0.6280422136728507, "x7": -1.4800524916669264, "x8": 1.1472823653386843, "x9": -4.31447574898688}, "datetime": {"datetime": "2020-12-04 14:47:43", "elapsed": 6.604082, "delta": 0.107788}}
{"target": 205.42721733638473, "params": {"x0": -3.404761305088828, "x1": 0.8909051978097571, "x10": 2.5828702457345223, "x11": -2.0325403525929033, "x12": -4.8101040661300125, "x13": -3.5777681901346936, "x14": -3.3951951395675306, "x15": 2.987086761386248, "x16": -0.9048892464848866, "x17": 4.055864076963088, "x18": 3.6519247743124126, "x19": -2.889575146398645, "x2": -2.992057567517471, "x3": -1.6782191155586759, "x4": 3.519057521464763, "x5": -0.29927660001032486, "x6": -3.227545563060119, "x7": -4.873877348218621, "x8": 1.1573032210748107, "x9": -1.152424702015944}, "datetime": {"datetime": "2020-12-04 14:47:43", "elapsed": 6.697028, "delta": 0.092946}}
{"target": 336.13853579468184, "params": {"x0": 0.9026057262459686, "x1": -0.5397279397643571, "x10": -2.2175285375891174, "x11": -3.684665724865235, "x12": -1.4703004282844612, "x13": 4.329297484173077, "x14": -3.051057619545905, "x15": -0.8236189699132694, "x16": 1.522041786756021, "x17": -3.321677393524026, "x18": 1.7322793806775074, "x19": 0.11171139657434281, "x2": -2.2026352545795946, "x3": 2.233602912707785, "x4": -3.7025869580091575, "x5": -2.745384481723212, "x6": -3.424080338636042, "x7": -0.08526055160472445, "x8": 1.422644568043201, "x9": -1.366538630936398}, "datetime": {"datetime": "2020-12-04 14:47:43", "elapsed": 6.802967, "delta": 0.105939}}
{"target": 247.57219643753143, "params": {"x0": 1.414665006723781, "x1": -1.2525428704428765, "x10": -0.7789500579601523, "x11": -3.034834130566292, "x12": -2.269740815997854, "x13": 4.938054386144554, "x14": -1.6561790545073816, "x15": -2.4325983943117304, "x16": 1.7672263303428801, "x17": -3.272235314607447, "x18": 4.313369473186125, "x19": 3.411389313546385, "x2": 1.8591313901737827, "x3": 3.281691838062045, "x4": -2.0042632424599285, "x5": -3.0355976754297878, "x6": -1.695336863014357, "x7": 0.906688627956167, "x8": 0.8837244449966377, "x9": -2.061605630453923}, "datetime": {"datetime": "2020-12-04 14:47:43", "elapsed": 6.914903, "delta": 0.111936}}
{"target": 197.25277234292975, "params": {"x0": 0.3411391287239436, "x1": -0.13906732373297093, "x10": 1.1000839278585666, "x11": 0.8506841545153137, "x12": -0.3831702230830123, "x13": -2.2903243596829057, "x14": 0.9386603312444111, "x15": 1.8338452429152694, "x16": -2.5318769591684287, "x17": -1.444697509411168, "x18": -1.0427743568374304, "x19": -4.6945985122867375, "x2": 2.069656542958863, "x3": -2.3114655051154864, "x4": -3.6016167658778175, "x5": -2.6301587824712547, "x6": -3.0147131813328123, "x7": -4.6660447274142935, "x8": -0.7161583612516136, "x9": 0.9653765415725681}, "datetime": {"datetime": "2020-12-04 14:47:43", "elapsed": 7.032641, "delta": 0.117738}}
{"target": 188.80431646165073, "params": {"x0": 0.7946379863963351, "x1": -1.168445710522854, "x10": -2.4737595654169553, "x11": -4.479526172774135, "x12": -4.77119821419541, "x13": 2.3918268165338574, "x14": 0.6906048175762347, "x15": -2.9571014399579654, "x16": 1.246768139671948, "x17": -0.6549754635631277, "x18": 4.269630666922666, "x19": 1.8345115041489741, "x2": 1.7798444861488525, "x3": 1.8486262525750519, "x4": -2.9670290885332173, "x5": -2.1883592250444206, "x6": -0.7935394375270723, "x7": -0.21966670862782323, "x8": 2.6394050299920258, "x9": -2.122934701174508}, "datetime": {"datetime": "2020-12-04 14:47:43", "elapsed": 7.147575, "delta": 0.114934}}
{"target": 152.70363428163503, "params": {"x0": -1.37228939557541, "x1": 2.8420656801558666, "x10": -4.260247463888698, "x11": 1.7082809233841516, "x12": -1.3836255936362676, "x13": -3.434842433671733, "x14": 1.6404380006026749, "x15": 2.156481164555089, "x16": 0.5162239695438302, "x17": 1.3763369345700411, "x18": 4.850109630750856, "x19": -1.959124989149629, "x2": 1.5783657995956313, "x3": -1.3217304296467, "x4": 0.4760163715335963, "x5": -2.2531829242487977, "x6": 0.9898288748921216, "x7": -2.4941338869043284, "x8": 1.5175453972760735, "x9": -4.524429711186974}, "datetime": {"datetime": "2020-12-04 14:47:43", "elapsed": 7.264509, "delta": 0.116934}}
{"target": 338.66121415245556, "params": {"x0": 1.4671880595301836, "x1": 0.4638482719892263, "x10": -2.753889937314912, "x11": -0.5975592320787317, "x12": -3.6633947318607527, "x13": -0.25744913963388427, "x14": -1.9303610854039333, "x15": -2.328049423131854, "x16": 0.5983395530710789, "x17": -3.1154952337913757, "x18": 0.31191075801146084, "x19": -2.738756578652076, "x2": 0.2557435060052784, "x3": -2.1326129406592087, "x4": -0.6987548661436014, "x5": -2.9609319163367664, "x6": 0.9829633154764803, "x7": 0.8108860395499207, "x8": -1.4540735621850698, "x9": -1.2058299300929654}, "datetime": {"datetime": "2020-12-04 14:47:43", "elapsed": 7.373446, "delta": 0.108937}}
{"target": 236.3243242825041, "params": {"x0": 1.7135758118892657, "x1": 0.06658160596629603, "x10": -0.49365714844785913, "x11": 0.7348957256566795, "x12": -1.9059361581085565, "x13": 1.0648921805166847, "x14": -4.44894797177589, "x15": 1.1876343366900972, "x16": 0.013211586846781032, "x17": -1.2258811251889332, "x18": 1.6653726083298537, "x19": -2.595574170134949, "x2": 2.257723474414547, "x3": -2.032403025191325, "x4": 0.29700028097354547, "x5": -3.2719002749807338, "x6": -4.4223725575292185, "x7": -1.7113566127741087, "x8": -2.565614454937032, "x9": 1.455058733549147}, "datetime": {"datetime": "2020-12-04 14:47:44", "elapsed": 7.511367, "delta": 0.137921}}
{"target": 154.66429530959118, "params": {"x0": 0.7835129907047191, "x1": -1.5717982888203252, "x10": -1.5009042357544153, "x11": 1.1761920425239927, "x12": -3.746604283887769, "x13": -0.17422270000619022, "x14": -1.7549244296373412, "x15": -4.049939127385519, "x16": 0.7284448013555274, "x17": -4.8953452556848385, "x18": -0.6442515276834282, "x19": -1.8009819940250393, "x2": 0.41683885799808085, "x3": -2.111277760725282, "x4": -2.7954900696581286, "x5": -4.05163287657266, "x6": 3.6131735539172833, "x7": 1.5986179287054885, "x8": -0.12760892402763258, "x9": 0.02313537285090561}, "datetime": {"datetime": "2020-12-04 14:47:44", "elapsed": 7.621304, "delta": 0.109937}}
{"target": 226.630770487652, "params": {"x0": 0.633798251517482, "x1": 2.7562026034672797, "x10": 4.0284450885499155, "x11": -2.136967772972639, "x12": -1.9942776555988928, "x13": -0.7739261353383959, "x14": 1.1224128590136502, "x15": -0.5679172566085287, "x16": -2.525868864207912, "x17": 0.1641224698536412, "x18": -0.02080913312091326, "x19": 2.5272223427616964, "x2": -1.4634726570991132, "x3": -4.525340827563188, "x4": -0.3429242068913556, "x5": 2.489723897070247, "x6": 2.2296755850688745, "x7": 0.19692693530833605, "x8": 0.851948412956073, "x9": -3.100513359930427}, "datetime": {"datetime": "2020-12-04 14:47:44", "elapsed": 7.732241, "delta": 0.110937}}
{"target": 404.19310758334456, "params": {"x0": -0.49042242240086864, "x1": 3.0150591946310374, "x10": 3.1776614914238124, "x11": 2.905774192794701, "x12": -2.461814659259438, "x13": -2.5223788244229537, "x14": -0.10640202064979842, "x15": -0.7161066104994482, "x16": 2.132128608149504, "x17": 1.6982830854208943, "x18": 2.5144162202013245, "x19": -3.7094753184602522, "x2": -2.043403594190485, "x3": -0.9344509787293775, "x4": -2.5587526453452245, "x5": -2.747915209563515, "x6": -1.0382116997854283, "x7": -4.128350929505768, "x8": -2.0650567046342303, "x9": 1.3743765770827787}, "datetime": {"datetime": "2020-12-04 14:47:44", "elapsed": 7.847175, "delta": 0.114934}}
{"target": 161.7760567699601, "params": {"x0": 2.4268248520719835, "x1": -1.1083735760623048, "x10": 0.5315937667014738, "x11": 1.3222909774079046, "x12": -4.295143413263825, "x13": -1.8230135660828974, "x14": -4.604866322645384, "x15": 0.09435112186230654, "x16": 0.42734848850754936, "x17": 1.6799184460597978, "x18": 2.4293523734156297, "x19": 0.8553668245033066, "x2": 1.313352024632744, "x3": -3.100448934865047, "x4": -0.9637771054411335, "x5": -3.8926465270037633, "x6": 1.3584930846936825, "x7": -4.328959893096855, "x8": -0.7785481755701786, "x9": -2.0453908609977747}, "datetime": {"datetime": "2020-12-04 14:47:44", "elapsed": 7.962109, "delta": 0.114934}}
{"target": 252.70472150089154, "params": {"x0": -2.5204151516734874, "x1": 3.310385662344972, "x10": 2.9777769724813314, "x11": 2.1563647805085058, "x12": -2.976817598227618, "x13": -3.6200540559649044, "x14": 1.5840380192045336, "x15": 0.365423384248623, "x16": 1.4062131323242202, "x17": 0.7749797277175183, "x18": 2.792352526718803, "x19": -3.3191207362364006, "x2": -2.6832780141534176, "x3": 2.8504242633478842, "x4": -0.5409737750963597, "x5": -4.305089259135241, "x6": 0.98565540320444, "x7": -4.773890640162511, "x8": 0.11056886269655752, "x9": -0.5586197410046605}, "datetime": {"datetime": "2020-12-04 14:47:44", "elapsed": 8.077043, "delta": 0.114934}}
{"target": 246.72383656699603, "params": {"x0": -2.110334305538837, "x1": 4.806007461496067, "x10": 1.1004955496922832, "x11": -0.862972783385251, "x12": -1.5395643919296633, "x13": -0.4607055330576246, "x14": -2.528004218004508, "x15": 1.7676019023055956, "x16": -2.5150824072388733, "x17": -1.9900207011986684, "x18": 0.6355173588563314, "x19": -3.0876796626234047, "x2": 2.497105016784211, "x3": -0.6434746192468559, "x4": 1.539122927007214, "x5": -0.8842472335845839, "x6": -0.7341041524070846, "x7": -3.0446834000265666, "x8": -1.548464997640553, "x9": 0.23032755193560916}, "datetime": {"datetime": "2020-12-04 14:47:44", "elapsed": 8.191978, "delta": 0.114935}}
{"target": 312.060408179991, "params": {"x0": 0.24952580088958953, "x1": -0.35073857325203583, "x10": 0.37178641508371335, "x11": -1.183542690420877, "x12": -3.2307121546506803, "x13": -2.895120156393416, "x14": -2.7146492030510103, "x15": -1.8568597933635225, "x16": 1.0883719776929857, "x17": -0.4287286656663589, "x18": 1.915516782931988, "x19": 0.9635880674091091, "x2": 3.0610682041919706, "x3": -4.235407331118455, "x4": 1.6255815861696714, "x5": -1.4667607321662235, "x6": 0.3287729458363131, "x7": -1.883473858897493, "x8": -2.9038513930896617, "x9": -1.0052443214143914}, "datetime": {"datetime": "2020-12-04 14:47:44", "elapsed": 8.295822, "delta": 0.103844}}
{"target": 304.71154835838286, "params": {"x0": 0.31845297282995233, "x1": -0.7958246870613186, "x10": -3.4679996844755943, "x11": 1.1008850466452387, "x12": -0.31336412795626245, "x13": 2.2994107499745784, "x14": -0.8685157523291887, "x15": 1.072052928953382, "x16": -2.4519147069333993, "x17": -1.2364098036475069, "x18": 2.890878170124166, "x19": -3.0097389097755576, "x2": 1.2165503751019626, "x3": -1.4337733113892548, "x4": 1.806332035636328, "x5": -3.382762408958093, "x6": 1.4936651626529427, "x7": -4.269982640139266, "x8": -0.14839255952269426, "x9": -1.9613197241634897}, "datetime": {"datetime": "2020-12-04 14:47:44", "elapsed": 8.416273, "delta": 0.120451}}
