{"target": 28.889824409065017, "params": {"x": -0.8297799529742598, "y": 2.2032449344215808}, "datetime": {"datetime": "2020-11-28 11:48:41", "elapsed": 0.0, "delta": 0.0}}
{"target": -71.24216149050662, "params": {"x": -4.998856251826551, "y": -1.9766742736816023}, "datetime": {"datetime": "2020-11-28 11:48:41", "elapsed": 0.019987, "delta": 0.019987}}
{"target": 29.704556750362446, "params": {"x": -0.8499296361520496, "y": 2.250098843173552}, "datetime": {"datetime": "2020-11-28 11:48:41", "elapsed": 0.041977, "delta": 0.02199}}
{"target": 29.555175980202243, "params": {"x": -0.8340768762587806, "y": 2.2580625907834517}, "datetime": {"datetime": "2020-11-28 11:48:41", "elapsed": 0.093945, "delta": 0.051968}}
{"target": 29.8846628756546, "params": {"x": -0.8590412569405311, "y": 2.2542274602631247}, "datetime": {"datetime": "2020-11-28 11:48:41", "elapsed": 0.147914, "delta": 0.053969}}
{"target": 31.630594510592726, "params": {"x": -0.926251534460804, "y": 2.3247233370862475}, "datetime": {"datetime": "2020-11-28 11:48:41", "elapsed": 0.226869, "delta": 0.078955}}
{"target": 32.969323208407204, "params": {"x": -0.9813990322861998, "y": 2.374462980149579}, "datetime": {"datetime": "2020-11-28 11:48:41", "elapsed": 0.317816, "delta": 0.090947}}
{"target": 34.77564243283537, "params": {"x": -1.0635112270459257, "y": 2.4271182517134045}, "datetime": {"datetime": "2020-11-28 11:48:41", "elapsed": 0.418108, "delta": 0.100292}}
{"target": 36.48716370123593, "params": {"x": -1.1505841380716038, "y": 2.4522348364201725}, "datetime": {"datetime": "2020-11-28 11:48:42", "elapsed": 0.545041, "delta": 0.126933}}
{"target": 38.038355772821916, "params": {"x": -1.2410152405073616, "y": 2.439296249147286}, "datetime": {"datetime": "2020-11-28 11:48:42", "elapsed": 0.59901, "delta": 0.053969}}
{"target": 39.04171386857253, "params": {"x": -1.3132193387567586, "y": 2.3949549964203243}, "datetime": {"datetime": "2020-11-28 11:48:42", "elapsed": 0.72194, "delta": 0.12293}}
{"target": 40.36715012733603, "params": {"x": -1.3837319317747665, "y": 2.39183100492871}, "datetime": {"datetime": "2020-11-28 11:48:42", "elapsed": 0.840872, "delta": 0.118932}}
{"target": 42.28625010575158, "params": {"x": -1.4593646338313346, "y": 2.448328110798461}, "datetime": {"datetime": "2020-11-28 11:48:42", "elapsed": 0.973795, "delta": 0.132923}}
{"target": 43.615693703903716, "params": {"x": -1.5067724003651946, "y": 2.507190408675424}, "datetime": {"datetime": "2020-11-28 11:48:42", "elapsed": 1.076736, "delta": 0.102941}}
{"target": 44.88592465950779, "params": {"x": -1.5515980121678716, "y": 2.5795116081637013}, "datetime": {"datetime": "2020-11-28 11:48:42", "elapsed": 1.146654, "delta": 0.069918}}
{"target": 46.29455050752826, "params": {"x": -1.6124378253495837, "y": 2.6316523021900657}, "datetime": {"datetime": "2020-11-28 11:48:42", "elapsed": 1.232713, "delta": 0.086059}}
{"target": 48.02640405916122, "params": {"x": -1.699426547378144, "y": 2.631701799933892}, "datetime": {"datetime": "2020-11-28 11:48:42", "elapsed": 1.325706, "delta": 0.092993}}
{"target": 49.147185596065114, "params": {"x": -1.763634233152365, "y": 2.590398591724021}, "datetime": {"datetime": "2020-11-28 11:48:42", "elapsed": 1.416155, "delta": 0.090449}}
{"target": 50.18331066283561, "params": {"x": -1.8226109230960814, "y": 2.563096919613825}, "datetime": {"datetime": "2020-11-28 11:48:43", "elapsed": 1.539085, "delta": 0.12293}}
{"target": 51.92973047863188, "params": {"x": -1.9101917093256675, "y": 2.57405228068698}, "datetime": {"datetime": "2020-11-28 11:48:43", "elapsed": 1.625036, "delta": 0.085951}}
{"target": 53.350695988780544, "params": {"x": -1.9740921883637734, "y": 2.6281860957687977}, "datetime": {"datetime": "2020-11-28 11:48:43", "elapsed": 1.708988, "delta": 0.083952}}
{"target": 54.30547324246406, "params": {"x": -2.017417508777477, "y": 2.690785230724042}, "datetime": {"datetime": "2020-11-28 11:48:43", "elapsed": 1.801935, "delta": 0.092947}}
{"target": 55.45080701402155, "params": {"x": -2.0783844445987483, "y": 2.734429681122519}, "datetime": {"datetime": "2020-11-28 11:48:43", "elapsed": 1.907875, "delta": 0.10594}}
{"target": 57.16389554196189, "params": {"x": -2.177876484742181, "y": 2.7253303810960854}, "datetime": {"datetime": "2020-11-28 11:48:43", "elapsed": 2.039799, "delta": 0.131924}}
{"target": 58.272817703818916, "params": {"x": -2.249215325056655, "y": 2.6848695325723715}, "datetime": {"datetime": "2020-11-28 11:48:43", "elapsed": 2.179948, "delta": 0.140149}}
{"target": 58.701830378192035, "params": {"x": -2.273713599921816, "y": 2.72514423690465}, "datetime": {"datetime": "2020-11-28 11:48:43", "elapsed": 2.239913, "delta": 0.059965}}
{"target": 60.18683259557472, "params": {"x": -2.376046250835904, "y": 2.7190934581588286}, "datetime": {"datetime": "2020-11-28 11:48:43", "elapsed": 2.353357, "delta": 0.113444}}
{"target": 61.80277056307861, "params": {"x": -2.504902936849346, "y": 2.751511986543507}, "datetime": {"datetime": "2020-11-28 11:48:43", "elapsed": 2.463296, "delta": 0.109939}}
{"target": 62.75776081906009, "params": {"x": -2.599682547741198, "y": 2.74853685369289}, "datetime": {"datetime": "2020-11-28 11:48:44", "elapsed": 2.590515, "delta": 0.127219}}
{"target": 63.50391824405908, "params": {"x": -2.70283646773698, "y": 2.6931176793952023}, "datetime": {"datetime": "2020-11-28 11:48:44", "elapsed": 2.690086, "delta": 0.099571}}
{"target": 63.3583661897069, "params": {"x": -2.7597898521661457, "y": 2.5556593109413104}, "datetime": {"datetime": "2020-11-28 11:48:44", "elapsed": 2.799023, "delta": 0.108937}}
{"target": 63.325398848983525, "params": {"x": -2.7011595483509976, "y": 2.6243935512500762}, "datetime": {"datetime": "2020-11-28 11:48:44", "elapsed": 2.931947, "delta": 0.132924}}
