{"target": 213.7200159153537, "params": {"x0": -0.6691799059125261, "x1": 1.813907451611584, "x10": -3.619964337854815, "x11": -2.7109819536113235, "x12": -3.0545173498732825, "x13": -0.10057787597758772, "x14": 2.201236041015992, "x15": 2.5910815265286864, "x16": 3.41631770123597, "x17": 0.19866809318394818, "x18": 3.390907321715172, "x19": -2.085357340779427, "x2": 1.1110105253297062, "x3": -3.1350256649682837, "x4": 1.365759808033241, "x5": -4.539254770609407, "x6": 0.1134315168735025, "x7": -4.685338173567909, "x8": 0.7079490359025788, "x9": -4.010952648559563}, "datetime": {"datetime": "2020-12-04 14:47:55", "elapsed": 18.708074, "delta": 0.20788}}
{"target": 233.58127688691903, "params": {"x0": 1.488496581950237, "x1": -0.7192516637802902, "x10": -4.329777989152412, "x11": -3.0010688542025776, "x12": -3.362967522087997, "x13": -0.7066952312547867, "x14": 0.09761929992683882, "x15": -1.1762899606418853, "x16": 0.06703752781653716, "x17": 1.5610256756346885, "x18": 3.5204432708762603, "x19": 0.37149822878098515, "x2": 3.1311587798007547, "x3": 0.4776229438223867, "x4": -2.724491524582228, "x5": -4.595556523024715, "x6": -3.216357409000551, "x7": -3.662425133810353, "x8": -2.0160250437029257, "x9": -0.06086170661314316}, "datetime": {"datetime": "2020-12-04 14:47:55", "elapsed": 18.900835, "delta": 0.192761}}
{"target": 332.97538807019464, "params": {"x0": -1.8496960840010623, "x1": -3.1511235973778806, "x10": -4.304412994824781, "x11": 0.30614708961737414, "x12": -3.5068583274551015, "x13": 2.249598898132934, "x14": -2.517135588789473, "x15": -3.2670452692490617, "x16": 1.2781730397897935, "x17": -3.8927942944975125, "x18": 0.840140215432986, "x19": -2.4554790775126536, "x2": -1.0570975895300716, "x3": -2.502063688720372, "x4": -1.3789358116607775, "x5": -4.386509451148944, "x6": 1.0072969616154301, "x7": -0.19811774709524776, "x8": -0.7621756342989929, "x9": -3.4242955468477176}, "datetime": {"datetime": "2020-12-04 14:47:55", "elapsed": 19.099559, "delta": 0.198724}}
{"target": 133.04816685606102, "params": {"x0": -1.0897007805872736, "x1": -1.0889081236962053, "x10": 1.5343809324771573, "x11": 2.6749999379299885, "x12": 1.171266870337691, "x13": -2.5759929202106058, "x14": -1.4827320423536738, "x15": 1.5729415444003214, "x16": 0.9688405646873939, "x17": -0.39416057274475946, "x18": 3.4514512102835813, "x19": -1.168559696264654, "x2": -0.03376918801886841, "x3": -0.25069974035547204, "x4": -2.6347449764940123, "x5": -4.806001837873589, "x6": 0.9106532875745268, "x7": -4.319639762454014, "x8": 0.09153399281588115, "x9": 3.796953268521916}, "datetime": {"datetime": "2020-12-04 14:47:55", "elapsed": 19.310439, "delta": 0.21088}}
{"target": -83.16774418372047, "params": {"x0": -1.1899167977395777, "x1": 2.8050147317370353, "x10": -4.082877406508491, "x11": 0.3567067471754264, "x12": 0.3348530718810423, "x13": 3.136191405817655, "x14": -4.710410339208959, "x15": -4.366450544482474, "x16": 0.5302222985963212, "x17": 3.5377695983037114, "x18": 4.8336876230865204, "x19": 0.4138865974815271, "x2": 2.6955164879244666, "x3": -2.3631875922905197, "x4": -4.794725614893744, "x5": -1.7261908071736167, "x6": -1.824798277635693, "x7": 1.0501459101004187, "x8": -2.278966955759393, "x9": -4.805801634915737}, "datetime": {"datetime": "2020-12-04 14:47:56", "elapsed": 19.559778, "delta": 0.249339}}
{"target": 137.09625023777545, "params": {"x0": -2.0873167731998734, "x1": 3.185990857239821, "x10": 4.158213063136763, "x11": 1.7526332082719165, "x12": -2.379485267096725, "x13": -0.6830028993804547, "x14": -0.7567930167062462, "x15": -2.259546429768291, "x16": 1.2716362623999276, "x17": 2.9718538018688365, "x18": 3.257433906025444, "x19": -4.785521227610597, "x2": 1.7973109481519476, "x3": 0.20393090130266955, "x4": -4.9277126717015065, "x5": -3.0025430266541733, "x6": 0.8573282847502668, "x7": -1.1911949115582643, "x8": -0.672305255084682, "x9": -2.4238382148128466}, "datetime": {"datetime": "2020-12-04 14:47:56", "elapsed": 20.01152, "delta": 0.451742}}
{"target": 121.85705916209238, "params": {"x0": -3.9580651639488584, "x1": -0.41191402173793534, "x10": 2.285109023290703, "x11": -1.2189220383676136, "x12": -4.148067493704866, "x13": -4.274697631991479, "x14": -4.536936217788508, "x15": 1.9347092218042405, "x16": 0.05656428081410336, "x17": -1.2894967213951567, "x18": -1.0194582673714745, "x19": -0.7605402359724875, "x2": 0.3294892601933972, "x3": -1.096131149623647, "x4": -4.729672049560641, "x5": 0.782764120134595, "x6": 2.2168709050383795, "x7": -2.0249140432245882, "x8": -2.82735103183522, "x9": 2.2078901339323584}, "datetime": {"datetime": "2020-12-04 14:47:56", "elapsed": 20.297271, "delta": 0.285751}}
{"target": 298.51746904311227, "params": {"x0": -2.2038694481499377, "x1": 2.1162500944225293, "x10": 2.318673902855071, "x11": 0.739321467802796, "x12": 0.4585484028687201, "x13": 1.0045237331168337, "x14": 1.1378663900956614, "x15": 2.588814075297372, "x16": -3.151762861630354, "x17": 1.471009093691281, "x18": 1.0571933618424243, "x19": 0.5335525502584595, "x2": -2.2187860081128252, "x3": -0.9476104752249039, "x4": -0.7084909844808411, "x5": 0.8004285748893549, "x6": -1.7603857965945755, "x7": -1.7658210014634634, "x8": -0.48359322585632114, "x9": -3.701261158879583}, "datetime": {"datetime": "2020-12-04 14:47:57", "elapsed": 20.877938, "delta": 0.580667}}
{"target": 357.22556777318016, "params": {"x0": -2.610037077433139, "x1": -3.9342610948505516, "x10": -3.0941629397988346, "x11": -1.1758728026467158, "x12": -2.1355678666914857, "x13": -0.9796218550028533, "x14": -2.8958858110714214, "x15": -3.499638092435935, "x16": 0.19484391097474596, "x17": -3.9360183521693104, "x18": 2.135356558578928, "x19": -4.374937273529936, "x2": -1.2650918699245706, "x3": 0.0362983767082703, "x4": 0.45424608534105015, "x5": -2.935880995092186, "x6": 0.5265629525687645, "x7": -2.5350607230420605, "x8": -0.1654621067710007, "x9": -2.2911667963101543}, "datetime": {"datetime": "2020-12-04 14:47:57", "elapsed": 21.176767, "delta": 0.298829}}
{"target": 322.5191421782268, "params": {"x0": 0.10276802194132628, "x1": 1.1832134964201648, "x10": -1.7268071360572854, "x11": 0.789907934293046, "x12": -2.8691967787161365, "x13": -4.415422344483959, "x14": -3.2099795113913765, "x15": -2.8821094142714045, "x16": 0.3719825441218383, "x17": -2.472317752689046, "x18": 1.627737570930094, "x19": 2.6298143588498943, "x2": 3.0140076915679312, "x3": -3.075128510155063, "x4": -1.4139652614271658, "x5": -0.1901617593888858, "x6": 0.7819871872164832, "x7": -0.6652902655257282, "x8": -1.8744292398347415, "x9": 1.0797316858717334}, "datetime": {"datetime": "2020-12-04 14:47:57", "elapsed": 21.441615, "delta": 0.264848}}
{"target": 240.75827157435268, "params": {"x0": 0.8263417814575753, "x1": 1.9186028355077678, "x10": -2.91954531911917, "x11": -1.0672314307650952, "x12": -1.8069959971067528, "x13": 1.4376026458592666, "x14": -0.719610273748625, "x15": 1.3001601412861676, "x16": 4.195634551544309, "x17": -3.111489869763666, "x18": 3.8348721951492735, "x19": -0.03889077209984748, "x2": -1.2733913832553623, "x3": -0.6635167977648893, "x4": 0.531555295912777, "x5": -4.34530923757452, "x6": -2.4540156000749924, "x7": -0.23309736640042455, "x8": 2.5031419197191527, "x9": -2.790574817504581}, "datetime": {"datetime": "2020-12-04 14:47:58", "elapsed": 21.690473, "delta": 0.248858}}
{"target": 259.5012241851378, "params": {"x0": 0.7941323777132014, "x1": -0.6020814765861928, "x10": -1.5238197709938186, "x11": -2.7112143033800185, "x12": 0.3399759020210782, "x13": 2.943328426393684, "x14": -3.124423035724951, "x15": 2.744356782595448, "x16": -2.7551309017732963, "x17": -3.942264534162816, "x18": 3.76597081139332, "x19": -2.5695734238254997, "x2": 0.26303977793366684, "x3": -4.63798203751295, "x4": -3.5705555230016826, "x5": -4.38358738025404, "x6": 3.1878564884660587, "x7": -1.424674312877694, "x8": 0.306973585496106, "x9": -1.104673841621131}, "datetime": {"datetime": "2020-12-04 14:47:58", "elapsed": 21.919341, "delta": 0.228868}}
{"target": 217.6273118549925, "params": {"x0": 2.5722588958688934, "x1": -0.44885036342427664, "x10": -1.6173054867489087, "x11": -4.235885037689916, "x12": -1.1222078574039407, "x13": 0.9498927337892491, "x14": 0.938622033072348, "x15": -1.0378575745485943, "x16": -4.151132360821771, "x17": -3.975014160509769, "x18": -2.8744948864244577, "x19": -3.853847182040442, "x2": 1.59882525509955, "x3": -2.1795446921279438, "x4": 3.072003485538744, "x5": -4.944636556701376, "x6": 3.3108306072493114, "x7": -2.0686415266478306, "x8": 2.9252054647788235, "x9": 2.426981125956031}, "datetime": {"datetime": "2020-12-04 14:47:58", "elapsed": 22.156206, "delta": 0.236865}}
{"target": 282.79766798060433, "params": {"x0": 1.5529213427627244, "x1": 0.2652340681583487, "x10": -2.6553615610118966, "x11": -3.8546552882415175, "x12": -3.649726200146163, "x13": 4.013865154089292, "x14": 1.2596577598381682, "x15": 1.1779809100153793, "x16": 3.2259649475060748, "x17": -0.6359377421139731, "x18": 1.6011944926237485, "x19": 3.699872278018205, "x2": 0.3061570449604698, "x3": -3.2121821982068246, "x4": 1.5824866262507529, "x5": -3.8847674212583594, "x6": -2.2000481719445117, "x7": 2.141637789374574, "x8": 1.6315492914964613, "x9": -0.4947864546772003}, "datetime": {"datetime": "2020-12-04 14:47:58", "elapsed": 22.37708, "delta": 0.220874}}
{"target": 318.6483872723886, "params": {"x0": -2.2462226764315907, "x1": 0.7766341822650338, "x10": -1.9958260010256437, "x11": 1.5749983373953107, "x12": -4.429501780228778, "x13": -4.004329638862312, "x14": -1.6608813432014733, "x15": 0.8113156736175267, "x16": -1.6053014400731014, "x17": 1.3226507255766782, "x18": -3.5256447807511737, "x19": -0.7940145026914376, "x2": 0.33639981017006093, "x3": -3.3935841702113043, "x4": -1.2847541384392347, "x5": 0.7681129519097132, "x6": -2.9767048916430525, "x7": -2.099001791137903, "x8": -3.900109440075589, "x9": 2.5078979038060503}, "datetime": {"datetime": "2020-12-04 14:47:59", "elapsed": 22.604949, "delta": 0.227869}}
{"target": 224.78837824622963, "params": {"x0": 0.26053948534604743, "x1": 1.757922328276421, "x10": -1.2793065531469736, "x11": 0.20924216583946453, "x12": 1.0024632269607014, "x13": 1.2339836868193297, "x14": 1.3541188539617757, "x15": -2.646546105594123, "x16": -0.23703783282499113, "x17": 0.5126399145746579, "x18": 0.5333831994995499, "x19": 2.5932218910588434, "x2": 3.2928253970280217, "x3": -0.778409291307093, "x4": -2.529370679073555, "x5": 0.7846543896166702, "x6": -3.858309202989736, "x7": -0.2280768596302103, "x8": -0.5864918650872442, "x9": 3.3979521637665133}, "datetime": {"datetime": "2020-12-04 14:47:59", "elapsed": 22.833818, "delta": 0.228869}}
{"target": 304.74746111179786, "params": {"x0": 1.548914098632049, "x1": -0.6589058323325787, "x10": 0.693213473556491, "x11": 1.8052216274625188, "x12": 0.21392015484276783, "x13": 2.242961103232073, "x14": -2.461281973154491, "x15": 0.9585155959175946, "x16": -3.3063746785166046, "x17": 0.002846364216201991, "x18": 3.577382308154709, "x19": -4.003846663736972, "x2": 2.7959948980030527, "x3": -1.958713161693252, "x4": 1.1338738989858026, "x5": -0.803147429223861, "x6": 1.654330049712276, "x7": -1.9619984529778467, "x8": -1.0543079170714496, "x9": -2.0068812104328515}, "datetime": {"datetime": "2020-12-04 14:47:59", "elapsed": 23.047697, "delta": 0.213879}}
{"target": 246.54627986469168, "params": {"x0": -2.8637883646385855, "x1": 2.637238743009066, "x10": 0.9963094949709292, "x11": 0.6714150915681119, "x12": 1.384583033081488, "x13": 0.07436413969049394, "x14": 1.9548060730771653, "x15": -1.0802331578311342, "x16": -2.5873791107874675, "x17": 0.4048108609017316, "x18": 0.28870769905487315, "x19": 1.550403362368736, "x2": -4.064257816851605, "x3": 1.3505179643803489, "x4": -1.5612686821750477, "x5": -0.18283207111584865, "x6": 0.21867048141785173, "x7": -2.7873619187417042, "x8": -0.21914312909979383, "x9": -0.9709144957904412}, "datetime": {"datetime": "2020-12-04 14:47:59", "elapsed": 23.276829, "delta": 0.229132}}
{"target": 201.24251279306742, "params": {"x0": -1.8801609780422233, "x1": 3.4176707899941334, "x10": 2.414670021569794, "x11": 0.5200648094513731, "x12": -4.1020195952139655, "x13": -4.866640236335751, "x14": -2.187272080522872, "x15": 1.5381540443617867, "x16": -3.2012364186877607, "x17": 2.189719257576571, "x18": 1.980330869461322, "x19": -4.812362467135623, "x2": -2.137752219725191, "x3": 0.05342671095024265, "x4": 1.01843468654819, "x5": -2.6296719634922128, "x6": -3.3164340220848922, "x7": -1.6821628913619469, "x8": -1.7713478589962852, "x9": 0.18840335268076913}, "datetime": {"datetime": "2020-12-04 14:48:00", "elapsed": 23.517375, "delta": 0.240546}}
{"target": 311.19205766476244, "params": {"x0": -0.6629706107112892, "x1": 3.697357876853957, "x10": 0.36466578166845753, "x11": 0.029629775337538078, "x12": -3.6879601643951467, "x13": -2.281969871595714, "x14": 0.4665353778451644, "x15": 3.8253241311510493, "x16": -2.2880921879539127, "x17": 2.313142927995848, "x18": 1.6379402297540082, "x19": -1.589192308845825, "x2": -1.2693545129443375, "x3": 1.8867750540946036, "x4": -1.5604905831771685, "x5": -1.904621042622602, "x6": -1.7408055573669556, "x7": 1.8174843040674666, "x8": -0.4692786784227989, "x9": -1.766685244135365}, "datetime": {"datetime": "2020-12-04 14:48:00", "elapsed": 23.781224, "delta": 0.263849}}
{"target": 271.6028655988896, "params": {"x0": -0.5609940217096305, "x1": 0.4503910613860391, "x10": -2.637199622338712, "x11": 0.2706413408240689, "x12": -1.5217995687004873, "x13": -1.7026964938045133, "x14": -3.4734605131595675, "x15": -1.4415321450560525, "x16": 0.043024836874896444, "x17": 0.5315665484211118, "x18": 3.5950097087985053, "x19": 3.3055156684790195, "x2": 3.8996077456467706, "x3": -0.43729336512484895, "x4": -3.1158445945611826, "x5": -1.7563887574655057, "x6": -2.123600239166401, "x7": 0.08865610648392419, "x8": 0.25169586826909374, "x9": -1.134786212104395}, "datetime": {"datetime": "2020-12-04 14:48:00", "elapsed": 24.060066, "delta": 0.278842}}
{"target": 195.55714679698653, "params": {"x0": -2.269371163458996, "x1": -2.053700188517311, "x10": -1.0992727577688957, "x11": -3.6967655406564837, "x12": -2.8162329381554843, "x13": -2.1945488921831013, "x14": -4.72620942081445, "x15": 4.806914680350898, "x16": -2.274809690557389, "x17": -2.0144114066806393, "x18": -1.3547194779519334, "x19": 1.9770643062170477, "x2": -0.7109779887005052, "x3": -3.2357015159308276, "x4": -3.6795761334115973, "x5": -1.199995355178026, "x6": -0.445063679430179, "x7": -2.7544264417508666, "x8": -4.660393289785931, "x9": -0.7025948461820795}, "datetime": {"datetime": "2020-12-04 14:48:00", "elapsed": 24.331834, "delta": 0.271768}}
{"target": 56.59969846078733, "params": {"x0": 4.145038384768606, "x1": 4.346286501874115, "x10": -0.2551715766325451, "x11": -1.930452461969204, "x12": -0.15071385923132308, "x13": 0.2881454243517103, "x14": 0.5342528842746184, "x15": -2.728644567102295, "x16": -0.43950445867554855, "x17": 1.0533871088128137, "x18": 0.9703153272756238, "x19": -2.9447506415605407, "x2": -0.7309940524163094, "x3": 1.9637234903303513, "x4": -0.1467014727635041, "x5": -3.5671473580023316, "x6": -1.985138637586663, "x7": -0.49448085889562154, "x8": -4.977058082974115, "x9": 0.8941971893451264}, "datetime": {"datetime": "2020-12-04 14:48:01", "elapsed": 24.575694, "delta": 0.24386}}
{"target": 199.80593195659802, "params": {"x0": -0.9542090629539253, "x1": 2.0587511496090025, "x10": -3.477305584906362, "x11": 1.895207001311129, "x12": -2.7435571123019886, "x13": 3.3239087350286223, "x14": 0.6477853189173484, "x15": -1.5136454141310338, "x16": 2.0312696862659756, "x17": -0.13751838087619905, "x18": -0.8243677955657471, "x19": 3.45781370367453, "x2": 2.2829933883120814, "x3": -1.5885231201683423, "x4": -0.05613227046776892, "x5": -4.960985235466047, "x6": -3.0765297327797922, "x7": -0.15989822977429924, "x8": -0.8907852278869584, "x9": 0.6685358812757771}, "datetime": {"datetime": "2020-12-04 14:48:01", "elapsed": 24.901894, "delta": 0.3262}}
