{"target": 198.18326073998043, "params": {"x0": 1.426157357813091, "x1": 1.4185729094150048, "x10": 1.05299914996632, "x11": -2.6184856330560335, "x12": -4.8740889932221645, "x13": -2.507553086943528, "x14": -0.31269769626024235, "x15": 2.4067066153694263, "x16": -1.1955630220440518, "x17": 3.9254982738374142, "x18": 1.2911183535393578, "x19": -0.19406329101020425, "x2": 2.0070388434722233, "x3": -0.9653112401843753, "x4": 1.9345133132458292, "x5": 1.9859838734195412, "x6": -3.630304547919907, "x7": -4.16808260787637, "x8": -2.4351399074935154, "x9": -0.7605556539271134}, "datetime": {"datetime": "2020-12-04 14:47:49", "elapsed": 13.075633, "delta": 0.145965}}
{"target": 150.96100262105193, "params": {"x0": 2.0127714607583833, "x1": -3.174076315123313, "x10": -3.2829980220214114, "x11": -1.9236189891933586, "x12": -0.2729299777840648, "x13": 4.12604108542782, "x14": -3.710685102703449, "x15": -3.0226673653247325, "x16": 1.5388048077772893, "x17": -1.0006149094442263, "x18": 0.35723442153787666, "x19": -1.302607199972842, "x2": -2.8315632812900104, "x3": 1.5451891613000015, "x4": -2.8135931005800527, "x5": -4.976820710261437, "x6": -4.891440602316318, "x7": -0.7139962883039477, "x8": -0.18891955723654075, "x9": -1.9597754373836929}, "datetime": {"datetime": "2020-12-04 14:47:49", "elapsed": 13.222825, "delta": 0.147192}}
{"target": -70.02471878686069, "params": {"x0": 2.9825522034642287, "x1": 1.3981359467834924, "x10": -0.43717874822582026, "x11": 4.285663031392179, "x12": 0.0821341282073611, "x13": -0.6141505656584094, "x14": -0.5002444344972066, "x15": 2.4676001388935678, "x16": -0.49847912857965326, "x17": 2.4185575768167675, "x18": 4.876442880491959, "x19": -0.4118724460568366, "x2": -3.5190783681390023, "x3": -2.353527064714177, "x4": -4.475846222451006, "x5": -4.756977324765977, "x6": -0.44339217417867083, "x7": -3.371873617519532, "x8": -1.3270134896906693, "x9": 4.529305719058531}, "datetime": {"datetime": "2020-12-04 14:47:49", "elapsed": 13.372757, "delta": 0.149932}}
{"target": 67.37219051535006, "params": {"x0": 3.8856985511676996, "x1": -0.22614277496945778, "x10": -3.1297859180855037, "x11": 2.391116466576384, "x12": 0.40880511770046457, "x13": 0.3184210390557931, "x14": -0.6021364670879894, "x15": 4.472370450573727, "x16": -0.8616349720338237, "x17": 0.5917670735959346, "x18": -3.0977542899185906, "x19": -1.2419479939534597, "x2": 0.6515928380498242, "x3": 0.983327779771324, "x4": 2.1779739244461913, "x5": -4.820901147885156, "x6": 0.37021190066754706, "x7": -3.6288061230297455, "x8": 1.1341605829167944, "x9": 0.7277178966301756}, "datetime": {"datetime": "2020-12-04 14:47:50", "elapsed": 13.54466, "delta": 0.171903}}
{"target": 239.46702009141785, "params": {"x0": 0.31263165388864955, "x1": -1.2507920097934457, "x10": -2.2456284415851426, "x11": -0.7612089255947616, "x12": -3.758958672730647, "x13": 0.5375066224036598, "x14": -1.047398310004711, "x15": -0.7162393159103031, "x16": -1.1632274963436018, "x17": 0.8343649546752463, "x18": 3.851452761685147, "x19": -2.0290024713459465, "x2": 3.341088735084604, "x3": -0.710740405283782, "x4": -3.0790452311475414, "x5": -3.52245162925384, "x6": -1.5422989667077003, "x7": -4.504253414976582, "x8": -0.15568040904367386, "x9": -1.453643638099802}, "datetime": {"datetime": "2020-12-04 14:47:50", "elapsed": 13.705567, "delta": 0.160907}}
{"target": 222.27200902446336, "params": {"x0": -1.6761821765041751, "x1": -2.0969900030849797, "x10": -3.3330178308816913, "x11": -2.156593539934865, "x12": -4.886026085729926, "x13": -0.8285855761328449, "x14": -1.5101961751632587, "x15": -3.368156768588845, "x16": 1.4586597254194578, "x17": -3.367304896441717, "x18": -0.7362480219447498, "x19": -4.417242553363192, "x2": 0.25327193587875385, "x3": 1.0198612039668067, "x4": -0.49423223032057617, "x5": -0.6388921248129495, "x6": 2.497151143645234, "x7": 0.17318796452149865, "x8": -1.923708522405636, "x9": -1.9633581210168574}, "datetime": {"datetime": "2020-12-04 14:47:50", "elapsed": 13.85748, "delta": 0.151913}}
{"target": 374.531011000821, "params": {"x0": -1.2423008709489425, "x1": 2.254549270983758, "x10": 3.506482425953184, "x11": 1.9124072136626102, "x12": -3.5703464766290693, "x13": -1.2749619984538993, "x14": -0.2854577691448572, "x15": 1.0166400313676416, "x16": 3.170613243610461, "x17": 2.7028528900863904, "x18": 2.0786676905108967, "x19": -3.9707089391398065, "x2": 1.6848144028129832, "x3": -1.6486524574877794, "x4": -3.2134225121152147, "x5": -2.415392545210916, "x6": 0.10357463399350486, "x7": -2.440084851348935, "x8": -2.1163022031740333, "x9": 0.03466074723852497}, "datetime": {"datetime": "2020-12-04 14:47:50", "elapsed": 14.019387, "delta": 0.161907}}
{"target": 189.66465396737237, "params": {"x0": 0.18396649876880744, "x1": 3.2795042110396437, "x10": -1.8254767287447593, "x11": -0.3871989841811967, "x12": -4.127155418675347, "x13": -1.6153746612705469, "x14": -0.7568033010423498, "x15": 0.8889116722193267, "x16": -1.4808628842940208, "x17": 3.8153212151669695, "x18": 4.796443009651725, "x19": -2.368068475567534, "x2": 1.9348013558402366, "x3": -1.8357589456939518, "x4": -1.4278921597475303, "x5": -0.5070270143771616, "x6": -1.917086926459751, "x7": -3.20133215013787, "x8": -4.2161867833791025, "x9": -3.7756321798717876}, "datetime": {"datetime": "2020-12-04 14:47:50", "elapsed": 14.187291, "delta": 0.167904}}
{"target": 201.2686625706971, "params": {"x0": 1.9724358421768322, "x1": 0.5980779743769187, "x10": -1.1410115283792974, "x11": -0.5231523244899625, "x12": -3.4506268051189637, "x13": -1.5170576442948471, "x14": -1.1922917332822145, "x15": 1.5249450324705007, "x16": 0.11024255476169831, "x17": 0.8600240956724736, "x18": -1.8385875289607467, "x19": -1.5553352521729136, "x2": -0.026128103432560223, "x3": -2.2624729403670996, "x4": -1.3011533632604664, "x5": 0.27242785664431146, "x6": -1.5049528412217539, "x7": -2.3578917612009076, "x8": -4.779362975086382, "x9": -0.2367764023201957}, "datetime": {"datetime": "2020-12-04 14:47:50", "elapsed": 14.349201, "delta": 0.16191}}
{"target": 264.9939330344711, "params": {"x0": -3.300519959132524, "x1": 1.4885814340122714, "x10": 2.672848817124825, "x11": 0.7305875810732001, "x12": -4.876690269648121, "x13": -3.6067839448180363, "x14": 2.3029983821570976, "x15": 4.013172761535694, "x16": -2.7019057595662477, "x17": 0.9816982521001023, "x18": 1.419140559448203, "x19": -3.3838499003285785, "x2": 2.767644630225136, "x3": -2.336835164444974, "x4": -0.5160490072491353, "x5": -0.3151125549196854, "x6": -1.524700069397913, "x7": -2.108665764307397, "x8": -3.6880351185256464, "x9": 0.5713680378743788}, "datetime": {"datetime": "2020-12-04 14:47:51", "elapsed": 14.506171, "delta": 0.15697}}
{"target": 332.5105609900712, "params": {"x0": 1.631290074853199, "x1": -1.7706770609481746, "x10": -0.559749186025817, "x11": -3.136405868805473, "x12": 1.629579369528141, "x13": 1.0681313445773855, "x14": -0.027618664196532805, "x15": -2.6195945229804973, "x16": -3.455068962381458, "x17": -2.2342469150370303, "x18": -0.0029260363863503613, "x19": -2.614605234187517, "x2": 0.3294721879196594, "x3": -1.4273933695532026, "x4": 1.0500653471218175, "x5": -4.0736530705002405, "x6": 0.7935074070339212, "x7": -3.423440428972979, "x8": 1.102719956730743, "x9": 3.2988317734679633}, "datetime": {"datetime": "2020-12-04 14:47:51", "elapsed": 14.661099, "delta": 0.154928}}
{"target": 208.73134125776704, "params": {"x0": -4.872871351610079, "x1": -1.672275267279868, "x10": 0.8744631144000214, "x11": 0.5309559979967986, "x12": -1.698027276847165, "x13": -4.016943348603564, "x14": 2.2592576034676934, "x15": 0.49167420211015944, "x16": -2.259147087982644, "x17": -1.9915011912586502, "x18": -2.569321808219931, "x19": -4.567741297388577, "x2": 2.3636554259836364, "x3": -3.845788576617968, "x4": -2.2914276491641017, "x5": 0.34569634546537475, "x6": -1.9204381880899888, "x7": -3.280620579060989, "x8": -0.5832546881162965, "x9": 0.7173108854589669}, "datetime": {"datetime": "2020-12-04 14:47:51", "elapsed": 14.809629, "delta": 0.14853}}
{"target": 293.99674834148294, "params": {"x0": 1.302901254085035, "x1": -1.4815297413440662, "x10": -1.0537442771181182, "x11": -2.8990202351869696, "x12": -4.521684266114364, "x13": -2.5612418257050216, "x14": 0.2266478386587636, "x15": -2.636172990688838, "x16": -1.2901022172807366, "x17": 2.6319452542780954, "x18": 4.303344828341507, "x19": -0.7265244475198029, "x2": 2.9058770491544372, "x3": -2.9232883734623605, "x4": -2.0272508436712555, "x5": -0.6374218256993069, "x6": -2.578150230365477, "x7": -0.24017925460709666, "x8": 1.5637657963258622, "x9": -1.2258378976144768}, "datetime": {"datetime": "2020-12-04 14:47:51", "elapsed": 14.976533, "delta": 0.166904}}
{"target": 289.65743064696164, "params": {"x0": -1.1834672856396091, "x1": -0.5215756630450441, "x10": -1.7529988968345211, "x11": 0.7617154921015734, "x12": -3.6502663111291325, "x13": -2.885178539211919, "x14": -0.9045451037856509, "x15": 2.7352168168644457, "x16": -0.5277796974592484, "x17": -0.42150495590531456, "x18": -1.6045761144097237, "x19": 0.14137823247870784, "x2": 1.5207351114237353, "x3": -0.8622407402941823, "x4": -3.6210004621987766, "x5": 1.5945736602471943, "x6": -0.5614535525087918, "x7": -0.7545456132624393, "x8": -2.5011097624220957, "x9": 1.4980085831170538}, "datetime": {"datetime": "2020-12-04 14:47:51", "elapsed": 15.17342, "delta": 0.196887}}
{"target": 330.0876100187439, "params": {"x0": 0.8374442502744142, "x1": -1.8888392145586819, "x10": -2.0858447437428485, "x11": -3.492944794549574, "x12": -0.4027860622813755, "x13": 3.2857582307818696, "x14": -2.3892954903319086, "x15": 3.8717508903653712, "x16": -1.348085508506843, "x17": -2.7833501905513347, "x18": 2.4881580685967855, "x19": 1.3036932804089227, "x2": -0.23891844915406057, "x3": -3.759219194707466, "x4": -3.144652063167266, "x5": -3.573712195561276, "x6": 0.2729982028545379, "x7": 0.23515521980643417, "x8": -0.36601815390406855, "x9": 0.5161543105021487}, "datetime": {"datetime": "2020-12-04 14:47:51", "elapsed": 15.391296, "delta": 0.217876}}
{"target": 199.14836064860813, "params": {"x0": -1.7143004786155802, "x1": -1.3641088075165344, "x10": 0.959413967335462, "x11": 2.149226451078312, "x12": 1.926337002853197, "x13": 1.2477258712420145, "x14": 0.2849705627967669, "x15": -0.9052231337289918, "x16": -4.219827682772111, "x17": 0.11116502821319152, "x18": 2.006596878286649, "x19": -2.0362451614038743, "x2": -1.1524791293638725, "x3": -3.6038051860956855, "x4": -4.007852248656141, "x5": -1.5332704555407792, "x6": -2.5043298950432336, "x7": -4.725029635124084, "x8": 0.03071581813506974, "x9": 3.6761782782738024}, "datetime": {"datetime": "2020-12-04 14:47:52", "elapsed": 15.539211, "delta": 0.147915}}
{"target": 269.15406471431737, "params": {"x0": 2.7128994453491053, "x1": -0.5040032170698039, "x10": -1.9638215776180443, "x11": -2.5478451300033065, "x12": 0.26854839973705324, "x13": 3.6614846475592024, "x14": 0.9722913155404891, "x15": -2.1175873725966667, "x16": -4.030792291483292, "x17": -3.4267718387282864, "x18": -0.6557492947358128, "x19": -4.750745724454993, "x2": 1.3579782840599295, "x3": -0.35082854474391034, "x4": 3.2959548452888914, "x5": -3.7548164716203525, "x6": 1.7619851495194618, "x7": -3.195797615647683, "x8": 1.9373038193679655, "x9": 2.224063709967698}, "datetime": {"datetime": "2020-12-04 14:47:52", "elapsed": 15.703117, "delta": 0.163906}}
{"target": 165.8749642454848, "params": {"x0": -0.6856649297435009, "x1": -0.7963307068337508, "x10": 1.2844041308989587, "x11": -2.1908022018101105, "x12": -3.2916173640423283, "x13": -4.976359814021009, "x14": -0.21740697330338676, "x15": 2.5727317828854437, "x16": -1.3106723043365633, "x17": -1.37323947961936, "x18": -0.7248663926522712, "x19": -0.6256354751626967, "x2": -1.1447656447024777, "x3": -2.233398333363734, "x4": -3.7644655255997472, "x5": -2.251318970636824, "x6": -2.9566262378442607, "x7": -3.844722523213846, "x8": -4.701193478437275, "x9": -0.2169704036799036}, "datetime": {"datetime": "2020-12-04 14:47:52", "elapsed": 15.887013, "delta": 0.183896}}
{"target": 221.23158546056325, "params": {"x0": -2.926916457117282, "x1": 0.5961310666913091, "x10": 0.0844542536275128, "x11": -0.6142234557552761, "x12": 1.0193286374793686, "x13": 0.5519157270408712, "x14": -3.4901666707903733, "x15": -3.1440613236933057, "x16": 0.39544069532909276, "x17": 1.7558726416105142, "x18": 3.464405889671072, "x19": 4.245314798948117, "x2": 3.59596476971857, "x3": -1.9274646362200842, "x4": -1.10781523637683, "x5": -2.77107266743121, "x6": -3.89004705112022, "x7": -4.321900782128067, "x8": -0.21427973575542492, "x9": 1.0604670807231713}, "datetime": {"datetime": "2020-12-04 14:47:52", "elapsed": 16.076754, "delta": 0.189741}}
{"target": 359.81735053878015, "params": {"x0": -2.2130618562889404, "x1": 2.1945808182516764, "x10": -2.172243431766152, "x11": -0.4683790905727081, "x12": -0.038726941462918774, "x13": 1.6034168520957017, "x14": 1.6774493805841306, "x15": -2.3198486101996663, "x16": -1.3442843800345905, "x17": 1.473500274659151, "x18": 1.6604205055357841, "x19": 0.8314363795541615, "x2": 2.7423180885066687, "x3": 0.401972667947633, "x4": -3.715458524979287, "x5": -3.039386972413224, "x6": -3.0796495413526745, "x7": 1.7449938235184224, "x8": -0.1834362654344055, "x9": 2.1167317920582187}, "datetime": {"datetime": "2020-12-04 14:47:52", "elapsed": 16.251655, "delta": 0.174901}}
{"target": 292.3628738699166, "params": {"x0": -2.5620556460781807, "x1": 3.304487745307709, "x10": 1.4638523737515658, "x11": -2.1096587088520993, "x12": -3.162236817289694, "x13": -3.339203395384361, "x14": 1.7182453214948055, "x15": 2.3272597837945668, "x16": -0.08677183910210218, "x17": -0.036283993329901953, "x18": 0.38214627900413944, "x19": -1.6625323369888303, "x2": 1.571513262009927, "x3": 0.056649741252873476, "x4": -4.650257981482129, "x5": -1.6835795866334005, "x6": -2.297782416678306, "x7": -4.000982974639793, "x8": -1.986017248650065, "x9": -0.053787142326441106}, "datetime": {"datetime": "2020-12-04 14:47:52", "elapsed": 16.43455, "delta": 0.182895}}
{"target": -42.521858849205216, "params": {"x0": 1.4021349698380714, "x1": 1.1476558881161347, "x10": -0.9409607920762797, "x11": 0.5978705360918646, "x12": -4.3252490463231315, "x13": -0.16435626367948153, "x14": 0.08875168431717917, "x15": -0.6692866811569376, "x16": 1.443803293504505, "x17": 2.365410771103985, "x18": 4.998454324511526, "x19": -1.679988596440488, "x2": 4.220870610941949, "x3": -4.919696010978303, "x4": -1.7495561658735381, "x5": 0.42489513141948176, "x6": -1.8576305687538772, "x7": -0.9607499556582768, "x8": 2.383028965228781, "x9": -2.5198094835412608}, "datetime": {"datetime": "2020-12-04 14:47:53", "elapsed": 16.611448, "delta": 0.176898}}
{"target": 252.93078262813393, "params": {"x0": 2.821570254184272, "x1": 0.20978208660401165, "x10": -2.0136226672167377, "x11": -4.173948399086362, "x12": -4.544680115731054, "x13": -3.73328246749261, "x14": -3.3759484348045286, "x15": -2.340543013128975, "x16": -3.0623339288037754, "x17": 2.097168679999239, "x18": 1.1089786254779561, "x19": -4.473738209163369, "x2": 3.27811753312546, "x3": -1.0152030964599668, "x4": 0.8224107589481253, "x5": -2.117993883517558, "x6": -3.6616248751171177, "x7": 0.16920857577196546, "x8": 3.790643487691584, "x9": -3.9121589827398573}, "datetime": {"datetime": "2020-12-04 14:47:53", "elapsed": 16.78235, "delta": 0.170902}}
{"target": 244.17696559559957, "params": {"x0": 1.6692871929040827, "x1": 0.6735317584535938, "x10": -2.5836966847544884, "x11": -4.801321080594364, "x12": -4.803042751058124, "x13": 0.5897438036784823, "x14": -2.5372369627260385, "x15": -1.69884257034128, "x16": -2.1066532154675324, "x17": 2.5011832746020968, "x18": -2.063792230386311, "x19": 0.5927272531629777, "x2": 2.328931182731986, "x3": -2.9427851694976637, "x4": -2.908828715340875, "x5": 2.983668739463078, "x6": -0.7906763919181667, "x7": -3.931863776968063, "x8": 0.3128643140729981, "x9": -2.3734897198004035}, "datetime": {"datetime": "2020-12-04 14:47:53", "elapsed": 16.968244, "delta": 0.185894}}
{"target": 145.72352953657142, "params": {"x0": -2.682194290712131, "x1": 4.777117525036495, "x10": -1.6174343820106776, "x11": 1.62012138455085, "x12": -3.0699116837500418, "x13": -4.478302887266069, "x14": -4.315845058018687, "x15": 1.6980900550772002, "x16": 1.3266185072963141, "x17": -1.8003079045515848, "x18": 2.407356364555591, "x19": -4.481095756151973, "x2": -2.8619955792875826, "x3": -1.3456231212301217, "x4": -0.6280749179451819, "x5": -4.221528102953281, "x6": -0.2057316685298458, "x7": -3.988362112764614, "x8": -2.129488654956586, "x9": -1.8677705885133666}, "datetime": {"datetime": "2020-12-04 14:47:53", "elapsed": 17.160134, "delta": 0.19189}}
{"target": 229.77278255181483, "params": {"x0": 1.7064667221491927, "x1": -0.1209975702273649, "x10": 0.8770698800353287, "x11": -0.12170106432082939, "x12": -3.1808752180747857, "x13": -0.9902856826128374, "x14": -4.884640080367407, "x15": -1.3508405770465703, "x16": 0.6629369823881213, "x17": -1.105575142508811, "x18": 1.1798960411848611, "x19": -0.9565284428061123, "x2": -0.8083768388205561, "x3": -3.34874043025442, "x4": -1.752680989749801, "x5": -1.503123448886515, "x6": -1.7569266366673366, "x7": -2.2334860143022595, "x8": -2.1039778673058818, "x9": 2.4804410910776866}, "datetime": {"datetime": "2020-12-04 14:47:53", "elapsed": 17.339032, "delta": 0.178898}}
{"target": 258.9688872341653, "params": {"x0": 4.36180260450659, "x1": 0.8136805313247928, "x10": -0.20237654862578136, "x11": -0.16465880002977862, "x12": -1.7015551345648836, "x13": 1.6030787360433765, "x14": -3.1605287502139268, "x15": 1.7987781431273842, "x16": 1.822537436170439, "x17": -3.7831004565929893, "x18": -1.457835173163807, "x19": 2.9672590855306966, "x2": -1.7147146803372237, "x3": 0.6811277117476511, "x4": -1.269285155703288, "x5": -1.6298137072915733, "x6": -2.09007450652975, "x7": 0.9345992431336345, "x8": 1.9511856949793511, "x9": -0.8558804819144292}, "datetime": {"datetime": "2020-12-04 14:47:54", "elapsed": 17.498766, "delta": 0.159734}}
{"target": 152.9545166728979, "params": {"x0": 0.28818560199649035, "x1": 0.9115742850663944, "x10": 1.674090994097151, "x11": -2.2747648729092473, "x12": -2.0507073190908276, "x13": 0.2038529670569691, "x14": 0.32352608513853376, "x15": 2.502258772776832, "x16": -2.36792484993257, "x17": 4.689038134381354, "x18": 1.7362981236635608, "x19": 1.0604241540518977, "x2": -0.9713998689354009, "x3": 2.8221188129489585, "x4": -2.0884402317990136, "x5": -1.0273118004766788, "x6": -4.8073661278867705, "x7": -0.2613350405008843, "x8": -2.851654568510509, "x9": -1.681201453882645}, "datetime": {"datetime": "2020-12-04 14:47:54", "elapsed": 17.699651, "delta": 0.200885}}
{"target": 121.55110103657846, "params": {"x0": -0.6498515126125426, "x1": -0.14100636240474618, "x10": -1.493001100048045, "x11": -0.20966401148373315, "x12": -0.4190264763563265, "x13": 2.313936813009402, "x14": -0.6408872928788085, "x15": 4.524863774418698, "x16": -3.3878411318622925, "x17": -1.5052180033404894, "x18": 3.6134647716811674, "x19": -0.014556202089567094, "x2": -1.6966635029883195, "x3": -2.6800387065714784, "x4": 0.672892447888815, "x5": -3.0461840197899237, "x6": 0.2313505831881182, "x7": -4.910968777001489, "x8": 0.9862539143114599, "x9": -2.651835975184226}, "datetime": {"datetime": "2020-12-04 14:47:54", "elapsed": 17.915528, "delta": 0.215877}}
{"target": 165.17840540040442, "params": {"x0": 0.5171123411657019, "x1": 0.005541511454756787, "x10": -1.0235260664284294, "x11": -0.20407095983095314, "x12": -1.5849712457502063, "x13": -0.8630809784146285, "x14": -2.796066847122909, "x15": 0.33663548300919466, "x16": -1.8801479172815458, "x17": -1.398053444400328, "x18": -1.7426607882036604, "x19": 1.326531750343884, "x2": 0.7570647662555441, "x3": 0.8981200967446021, "x4": -4.700987983737079, "x5": 1.9535577778562176, "x6": -0.6896275959794904, "x7": 0.04443165165723428, "x8": -2.2768882960209345, "x9": 0.3079119343540251}, "datetime": {"datetime": "2020-12-04 14:47:54", "elapsed": 18.113414, "delta": 0.197886}}
{"target": 212.99628402886358, "params": {"x0": -4.219230390526154, "x1": -1.0576695889379284, "x10": 1.3540085222719487, "x11": -2.137657210051427, "x12": -2.3592367784862045, "x13": -3.7936136293254696, "x14": -3.9341899739909914, "x15": 2.0089109899943214, "x16": -1.2158092886851781, "x17": 2.7116358457519354, "x18": 4.187022506514403, "x19": -0.15749283802925707, "x2": -2.4521740466495743, "x3": 0.4314254148172907, "x4": 0.4729882925643816, "x5": -4.2831788429676365, "x6": -1.1685864111248936, "x7": -4.608615715585596, "x8": -2.865972319192751, "x9": -1.9316839534087293}, "datetime": {"datetime": "2020-12-04 14:47:54", "elapsed": 18.288314, "delta": 0.1749}}
{"target": 229.84089452091308, "params": {"x0": 0.739937455655097, "x1": -1.1874048768616516, "x10": -0.0933397163744063, "x11": -4.281660540803166, "x12": -0.08511326694533938, "x13": 0.5733876500091615, "x14": -1.7283386767539732, "x15": -3.80439015387269, "x16": -2.93118476409333, "x17": 0.7465965492657212, "x18": -0.1980101641987284, "x19": -1.2804730341980388, "x2": 0.7561209270130895, "x3": -1.0462036400769636, "x4": 1.6537540596797538, "x5": -2.0739283806561537, "x6": -0.10424115112165566, "x7": -3.3562638056790792, "x8": -0.6756002954678824, "x9": -1.6999172392047432}, "datetime": {"datetime": "2020-12-04 14:47:55", "elapsed": 18.500194, "delta": 0.21188}}
