{"target": 287.79128111498954, "params": {"x0": 0.4267528871984805, "x1": -4.501965405358401, "x10": -0.9989213377824662, "x11": -1.8818711629087148, "x12": -2.113536868263408, "x13": -3.696402998396052, "x14": -1.462273497558325, "x15": -4.484943307642965, "x16": -0.7730008542730644, "x17": 0.4621972414418005, "x18": 3.2486891766681296, "x19": 2.518400948241525, "x2": 3.2423835527920613, "x3": -2.7894556745202017, "x4": 0.32363590616400906, "x5": -2.9448648566579383, "x6": 0.799364894089849, "x7": -3.0760285161061707, "x8": -3.22909734202921, "x9": -0.912526713832559}, "datetime": {"datetime": "2020-12-04 14:47:45", "elapsed": 8.546198, "delta": 0.129925}}
{"target": 189.87020691373243, "params": {"x0": -0.6049530353877985, "x1": -4.884623549931143, "x10": 2.122766051597381, "x11": -2.22345632428811, "x12": -0.5038948376884065, "x13": -4.925815919226283, "x14": -4.001187838304281, "x15": -2.8687504937320565, "x16": -2.108188905000209, "x17": 0.9530746881138192, "x18": 2.6375646858983863, "x19": -0.9245787659841573, "x2": 3.781170273269698, "x3": -3.6357238912824164, "x4": -2.9798531847304077, "x5": 1.4848351594323361, "x6": -0.8588189429003812, "x7": -1.3226090977059322, "x8": -2.984337814624496, "x9": -2.5039277017180184}, "datetime": {"datetime": "2020-12-04 14:47:45", "elapsed": 8.664131, "delta": 0.117933}}
{"target": 205.332549556854, "params": {"x0": 1.9015116552184175, "x1": 1.4746407637160637, "x10": -0.42403167673079967, "x11": -4.344037610828036, "x12": -4.499405610534798, "x13": 3.2002249214249936, "x14": -2.3067104150136233, "x15": -1.029504732998714, "x16": 4.535053694383668, "x17": -2.125515073440114, "x18": 0.23212117137206079, "x19": 3.7972140281138564, "x2": -0.4381451237194387, "x3": -2.462753243811809, "x4": -2.2956033043530013, "x5": -2.952354395493856, "x6": -3.123002719989687, "x7": -0.735011878147108, "x8": 2.624830520816401, "x9": 0.17758857888514967}, "datetime": {"datetime": "2020-12-04 14:47:45", "elapsed": 8.78806, "delta": 0.123929}}
{"target": 343.8238556773482, "params": {"x0": 0.019584454277657315, "x1": 1.6621371382309658, "x10": 1.752513067884891, "x11": 1.5450567848516483, "x12": 0.15589031106524587, "x13": -1.1191468272477545, "x14": -3.0693411737548093, "x15": 2.2648889104137595, "x16": -0.5700141688076776, "x17": 2.431082186156739, "x18": 3.192881800414586, "x19": -2.509715849773068, "x2": -2.7962839484492052, "x3": -1.7234123122867615, "x4": -1.788774914631098, "x5": -3.7437066275737507, "x6": 0.3569200700953532, "x7": -3.928564457435073, "x8": -1.183135078161098, "x9": 3.741024389449647}, "datetime": {"datetime": "2020-12-04 14:47:45", "elapsed": 8.915987, "delta": 0.127927}}
{"target": 314.7760788498276, "params": {"x0": -2.7831768772215515, "x1": 1.198280962389643, "x10": -1.849865484265092, "x11": 0.24080059445561108, "x12": -2.741158233097958, "x13": 2.1667024153765624, "x14": -1.7613332042539085, "x15": -0.9072336035458894, "x16": 0.4822025981533411, "x17": 1.246888626197686, "x18": 2.8588028537014285, "x19": 3.362513423233519, "x2": 3.0863491336806597, "x3": -1.5409168240488835, "x4": -1.3481949792144632, "x5": -4.411388362670761, "x6": -2.676731110165008, "x7": -0.4771176936420476, "x8": 0.4993672592923559, "x9": 2.006406083581819}, "datetime": {"datetime": "2020-12-04 14:47:45", "elapsed": 9.047005, "delta": 0.131018}}
{"target": 197.48062815035405, "params": {"x0": 0.8195978504407329, "x1": -1.7751269590499321, "x10": -4.764452153915007, "x11": 1.8762994250349045, "x12": -1.209365442817949, "x13": 1.667637434693141, "x14": 0.17277765406929646, "x15": 2.4682571211794935, "x16": -3.8365367592561994, "x17": -0.5569509864808548, "x18": 3.669737372336133, "x19": -1.2869418611923722, "x2": 3.1045088460681143, "x3": -0.5220795021609916, "x4": 2.2832452910905907, "x5": -0.8411040276821389, "x6": 2.038829066034972, "x7": -3.769461159453027, "x8": 1.9748087511024366, "x9": 0.7494197333250163}, "datetime": {"datetime": "2020-12-04 14:47:45", "elapsed": 9.16089, "delta": 0.113885}}
{"target": 4.6148591870037805, "params": {"x0": 2.029903914790796, "x1": 2.30419920917139, "x10": -1.9922774281386992, "x11": -3.3121749472891415, "x12": -0.027487753339292098, "x13": 2.3787676020693205, "x14": -4.821797456414676, "x15": -1.016366362433232, "x16": 0.8184260244469961, "x17": -4.759060997938581, "x18": 4.125952941822348, "x19": -1.205612428432147, "x2": 0.1883200695468501, "x3": 1.8307341105244932, "x4": -3.6489206090636928, "x5": -1.5792393833126575, "x6": -4.535368905013951, "x7": 0.3317497677194634, "x8": 4.527034545112345, "x9": -2.107728611780757}, "datetime": {"datetime": "2020-12-04 14:47:45", "elapsed": 9.282359, "delta": 0.121469}}
{"target": 237.8050093058762, "params": {"x0": 3.9178216855311874, "x1": -0.8372356836238035, "x10": -2.5961096847748157, "x11": -3.193461314019994, "x12": -4.490540518480085, "x13": 4.690366134655873, "x14": 0.3695043328031078, "x15": -3.045439503226709, "x16": 2.623892738610847, "x17": -2.6172625048194034, "x18": 3.3267162212640535, "x19": 4.349412633314373, "x2": 2.9403150333963506, "x3": 1.920170933873413, "x4": -3.0025032614827287, "x5": -2.9379155200071008, "x6": -0.8529208628776166, "x7": 2.8481524853202664, "x8": 2.482009510195958, "x9": 1.3156719938414172}, "datetime": {"datetime": "2020-12-04 14:47:45", "elapsed": 9.420281, "delta": 0.137922}}
{"target": -20.93618900428351, "params": {"x0": 2.019696276750782, "x1": 0.18634644082199436, "x10": 0.2471315459393706, "x11": -4.642124446018162, "x12": -4.890555590433813, "x13": -1.9909075743813167, "x14": -4.554438914792258, "x15": 3.48778185314951, "x16": 3.00899932298557, "x17": -4.7145651058713955, "x18": -0.0977806671744963, "x19": 2.073852511793347, "x2": -0.851670775301681, "x3": -3.727588740318218, "x4": -0.019399520606896203, "x5": -2.542047347385946, "x6": 0.35789930510712864, "x7": 1.6473951969893799, "x8": 0.38166894707866206, "x9": -1.295761020209456}, "datetime": {"datetime": "2020-12-04 14:47:46", "elapsed": 9.541212, "delta": 0.120931}}
{"target": 133.42005628619773, "params": {"x0": -1.044743492782234, "x1": 1.0233779848436502, "x10": -0.83869985337956, "x11": -1.1033542816514563, "x12": -4.558581427903574, "x13": 4.530688288623917, "x14": -0.9821489452793939, "x15": 0.1799155968745172, "x16": 0.42449955005160867, "x17": -2.909150050496433, "x18": 0.39431219097474113, "x19": 1.369988924683156, "x2": -0.2831301063510203, "x3": -2.7022349493943363, "x4": -1.9534733705662264, "x5": -4.266787519488497, "x6": -1.8233985639782944, "x7": 0.25247191244365563, "x8": 2.6198546779891476, "x9": -1.8538743660083012}, "datetime": {"datetime": "2020-12-04 14:47:46", "elapsed": 9.668138, "delta": 0.126926}}
{"target": 256.8257067015748, "params": {"x0": 0.9950620645183017, "x1": 1.2637919792735701, "x10": -3.101592827756623, "x11": 1.814302306270812, "x12": 0.28972417667326944, "x13": 1.8470700037796313, "x14": 1.6306860367156526, "x15": 3.806374575847917, "x16": 1.4432329802760062, "x17": -0.8774485538277013, "x18": 1.4424476087320048, "x19": -2.731001899814923, "x2": 2.5483039492280586, "x3": -4.475549834246223, "x4": 2.065222204191092, "x5": 0.22489765055067146, "x6": 1.5616296687547173, "x7": -2.042953515753979, "x8": 1.39498946427463, "x9": -1.5746811536938}, "datetime": {"datetime": "2020-12-04 14:47:46", "elapsed": 9.80506, "delta": 0.136922}}
{"target": 268.9937823365112, "params": {"x0": 3.737877078682283, "x1": 1.3072310012466453, "x10": -2.528720130399895, "x11": 1.046923138690592, "x12": -0.9152945998297621, "x13": 0.7284335062608864, "x14": 1.0696899863700038, "x15": 3.7284744170810384, "x16": 1.0891471222569642, "x17": 1.601483506306577, "x18": 1.6115660492064539, "x19": -2.0432729840662245, "x2": -1.4755858187393378, "x3": -3.4301054855836046, "x4": -2.1805515625121163, "x5": -2.917128994541293, "x6": -0.5973744864270873, "x7": 0.25276725883184525, "x8": -3.560530790627723, "x9": -4.478811487364988}, "datetime": {"datetime": "2020-12-04 14:47:46", "elapsed": 9.960971, "delta": 0.155911}}
{"target": 190.61058095019547, "params": {"x0": 0.9937971896418238, "x1": 2.1649163495817936, "x10": -1.7316093818413036, "x11": -2.1466868191491004, "x12": -0.5355385458548776, "x13": 4.969892486854672, "x14": 0.29475320060845256, "x15": -0.9074475589631277, "x16": 3.008812373938836, "x17": -2.3420743007119382, "x18": -0.07542310674112152, "x19": 2.777174556072839, "x2": -1.3804663325141187, "x3": 1.4909680134113712, "x4": -4.145533353951127, "x5": -3.7767520637340257, "x6": -3.076343272213106, "x7": -2.613923262105012, "x8": -0.45094209440988564, "x9": -0.5182628731156314}, "datetime": {"datetime": "2020-12-04 14:47:46", "elapsed": 10.186566, "delta": 0.225595}}
{"target": 155.05973430324238, "params": {"x0": -0.047467945148423674, "x1": -3.812865371399062, "x10": 2.2461992883268724, "x11": -1.1709712753763037, "x12": -2.946965237573825, "x13": -3.2053078332134355, "x14": -4.032786650253319, "x15": -0.07313281629097634, "x16": -1.6675053382531848, "x17": -1.2785255515837424, "x18": -1.9013427716809295, "x19": 1.388049238780022, "x2": 4.71497310197311, "x3": -3.038583300486659, "x4": -1.2856159475283393, "x5": 3.2237090760074576, "x6": -4.900127041204128, "x7": -0.33174653830627143, "x8": 2.204672724640604, "x9": 1.1689265069226877}, "datetime": {"datetime": "2020-12-04 14:47:46", "elapsed": 10.333481, "delta": 0.146915}}
{"target": 260.2698054870603, "params": {"x0": -2.3780230702333616, "x1": -0.45430759491677186, "x10": -0.34136396500509214, "x11": 0.9809062594221114, "x12": -2.719402761636782, "x13": -0.7144529178851187, "x14": -3.8238503409996683, "x15": 1.1212641866186521, "x16": -3.362706378366618, "x17": 2.3308926463777446, "x18": 2.969031432730235, "x19": -3.2581426486008613, "x2": 0.24174649113264746, "x3": 0.3374090563594958, "x4": 1.7839149179966416, "x5": -3.6876219444321325, "x6": -4.505791710272661, "x7": -4.350392188390479, "x8": -0.3227904916238593, "x9": -2.2110456875199427}, "datetime": {"datetime": "2020-12-04 14:47:47", "elapsed": 10.482396, "delta": 0.148915}}
{"target": 353.5965297318713, "params": {"x0": 0.1126088802746743, "x1": -2.6831769482885814, "x10": -2.2273523243431024, "x11": -4.4353283770458045, "x12": -3.88610685304971, "x13": -1.7669287860712366, "x14": -4.030428965650509, "x15": 3.3363208748968205, "x16": -0.807105361791387, "x17": -2.429246075830238, "x18": 1.6421825136744452, "x19": -2.9235750079276057, "x2": -0.7257892472534042, "x3": -3.5334762559892163, "x4": -0.7911057289240899, "x5": -1.9240335334469885, "x6": 1.9109993554075686, "x7": -2.39784042364536, "x8": 1.572900057389032, "x9": -4.0524004149584245}, "datetime": {"datetime": "2020-12-04 14:47:47", "elapsed": 10.607324, "delta": 0.124928}}
{"target": 256.906387856187, "params": {"x0": 0.7699187521465483, "x1": 2.9302351392129946, "x10": 0.4384429450560443, "x11": 1.7740467298284894, "x12": -2.453308129714186, "x13": -2.1941165265437723, "x14": -3.780487817332765, "x15": 0.45459741912962404, "x16": 0.20647025626746185, "x17": 1.2741262972993646, "x18": 3.378521589037989, "x19": -4.035143386058156, "x2": -2.772736709823466, "x3": -0.5583910069226414, "x4": -0.7417360900963796, "x5": -1.6942698560446932, "x6": -0.7549478313045288, "x7": -4.467433409312356, "x8": -1.7194628683569588, "x9": -1.3108778321033454}, "datetime": {"datetime": "2020-12-04 14:47:47", "elapsed": 10.744246, "delta": 0.136922}}
{"target": 310.81308859825333, "params": {"x0": 2.1245998685713463, "x1": 1.223749752296719, "x10": -0.5038921496509765, "x11": -1.4797333259844816, "x12": -2.321082255555156, "x13": 0.22679465491521977, "x14": -0.973042518814978, "x15": -3.288688359162787, "x16": -0.026875520859512392, "x17": 0.19668524026548795, "x18": 2.619626066233902, "x19": -2.1130301679776595, "x2": -0.6289929450781004, "x3": 1.1700014650472372, "x4": -1.5065850297677121, "x5": -3.14973871456771, "x6": -0.5642473429424264, "x7": -0.17061059003094048, "x8": -3.660397464812968, "x9": -1.7544358496596333}, "datetime": {"datetime": "2020-12-04 14:47:47", "elapsed": 10.876171, "delta": 0.131925}}
{"target": 164.37711209794597, "params": {"x0": -2.5257415830010466, "x1": -2.38709425635847, "x10": 1.2645272217402805, "x11": -2.9609311633052093, "x12": -4.1921782007385335, "x13": -2.3825493652918093, "x14": -2.6989632289883527, "x15": 0.4669129113876105, "x16": -4.505769560330334, "x17": -0.7950611704020192, "x18": -0.7591709196409155, "x19": 1.4705919205424376, "x2": 2.434155265534298, "x3": -4.9331069235773315, "x4": 0.13248360476366994, "x5": 2.947752868258827, "x6": -4.091982373545684, "x7": 0.31183231892705354, "x8": -0.248710426865828, "x9": -1.417597495572922}, "datetime": {"datetime": "2020-12-04 14:47:47", "elapsed": 11.011093, "delta": 0.134922}}
{"target": 112.21220404383502, "params": {"x0": 0.19665231930464167, "x1": 1.4149025164965785, "x10": -2.4293646734686436, "x11": 2.7744421628238207, "x12": 3.60961042228581, "x13": 1.8185075538508446, "x14": 2.442770192314735, "x15": 3.282169235093882, "x16": 0.5918852612153316, "x17": -1.7996370865739908, "x18": 1.9449944167388384, "x19": -4.977305554510928, "x2": 0.46562398835732033, "x3": -4.003573001328137, "x4": 1.7804050107126468, "x5": -1.3971446435520782, "x6": 1.4553311603721664, "x7": -4.621729827646945, "x8": 1.601912037959087, "x9": 0.3264597876506752}, "datetime": {"datetime": "2020-12-04 14:47:47", "elapsed": 11.135023, "delta": 0.12393}}
{"target": 387.0745538720646, "params": {"x0": 1.8474635351169173, "x1": -2.0677620150641607, "x10": -3.336686330445663, "x11": 0.46675680220213955, "x12": -2.934568677141863, "x13": -0.9363048802235765, "x14": -0.05802411638852689, "x15": -4.396430081581545, "x16": 1.7616690972074647, "x17": -2.027451163691294, "x18": -0.3728873195268996, "x19": -2.882301031896729, "x2": 1.0198733814751133, "x3": -2.0211901989500403, "x4": -1.355752372158161, "x5": -2.588280451192376, "x6": 0.74784433448783, "x7": -2.4444545772109705, "x8": -2.5852157816060672, "x9": -1.8330796616045228}, "datetime": {"datetime": "2020-12-04 14:47:47", "elapsed": 11.280762, "delta": 0.145739}}
{"target": 116.18138648772663, "params": {"x0": 1.4270671656886291, "x1": -4.737330273232021, "x10": -1.837735298417118, "x11": -1.7252231159658526, "x12": -3.0563694784977216, "x13": -1.6157639383317068, "x14": -0.7415516530355903, "x15": -1.8243119341708178, "x16": -4.947636162141695, "x17": 0.36667816918643403, "x18": 1.3853215177693041, "x19": 0.8944789904425079, "x2": 2.507967984304857, "x3": -2.748837297369353, "x4": 1.9461201833837123, "x5": -4.611921406064444, "x6": 1.4949362718948045, "x7": -3.9773684747044102, "x8": -2.2287188949833325, "x9": -0.9354892856089592}, "datetime": {"datetime": "2020-12-04 14:47:47", "elapsed": 11.413686, "delta": 0.132924}}
{"target": 362.56830970296386, "params": {"x0": -0.14379420305496549, "x1": 1.6993239560550109, "x10": 1.6356190201979945, "x11": -2.646643305473708, "x12": -2.752580177798852, "x13": -2.783040338161089, "x14": -0.4084310032960916, "x15": 1.778251292653029, "x16": -0.5438015978517878, "x17": 2.3286493674255224, "x18": 2.783565261087518, "x19": -1.6105719991559573, "x2": 0.4320552775366231, "x3": -0.1499988900340572, "x4": -2.749639569964107, "x5": -0.2919215381574505, "x6": -2.049593283436575, "x7": -4.28912517871325, "x8": -2.5223093956921505, "x9": -2.051738066210768}, "datetime": {"datetime": "2020-12-04 14:47:48", "elapsed": 11.567598, "delta": 0.153912}}
{"target": 199.67416601198403, "params": {"x0": 0.25238068012161463, "x1": 3.8912976987329664, "x10": 0.14664538947978834, "x11": -2.8234738274093107, "x12": -0.10755451756403822, "x13": 0.6773742101068194, "x14": -1.2822134129086695, "x15": -4.8737512702331065, "x16": -0.2650037616872245, "x17": -0.02372067626311214, "x18": 0.8181505529122397, "x19": -3.8986840999519865, "x2": 1.9418828906206134, "x3": 2.105958198134646, "x4": -2.15555541426641, "x5": -2.283189196510439, "x6": -2.6845681285918834, "x7": 0.7200571819118373, "x8": -3.267103264089032, "x9": -1.804175113011918}, "datetime": {"datetime": "2020-12-04 14:47:48", "elapsed": 11.70452, "delta": 0.136922}}
{"target": 282.32092601043263, "params": {"x0": -3.026843739419689, "x1": 1.347614090787487, "x10": 1.6508809973058618, "x11": 1.5104319806047624, "x12": -1.8901340128763544, "x13": 1.1262745988331897, "x14": 0.8251366859597038, "x15": 1.1917107670370273, "x16": -3.5247835415936657, "x17": -0.13400923537154608, "x18": 2.995989968436964, "x19": -2.881466303187529, "x2": 0.008619917644069552, "x3": -2.2762953286956744, "x4": -2.720474412135002, "x5": -4.344497054898369, "x6": -3.7100742945368728, "x7": -4.207936918012848, "x8": -0.014554286009832218, "x9": 3.949606665194011}, "datetime": {"datetime": "2020-12-04 14:47:48", "elapsed": 11.873424, "delta": 0.168904}}
{"target": 262.3809020553262, "params": {"x0": 1.0165585437566307, "x1": -1.4367300661496563, "x10": 0.36008425973058955, "x11": 0.04047793144124334, "x12": -4.105407200430263, "x13": 1.3470064175784078, "x14": -4.628243283856973, "x15": -1.1262206079932535, "x16": -1.8381904067466728, "x17": 2.43575882107001, "x18": 2.921200536331554, "x19": -1.4692631029551393, "x2": 1.880038498649955, "x3": -3.139446861647653, "x4": -0.17000557195801047, "x5": -1.6029740013945517, "x6": -0.22215074544196867, "x7": -3.426662055272814, "x8": -1.6749489942061446, "x9": -2.261597557304107}, "datetime": {"datetime": "2020-12-04 14:47:48", "elapsed": 12.032332, "delta": 0.158908}}
{"target": 359.51683868321174, "params": {"x0": -1.305011738654752, "x1": 2.479414215450541, "x10": 1.9238367688411495, "x11": -1.1248274961941673, "x12": -0.5043677165888036, "x13": -2.0040226156003804, "x14": -0.6194831459742636, "x15": 2.3361828206894417, "x16": -1.910720428313998, "x17": 2.9305185622375305, "x18": 0.17891139384236077, "x19": 0.3202169675187321, "x2": -2.546903634736072, "x3": 1.8738000531565904, "x4": -1.5347517337193928, "x5": -0.7293633821906518, "x6": -3.1257431147441306, "x7": -2.533551920410888, "x8": -0.7378457878679692, "x9": -1.3745442015004974}, "datetime": {"datetime": "2020-12-04 14:47:48", "elapsed": 12.185244, "delta": 0.152912}}
{"target": 123.4144727875567, "params": {"x0": 0.8603423320457768, "x1": -0.7527486634967264, "x10": 2.4896944604024718, "x11": -3.498129358095776, "x12": 0.058659338325240284, "x13": -4.892473198914333, "x14": 0.4349211643607953, "x15": 3.2313228732817674, "x16": 0.17017859372793342, "x17": 3.7064039052550672, "x18": 3.5532910507325504, "x19": -4.830656234541491, "x2": 0.9456171792575461, "x3": -0.913498108039823, "x4": -4.104010822690599, "x5": -2.1076759118934385, "x6": -2.7716838336682947, "x7": -3.1605999274525596, "x8": -1.151122385556358, "x9": -2.603984007351039}, "datetime": {"datetime": "2020-12-04 14:47:48", "elapsed": 12.33216, "delta": 0.146916}}
{"target": 322.17052972843135, "params": {"x0": 2.6426869848077352, "x1": -1.858770937197133, "x10": -3.259878429810914, "x11": 3.234642402697835, "x12": -0.5475318207168787, "x13": 0.8960671419676878, "x14": 0.7447206084001392, "x15": 2.308401229412798, "x16": -1.5524410471118042, "x17": 1.2980714559305557, "x18": -0.3137461112803388, "x19": -1.5338119666433006, "x2": -0.5548879525560437, "x3": -1.4773282734819593, "x4": 3.0198129659848263, "x5": -4.5262959200016, "x6": 1.9909996735210953, "x7": -3.0295395664947797, "x8": -1.8773544171659684, "x9": -2.296017312591073}, "datetime": {"datetime": "2020-12-04 14:47:49", "elapsed": 12.500064, "delta": 0.167904}}
{"target": 145.18237443948144, "params": {"x0": -0.6442156392957887, "x1": -1.8397551430542425, "x10": 0.45090205309937303, "x11": -1.0737426629027258, "x12": -1.851132761234866, "x13": -0.5344292867597824, "x14": -1.0067709841892434, "x15": -4.4514282051902, "x16": -0.37893741895587496, "x17": -0.2308685452784811, "x18": 2.270473118174361, "x19": 0.4243354156604484, "x2": 3.0038181735031895, "x3": -2.0160468578551463, "x4": -1.7315180763981597, "x5": -4.956538992512403, "x6": -2.627216100347715, "x7": 0.7731037018589682, "x8": -2.7979885114161673, "x9": 0.050015368684956485}, "datetime": {"datetime": "2020-12-04 14:47:49", "elapsed": 12.638984, "delta": 0.13892}}
{"target": 339.5882478538843, "params": {"x0": -0.6205577532536637, "x1": 2.8639890053167125, "x10": 3.3090452366643035, "x11": 1.2350479123087847, "x12": -2.799377589945984, "x13": -1.1786220325356647, "x14": -1.6471409370269061, "x15": 3.6775076717204094, "x16": -2.6958958940607913, "x17": 2.6561825370413628, "x18": 1.4629338497459488, "x19": -2.5701527848387085, "x2": -1.1703415324365118, "x3": 3.593096689376196, "x4": -1.4099770765775377, "x5": 0.32722666401137435, "x6": -2.4332957926969367, "x7": -0.5159378850381282, "x8": -0.9121478112307537, "x9": 0.18374688270324402}, "datetime": {"datetime": "2020-12-04 14:47:49", "elapsed": 12.788749, "delta": 0.149765}}
{"target": 53.25364454525164, "params": {"x0": 0.8281707224113175, "x1": 1.7558119616653043, "x10": -0.0720821160261309, "x11": 0.985235467354002, "x12": -4.3231642089563, "x13": -2.1745523101625173, "x14": -4.459888292815307, "x15": -0.6176194300875428, "x16": -0.30538509631425814, "x17": 0.7986840899493952, "x18": 1.9614778782171216, "x19": 1.102408001392944, "x2": 0.9785348121308086, "x3": -4.402167485477965, "x4": 3.911032085896343, "x5": -0.20887914695920795, "x6": 0.9446604216527108, "x7": -0.12501000033073417, "x8": -3.7966814438604732, "x9": -0.1214462548278501}, "datetime": {"datetime": "2020-12-04 14:47:49", "elapsed": 12.929668, "delta": 0.140919}}
