{"target": 160.40672148792018, "params": {"x0": -0.8297799529742598, "x1": 2.2032449344215808, "x10": -4.998856251826551, "x11": -1.9766742736816023, "x12": -3.5324410918288693, "x13": -4.0766140523120225, "x14": -3.137397886223291, "x15": -1.5443927295695223, "x16": -1.0323252576933006, "x17": 0.38816734003356945, "x18": -0.8080548559670522, "x19": 1.8521950039675952, "x2": -2.9554775026848255, "x3": 3.7811743639094537, "x4": -4.726124068020738, "x5": 1.704675101784022, "x6": -0.8269519763287301, "x7": 0.5868982844575168, "x8": -3.596130614047662, "x9": -3.0189851091512123}, "datetime": {"datetime": "2020-12-04 14:47:36", "elapsed": 0.0, "delta": 0.0}}
{"target": -32.383541219150516, "params": {"x0": 3.007445686755366, "x1": 4.682615757193975, "x10": -1.8657582184075716, "x11": 1.9232261566931408, "x12": 3.7638915229603835, "x13": 3.9460666350384734, "x14": -4.149557886302221, "x15": -4.609452167671177, "x16": -3.3016958043543108, "x17": 3.7814250342941307, "x18": -4.016531661669499, "x19": -0.7889237499494781, "x2": 4.578895301505019, "x3": 0.33165284973017073, "x4": 1.9187711395047335, "x5": -1.8448436899393705, "x6": 1.8650092768158366, "x7": 3.346256718973729, "x8": -4.817117226558082, "x9": 2.501443149449675}, "datetime": {"datetime": "2020-12-04 14:47:36", "elapsed": 0.000999, "delta": 0.000999}}
{"target": 182.74874597282468, "params": {"x0": -2.9210602000628336, "x1": 2.7427021268059173, "x10": 1.6272386496343003, "x11": 3.4794910070623697, "x12": 4.447391828976997, "x13": 3.8995821061806986, "x14": -1.240126102196263, "x15": -1.2723419936740799, "x16": -3.8656976447951674, "x17": 2.651440415536838, "x18": -0.8755370874501605, "x19": -3.3427988722180557, "x2": 1.376771135824506, "x3": -2.564837253391988, "x4": 0.5136083885776852, "x5": 4.54131452525492, "x6": -4.229042911394883, "x7": 1.6788893899065727, "x8": 2.7339466768072604, "x9": -0.6753013936257606}, "datetime": {"datetime": "2020-12-04 14:47:36", "elapsed": 0.056521, "delta": 0.055522}}
{"target": 210.82383404500536, "params": {"x0": 0.7244777899524824, "x1": -0.10431741114268345, "x10": 2.205666766643416, "x11": -2.9161726511256, "x12": -4.548878940391666, "x13": -2.6891988517257714, "x14": 0.586443818793704, "x15": -3.978253499223483, "x16": 0.41346247982930073, "x17": -0.38662952517266547, "x18": -3.809513830823521, "x19": -2.7119529927750463, "x2": 4.507414783423467, "x3": -3.518821860915222, "x4": -3.547997187343727, "x5": 3.559089400887107, "x6": -0.36425286127612555, "x7": -1.3659273774691858, "x8": 1.381582232511347, "x9": -1.798635332246703}, "datetime": {"datetime": "2020-12-04 14:47:36", "elapsed": 0.113489, "delta": 0.056968}}
{"target": 358.8968145993777, "params": {"x0": 0.7617424059409315, "x1": -2.5061387304604366, "x10": 1.390741789697726, "x11": -4.562736968388579, "x12": -3.0472816967328042, "x13": -4.597190229448037, "x14": -3.060300435461898, "x15": -3.1258902133478883, "x16": -1.7367960986941808, "x17": 1.7188973659795534, "x18": -0.4474016223349828, "x19": -1.860796536403667, "x2": 2.837511560263609, "x3": -3.4433288867845633, "x4": -2.8155374945775713, "x5": -0.03122860559783014, "x6": -1.4711228714925095, "x7": -2.684226624374247, "x8": -1.5305744443239577, "x9": -2.2395674099424747}, "datetime": {"datetime": "2020-12-04 14:47:36", "elapsed": 0.173454, "delta": 0.059965}}
{"target": 359.09685234423904, "params": {"x0": 0.760474934834839, "x1": -2.498041399908047, "x10": 1.4094294102789227, "x11": -4.5578641336658965, "x12": -3.0673857229668022, "x13": -4.589815713573573, "x14": -3.0261189863385325, "x15": -3.1335972753118138, "x16": -1.7167246077560296, "x17": 1.69931960202704, "x18": -0.4730870599739103, "x19": -1.874207684701228, "x2": 2.857325317006497, "x3": -3.456892071485632, "x4": -2.8249771865077875, "x5": 0.00130936932741249, "x6": -1.4659770486647459, "x7": -2.68287204733509, "x8": -1.4979134681062531, "x9": -2.2399736619071366}, "datetime": {"datetime": "2020-12-04 14:47:37", "elapsed": 1.037815, "delta": 0.864361}}
{"target": 361.05147613509376, "params": {"x0": 0.7703245472450575, "x1": -2.4892143851198654, "x10": 1.4177023990548705, "x11": -4.550424936437015, "x12": -3.061743564055043, "x13": -4.576450066074701, "x14": -3.017809876059856, "x15": -3.1384277788704664, "x16": -1.7131284562296327, "x17": 1.7051242133549225, "x18": -0.48294067015989167, "x19": -1.8804866829243152, "x2": 2.8755091287493673, "x3": -3.464988920580018, "x4": -2.817375186565167, "x5": 0.005437255410007738, "x6": -1.4561600449500332, "x7": -2.67929971548628, "x8": -1.4900104889956094, "x9": -2.231054526067779}, "datetime": {"datetime": "2020-12-04 14:47:39", "elapsed": 3.059216, "delta": 2.021401}}
{"target": 25.32205291605529, "params": {"x0": 2.7874031745680847, "x1": 3.338617180376435, "x10": -2.98622006062212, "x11": 1.1085077757719937, "x12": 3.8951220299437104, "x13": -2.711550070414457, "x14": 0.43652688331581757, "x15": 2.9885404805774485, "x16": -1.277678186974398, "x17": -4.980713531019737, "x18": -0.17547559709781346, "x19": 0.9532907725308792, "x2": 0.7037548011629688, "x3": 4.92893291342998, "x4": 1.558773758420001, "x5": -4.343925460520605, "x6": -0.2335234640576802, "x7": 1.0855616163258759, "x8": -2.724537035264186, "x9": 3.148756925799418}, "datetime": {"datetime": "2020-12-04 14:47:39", "elapsed": 3.120165, "delta": 0.060949}}
{"target": 251.4302565789187, "params": {"x0": 0.7062696443145766, "x1": 2.175119094334929, "x10": -1.2439265875031689, "x11": -3.4977802504932276, "x12": -3.119667543835838, "x13": -1.5157619540193048, "x14": -0.29744391810824666, "x15": -1.3771778891720698, "x16": -1.8173606675819496, "x17": 2.6679593930576413, "x18": -2.2841344010291675, "x19": 1.367108695430728, "x2": 4.400390923193044, "x3": -4.811496333166315, "x4": -2.0164753202527796, "x5": 1.0994871879934536, "x6": -3.190947643405048, "x7": -3.44467434716956, "x8": -0.18846996933306404, "x9": -1.4983402749517571}, "datetime": {"datetime": "2020-12-04 14:47:39", "elapsed": 3.187126, "delta": 0.066961}}
{"target": 368.721671882219, "params": {"x0": 2.0624880783644315, "x1": -2.1967429136694694, "x10": -1.9376059988106098, "x11": -4.428571264151854, "x12": -4.0442839194921945, "x13": -3.070675464727742, "x14": -2.3208053716765296, "x15": -4.340185889504962, "x16": -1.4045234111209162, "x17": 3.0793182413157147, "x18": 1.0530236468143963, "x19": -2.4558974291893887, "x2": 3.1235675037323105, "x3": -2.4356347606413973, "x4": -0.3903468280587301, "x5": 0.04076271534307008, "x6": -3.730790458220538, "x7": -2.1166754368439067, "x8": 2.589074955630891, "x9": -1.8387142511033283}, "datetime": {"datetime": "2020-12-04 14:47:39", "elapsed": 3.254104, "delta": 0.066978}}
{"target": 256.70566729690574, "params": {"x0": -0.29594293305229247, "x1": -3.439490499625155, "x10": 4.062653324663497, "x11": -3.6390237873475604, "x12": -3.2007257985973347, "x13": -1.2303302711891484, "x14": -0.35938069777551984, "x15": -4.897921593159213, "x16": -1.3911001266772525, "x17": 1.3580341220090428, "x18": -1.2588487972663986, "x19": -0.2238153582086415, "x2": 0.376972634020186, "x3": -3.020992660705042, "x4": -3.905544134759733, "x5": 2.581586855354626, "x6": 1.923198936939703, "x7": -3.1221632316652737, "x8": 2.2674866173868855, "x9": -2.8944786957959967}, "datetime": {"datetime": "2020-12-04 14:47:39", "elapsed": 3.322049, "delta": 0.067945}}
{"target": 142.37501158629183, "params": {"x0": 1.905076291742108, "x1": -0.15853623561764252, "x10": -0.9837969119779144, "x11": -3.27992729965227, "x12": -1.381785494147966, "x13": -3.3995787834743005, "x14": 0.7068793590635227, "x15": -4.621444478333954, "x16": 3.7467483943945297, "x17": 4.890734667588198, "x18": -1.0037578354180807, "x19": -2.1724620016025, "x2": 4.062075765175178, "x3": -2.779520730753765, "x4": 0.5443615854039994, "x5": -0.4153934910109536, "x6": -2.620329166879496, "x7": -2.2179359843225575, "x8": 0.9106956632607632, "x9": -3.616516272379069}, "datetime": {"datetime": "2020-12-04 14:47:39", "elapsed": 3.391009, "delta": 0.06896}}
{"target": 215.36024693649114, "params": {"x0": -2.69017840250358, "x1": -1.7506372503484746, "x10": -0.47542107400542744, "x11": -0.5879922235404642, "x12": 0.6140925325773585, "x13": -3.779494388724446, "x14": -4.6267509407351595, "x15": -1.679296433858608, "x16": -1.963916540633054, "x17": 1.3348954702483153, "x18": -0.397272694875932, "x19": -2.756961552682642, "x2": 1.4079642988355339, "x3": -2.010008678759089, "x4": -4.158145802924062, "x5": 2.2053357511243004, "x6": -3.356656639631926, "x7": -4.745456827829121, "x8": -1.2237513898887862, "x9": -3.8271091585628247}, "datetime": {"datetime": "2020-12-04 14:47:39", "elapsed": 3.464903, "delta": 0.073894}}
{"target": 348.6744119266988, "params": {"x0": 1.1462985303140112, "x1": -0.3720946493217596, "x10": 0.07841560618861365, "x11": -1.4560125711065441, "x12": -3.189623022802812, "x13": -1.2577242620236162, "x14": -2.9977924159378766, "x15": 0.5552076036468101, "x16": -0.6669787977580555, "x17": 0.37111783713340873, "x18": 1.4707983803746956, "x19": -1.7057096622367443, "x2": 2.363281524530123, "x3": -2.099336328031154, "x4": -1.3185493054795492, "x5": -2.5122179265210343, "x6": -1.9843809323201764, "x7": -3.886107112301173, "x8": -2.026685673918908, "x9": -0.8969210719599552}, "datetime": {"datetime": "2020-12-04 14:47:40", "elapsed": 3.545217, "delta": 0.080314}}
{"target": 66.25908894124493, "params": {"x0": 3.2866785616493175, "x1": 1.2466862512393533, "x10": 2.0612511955081274, "x11": -3.1231596213272805, "x12": -2.380022161694515, "x13": 0.623802605704249, "x14": -1.3049977120629563, "x15": 0.9729278807945017, "x16": 1.061633219037791, "x17": 4.786196990340006, "x18": 0.1602595581774473, "x19": -2.0783057456690814, "x2": 1.125295631231812, "x3": -0.5283435706112218, "x4": -0.3307342617508713, "x5": -2.8299524109340526, "x6": 0.06215207057076899, "x7": -4.558420723332421, "x8": -4.744473537958093, "x9": -1.9204209944460873}, "datetime": {"datetime": "2020-12-04 14:47:40", "elapsed": 3.621172, "delta": 0.075955}}
{"target": 306.4086115209599, "params": {"x0": -1.715007540539558, "x1": 0.7642242373491595, "x10": 1.9891150212236504, "x11": -0.6552394067185219, "x12": -2.8815189420313105, "x13": -3.203988709524702, "x14": -2.000993195119368, "x15": 0.5692216765898426, "x16": -1.8580142239387323, "x17": 2.7081061500863033, "x18": 3.748041361197968, "x19": -2.43406325796246, "x2": -1.1927057851424583, "x3": -0.9362522948101635, "x4": 0.31496397014930455, "x5": -2.9885446854402673, "x6": -2.713642595865079, "x7": -4.718560242878103, "x8": -0.7589089034841212, "x9": 1.370612900591949}, "datetime": {"datetime": "2020-12-04 14:47:40", "elapsed": 3.691133, "delta": 0.069961}}
{"target": -19.08135997252296, "params": {"x0": -2.02311454021178, "x1": -3.510175479498403, "x10": -4.21926883416411, "x11": -1.5108729140467512, "x12": -4.55485344774157, "x13": -2.798229586781252, "x14": -1.1743287111783451, "x15": -4.927872703060334, "x16": -0.05939129537275356, "x17": 4.308842682948171, "x18": -0.5487997910144093, "x19": -2.4599305352632705, "x2": 2.2753268699957943, "x3": -4.939086171372128, "x4": -0.10044366685435069, "x5": -1.2250087960248104, "x6": -4.409397510881941, "x7": -0.21209705993693628, "x8": 3.3040292891553165, "x9": -2.0643829570917105}, "datetime": {"datetime": "2020-12-04 14:47:40", "elapsed": 3.777084, "delta": 0.085951}}
{"target": 304.1737211296458, "params": {"x0": 0.9161485602030375, "x1": -1.1434257367565537, "x10": -2.396902355771294, "x11": -1.771898519580498, "x12": -3.95798477421173, "x13": -0.12045370475512929, "x14": -0.7973056245811758, "x15": 1.4078732849261577, "x16": -0.20555855843044846, "x17": -2.4709639469931455, "x18": 2.353207298410334, "x19": -1.5332882189544508, "x2": 0.7455483164927346, "x3": -3.579279743541007, "x4": -0.34550387388791215, "x5": -1.7231976345750577, "x6": 2.236053931426211, "x7": -2.087238582014097, "x8": -0.4890472666083756, "x9": -0.6009416499696139}, "datetime": {"datetime": "2020-12-04 14:47:40", "elapsed": 3.852041, "delta": 0.074957}}
{"target": 322.88332508464845, "params": {"x0": 2.9933496387047276, "x1": -1.7911267170872716, "x10": -1.2703855427164146, "x11": -3.1118262098972913, "x12": -3.3786850141648674, "x13": -0.0661031756264352, "x14": -3.6721788853555895, "x15": 2.1705848102682435, "x16": 2.365323768184907, "x17": -4.153374640479601, "x18": -0.09962550665801473, "x19": 1.1273159102954509, "x2": 1.0786811525476194, "x3": -1.9043701940536617, "x4": -0.6326649095178238, "x5": -2.3473481248402948, "x6": 2.7720306493014437, "x7": -0.9238683680414965, "x8": 0.31643255063641895, "x9": 0.7539188069842204}, "datetime": {"datetime": "2020-12-04 14:47:40", "elapsed": 3.932156, "delta": 0.080115}}
{"target": 278.7268066788031, "params": {"x0": -0.4759465221771091, "x1": -1.1938631857031567, "x10": 3.3623343789967635, "x11": -3.0585221797063387, "x12": -3.2134880883050707, "x13": -0.4597047819910527, "x14": 0.8246284933112289, "x15": -1.3063567654169548, "x16": -0.7175501424486743, "x17": -1.9269738477511336, "x18": -0.329491014482846, "x19": 1.462468871987487, "x2": 0.3390842768794302, "x3": -4.008317978049746, "x4": -0.7269796182957355, "x5": 2.309046145412906, "x6": 4.20607176154857, "x7": -2.2586796983911905, "x8": 2.123098662923674, "x9": -2.282240135483896}, "datetime": {"datetime": "2020-12-04 14:47:40", "elapsed": 4.023104, "delta": 0.090948}}
{"target": 239.50346178281524, "params": {"x0": 0.24682763314998013, "x1": -1.5357138896510647, "x10": 2.528830109264243, "x11": 1.2768387524706624, "x12": -2.8025770766633196, "x13": -0.5461151292698263, "x14": -0.0062935625802573725, "x15": 1.2989075296057706, "x16": 0.0472085365390571, "x17": -3.9117529247663962, "x18": 2.885285064489582, "x19": -4.320240416661751, "x2": -0.18130276358252484, "x3": -3.6734391286777224, "x4": -1.0497740155705202, "x5": -0.30899222670971316, "x6": 0.9273537420649012, "x7": -1.9536350549002037, "x8": -1.9551686819874403, "x9": 1.3751478052216584}, "datetime": {"datetime": "2020-12-04 14:47:40", "elapsed": 4.101059, "delta": 0.077955}}
{"target": 236.412206526261, "params": {"x0": -1.2164392333225083, "x1": 4.418492274537421, "x10": 3.32459886925915, "x11": 1.825902328545526, "x12": -0.18549272639370784, "x13": -3.7446645129031575, "x14": -1.8923576572508551, "x15": -0.1717531205901368, "x16": -1.0444336402702459, "x17": 2.922358233816528, "x18": 4.9278482657837674, "x19": -3.444072204585721, "x2": -2.692360810339106, "x3": -1.5856882232439427, "x4": 1.2831853842547112, "x5": -2.755413465461829, "x6": -3.4070001971199613, "x7": -3.4736960577268263, "x8": -3.5731876758914627, "x9": 2.299170946815061}, "datetime": {"datetime": "2020-12-04 14:47:40", "elapsed": 4.181014, "delta": 0.079955}}
{"target": 283.9770387286293, "params": {"x0": 2.4732413759163627, "x1": -0.559822634381848, "x10": -2.095496855649921, "x11": -2.6590065515848327, "x12": -1.6720478714392586, "x13": 3.0224912111275017, "x14": -0.744820962984897, "x15": 1.9443401115153547, "x16": 1.2502398016429819, "x17": -4.039423041439212, "x18": -0.856981187598084, "x19": 1.6471230391026879, "x2": -1.624062904164835, "x3": 0.5613398970420649, "x4": -0.5917738612926762, "x5": -2.0867631484614266, "x6": -0.7844865679069777, "x7": 0.3928046345266303, "x8": 1.155588118061356, "x9": -0.8475921935164461}, "datetime": {"datetime": "2020-12-04 14:47:40", "elapsed": 4.262557, "delta": 0.081543}}
{"target": 220.67422097734757, "params": {"x0": 0.6141947474628253, "x1": 0.9754316525608333, "x10": -1.7202673696554882, "x11": -0.25754574661333773, "x12": -2.370906332490299, "x13": 0.7493285727642611, "x14": -2.0859939980906193, "x15": 1.4687465084157196, "x16": -0.374108533669796, "x17": -3.5822120506738084, "x18": 4.8162089735440645, "x19": -0.24292108812818292, "x2": 2.2664216565933923, "x3": -2.7336383785500473, "x4": 2.4560099183097437, "x5": -3.009624304963948, "x6": 1.0297475511446557, "x7": -0.6390336034245605, "x8": 2.348381268441866, "x9": -1.3609866100343138}, "datetime": {"datetime": "2020-12-04 14:47:40", "elapsed": 4.347508, "delta": 0.084951}}
{"target": 298.37432883894434, "params": {"x0": -1.4892326109448706, "x1": -2.7315546329424834, "x10": 3.567734061544055, "x11": -3.6907659303398233, "x12": -4.10931335043623, "x13": -1.8603713921848755, "x14": -1.8216099184244792, "x15": -1.7121574122224734, "x16": -0.643248326906452, "x17": 1.0355687429734743, "x18": 1.4642297574213226, "x19": 1.8970552244425773, "x2": 0.8575972027014576, "x3": -3.8116127665314528, "x4": -4.528844954914058, "x5": 0.2812794748789562, "x6": -1.2431231883893479, "x7": -1.6945776915060629, "x8": -1.7614155541061893, "x9": -2.4176449412015657}, "datetime": {"datetime": "2020-12-04 14:47:40", "elapsed": 4.43246, "delta": 0.084952}}
{"target": 262.70647072686864, "params": {"x0": -0.09769037597093888, "x1": -3.326523861127103, "x10": 0.8392917088798866, "x11": -4.323950477705152, "x12": -2.371396546962302, "x13": -3.010202570549736, "x14": -4.898030807477275, "x15": 0.27659416855131447, "x16": -1.8199294488345386, "x17": -0.6525489885315388, "x18": -1.1699844475864998, "x19": 0.9155441137496245, "x2": 2.5976421339408997, "x3": -2.829252723706286, "x4": -2.049864339008225, "x5": 3.3255184922675447, "x6": -2.5354774980584183, "x7": -1.5283747813892656, "x8": -0.5823858659577343, "x9": -1.8565796302297666}, "datetime": {"datetime": "2020-12-04 14:47:41", "elapsed": 4.528406, "delta": 0.095946}}
{"target": 191.89205377881166, "params": {"x0": 2.168042323508816, "x1": 0.09526890629176243, "x10": 1.7708977204880743, "x11": -1.3021582452784797, "x12": -0.32522116735267037, "x13": 1.9129818071476459, "x14": -1.4232425603165288, "x15": 2.71888900779878, "x16": 2.3156055001053932, "x17": -4.234547549234204, "x18": 1.1691478971678144, "x19": 2.2417859491732406, "x2": 1.035563138601204, "x3": 0.09785916251616023, "x4": -0.5063674574543704, "x5": -1.789031199274648, "x6": 0.5490928542632574, "x7": 1.6978453142253151, "x8": 4.150568789835097, "x9": 0.9434981401402034}, "datetime": {"datetime": "2020-12-04 14:47:41", "elapsed": 4.610359, "delta": 0.081953}}
{"target": 238.1430186425125, "params": {"x0": 1.7258324447250892, "x1": -0.9168683911739457, "x10": -2.038658128465014, "x11": -0.0016107651166379355, "x12": -1.6294494920681766, "x13": 1.4924708378599192, "x14": -1.950505942476827, "x15": 3.788017308915313, "x16": -0.9750706471286623, "x17": -3.6531619918486937, "x18": 4.179402871680399, "x19": -1.3490948235252, "x2": -0.15191038463543727, "x3": -2.3539624348676416, "x4": -1.7493469186887776, "x5": -4.32376765725771, "x6": 0.37960896735829763, "x7": -0.14279951264414414, "x8": -0.8910373238181579, "x9": -2.5444854514064232}, "datetime": {"datetime": "2020-12-04 14:47:41", "elapsed": 4.72929, "delta": 0.118931}}
{"target": 126.36604854283875, "params": {"x0": 1.9616444043349999, "x1": -0.9011443556086931, "x10": -0.33862680180647775, "x11": -4.530277112983386, "x12": -3.531611949475204, "x13": 1.6072182866242732, "x14": -0.496015708675543, "x15": 0.22176045736369332, "x16": -0.4979790371653454, "x17": -1.6138155394690648, "x18": 1.4395436497294174, "x19": -0.9202544333395739, "x2": 3.440533620839078, "x3": -4.860484850630255, "x4": 2.3842665808558134, "x5": -2.809720729388779, "x6": 1.5584000307994836, "x7": -0.9022225432495805, "x8": 0.5292110255836402, "x9": -1.4899277642316724}, "datetime": {"datetime": "2020-12-04 14:47:41", "elapsed": 4.846223, "delta": 0.116933}}
{"target": 261.8459533679948, "params": {"x0": 0.5857103001799038, "x1": 0.06938254849062986, "x10": -0.1257394467423527, "x11": -1.659272799943694, "x12": 0.4591191345113712, "x13": 1.5976655104334734, "x14": -2.406498174834809, "x15": -1.1354188591974745, "x16": -1.8121454965743622, "x17": -1.7510606522858918, "x18": 0.5941111856298322, "x19": -1.189469287068119, "x2": 2.1226053885714267, "x3": -1.1901553525783726, "x4": 0.2879028933743486, "x5": -2.7458636291353655, "x6": 0.5589531835160031, "x7": -3.3133712577770047, "x8": 0.522341865836264, "x9": -0.3488166379452773}, "datetime": {"datetime": "2020-12-04 14:47:41", "elapsed": 4.944166, "delta": 0.097943}}
{"target": 131.80085759575616, "params": {"x0": 4.721552343770258, "x1": -3.2677301243649817, "x10": -0.5012734982569702, "x11": -2.324441468243487, "x12": -2.382453902143461, "x13": -2.0183234946576665, "x14": -3.3801485620495453, "x15": 0.1821460930707719, "x16": 4.133021905646416, "x17": -2.747435266238072, "x18": 1.7915365109872674, "x19": -2.656902657731437, "x2": 4.407754604763719, "x3": -2.957934358569151, "x4": -2.0904405268771464, "x5": -0.7298248515568648, "x6": 4.624616085294473, "x7": 0.8643103763232398, "x8": -0.035499452045460345, "x9": 0.5869220350288051}, "datetime": {"datetime": "2020-12-04 14:47:41", "elapsed": 5.028119, "delta": 0.083953}}
{"target": 216.68499694613385, "params": {"x0": -0.7795316041326057, "x1": 1.6625836666408977, "x10": 1.3515985427471433, "x11": 0.48297212104365084, "x12": -4.3437501199984485, "x13": -1.4554594594157386, "x14": -1.8164771635827561, "x15": -1.1275737137862798, "x16": -3.0824662731835515, "x17": 1.474937892963978, "x18": 0.2708796873473043, "x19": -2.1296089505950166, "x2": 3.561428802784304, "x3": -1.3404193869435996, "x4": 0.4644833375934754, "x5": 1.4131135996705568, "x6": -0.0420424698676527, "x7": -4.15049940657283, "x8": -1.5855136835110706, "x9": -0.6302685457824371}, "datetime": {"datetime": "2020-12-04 14:47:41", "elapsed": 5.113073, "delta": 0.084954}}
